<?xml version="1.0" encoding="utf-8"?><testsuites name="pytest tests"><testsuite name="pytest" errors="0" failures="0" skipped="0" tests="51" time="31.079" timestamp="2026-03-07T15:10:02.328309+00:00" hostname="agent-env-decee466-a110-495d-afbf-630aad0be0a0"><testcase classname="backend.tests.test_sevora_api.TestHealthAndSetup" name="test_health_endpoint" time="0.186" /><testcase classname="backend.tests.test_sevora_api.TestAuthentication" name="test_login_admin_user" time="0.333" /><testcase classname="backend.tests.test_sevora_api.TestAuthentication" name="test_login_invalid_credentials" time="0.108" /><testcase classname="backend.tests.test_sevora_api.TestAuthentication" name="test_registration_flow" time="0.329" /><testcase classname="backend.tests.test_sevora_api.TestAuthentication" name="test_get_me_endpoint" time="0.437" /><testcase classname="backend.tests.test_sevora_api.TestAuthentication" name="test_get_auth_config" time="0.112" /><testcase classname="backend.tests.test_sevora_api.TestMarketingInfluencers" name="test_list_influencers" time="0.461" /><testcase classname="backend.tests.test_sevora_api.TestMarketingInfluencers" name="test_create_influencer" time="0.110" /><testcase classname="backend.tests.test_sevora_api.TestMarketingInfluencers" name="test_search_influencers" time="0.099" /><testcase classname="backend.tests.test_sevora_api.TestMarketingInfluencers" name="test_filter_influencers_by_city" time="0.116" /><testcase classname="backend.tests.test_sevora_api.TestMarketingCampaigns" name="test_list_campaigns" time="0.417" /><testcase classname="backend.tests.test_sevora_api.TestMarketingCampaigns" name="test_create_campaign" time="0.116" /><testcase classname="backend.tests.test_sevora_api.TestMarketingOutreach" name="test_list_outreach" time="0.424" /><testcase classname="backend.tests.test_sevora_api.TestMarketingOutreach" name="test_create_outreach" time="0.243" /><testcase classname="backend.tests.test_sevora_api.TestMarketingNegotiations" name="test_list_negotiations" time="0.445" /><testcase classname="backend.tests.test_sevora_api.TestMarketingNegotiations" name="test_create_negotiation" time="0.233" /><testcase classname="backend.tests.test_sevora_api.TestMarketingDashboard" name="test_marketing_dashboard" time="0.471" /><testcase classname="backend.tests.test_sevora_api.TestSalesLeads" name="test_list_leads" time="0.478" /><testcase classname="backend.tests.test_sevora_api.TestSalesLeads" name="test_create_lead" time="0.137" /><testcase classname="backend.tests.test_sevora_api.TestSalesLeads" name="test_update_lead_stage" time="0.237" /><testcase classname="backend.tests.test_sevora_api.TestSalesLeads" name="test_search_leads" time="0.099" /><testcase classname="backend.tests.test_sevora_api.TestSalesCustomers" name="test_list_customers" time="0.444" /><testcase classname="backend.tests.test_sevora_api.TestSalesCustomers" name="test_create_customer" time="0.123" /><testcase classname="backend.tests.test_sevora_api.TestSalesPipeline" name="test_get_pipeline" time="0.433" /><testcase classname="backend.tests.test_sevora_api.TestSalesQRCodes" name="test_list_qrcodes" time="0.437" /><testcase classname="backend.tests.test_sevora_api.TestSalesQRCodes" name="test_create_qrcode" time="0.144" /><testcase classname="backend.tests.test_sevora_api.TestSalesDashboard" name="test_sales_dashboard" time="0.418" /><testcase classname="backend.tests.test_sevora_api.TestSocialContent" name="test_list_content" time="0.443" /><testcase classname="backend.tests.test_sevora_api.TestSocialContent" name="test_create_content" time="0.103" /><testcase classname="backend.tests.test_sevora_api.TestSocialPosts" name="test_list_posts" time="0.432" /><testcase classname="backend.tests.test_sevora_api.TestSocialPosts" name="test_create_post" time="0.115" /><testcase classname="backend.tests.test_sevora_api.TestSocialAITools" name="test_generate_caption" time="0.449" /><testcase classname="backend.tests.test_sevora_api.TestSocialAITools" name="test_analyze_content" time="0.140" /><testcase classname="backend.tests.test_sevora_api.TestSocialDashboard" name="test_social_dashboard" time="0.958" /><testcase classname="backend.tests.test_sevora_api.TestUnifiedDashboard" name="test_unified_dashboard" time="0.478" /><testcase classname="backend.tests.test_sevora_api.TestCollaboration" name="test_add_comment_with_mention" time="0.426" /><testcase classname="backend.tests.test_sevora_api.TestCollaboration" name="test_get_comments" time="0.143" /><testcase classname="backend.tests.test_sevora_api.TestCollaboration" name="test_get_activity_feed" time="0.100" /><testcase classname="backend.tests.test_sevora_api.TestCollaboration" name="test_get_notifications" time="0.095" /><testcase classname="backend.tests.test_sevora_api.TestCollaboration" name="test_mark_all_notifications_read" time="0.117" /><testcase classname="backend.tests.test_sevora_api.TestAIGeneration" name="test_ai_text_generation" time="4.058" /><testcase classname="backend.tests.test_sevora_api.TestAIGeneration" name="test_ai_caption_generation" time="2.862" /><testcase classname="backend.tests.test_sevora_api.TestAIGeneration" name="test_ai_email_generation" time="6.501" /><testcase classname="backend.tests.test_sevora_api.TestCommunication" name="test_communication_logs" time="0.478" /><testcase classname="backend.tests.test_sevora_api.TestCommunication" name="test_whatsapp_send_endpoint" time="0.315" /><testcase classname="backend.tests.test_sevora_api.TestCommunication" name="test_email_send_endpoint" time="2.872" /><testcase classname="backend.tests.test_sevora_api.TestRBAC" name="test_marketing_user_access_marketing" time="0.482" /><testcase classname="backend.tests.test_sevora_api.TestRBAC" name="test_marketing_user_blocked_from_sales" time="0.115" /><testcase classname="backend.tests.test_sevora_api.TestRBAC" name="test_sales_user_access_sales" time="0.427" /><testcase classname="backend.tests.test_sevora_api.TestRBAC" name="test_admin_access_all" time="0.727" /><testcase classname="backend.tests.test_sevora_api.TestCleanup" name="test_cleanup_test_influencers" time="0.554" /></testsuite></testsuites>