<?xml version="1.0" encoding="utf-8"?><testsuites name="pytest tests"><testsuite name="pytest" errors="0" failures="0" skipped="0" tests="37" time="7.404" timestamp="2026-03-10T08:58:08.885028+00:00" hostname="agent-env-decee466-a110-495d-afbf-630aad0be0a0"><testcase classname="backend.tests.test_goals_projects_communication.TestFiscalYears" name="test_list_fiscal_years" time="0.555" /><testcase classname="backend.tests.test_goals_projects_communication.TestFiscalYears" name="test_fiscal_year_has_quarters" time="0.112" /><testcase classname="backend.tests.test_goals_projects_communication.TestFiscalYears" name="test_create_fiscal_year" time="0.262" /><testcase classname="backend.tests.test_goals_projects_communication.TestStrategicGoals" name="test_list_strategic_goals" time="0.128" /><testcase classname="backend.tests.test_goals_projects_communication.TestStrategicGoals" name="test_get_strategic_goals_with_filters" time="0.104" /><testcase classname="backend.tests.test_goals_projects_communication.TestStrategicGoals" name="test_strategic_goal_has_progress" time="0.108" /><testcase classname="backend.tests.test_goals_projects_communication.TestStrategicGoals" name="test_create_and_delete_strategic_goal" time="0.301" /><testcase classname="backend.tests.test_goals_projects_communication.TestObjectives" name="test_list_objectives" time="0.103" /><testcase classname="backend.tests.test_goals_projects_communication.TestObjectives" name="test_objectives_have_required_fields" time="0.104" /><testcase classname="backend.tests.test_goals_projects_communication.TestObjectives" name="test_filter_objectives_by_status" time="0.107" /><testcase classname="backend.tests.test_goals_projects_communication.TestGoalsDashboard" name="test_goals_dashboard" time="0.101" /><testcase classname="backend.tests.test_goals_projects_communication.TestProjectManagementDashboard" name="test_manager_dashboard" time="0.121" /><testcase classname="backend.tests.test_goals_projects_communication.TestProjects" name="test_list_projects" time="0.119" /><testcase classname="backend.tests.test_goals_projects_communication.TestProjects" name="test_project_has_required_fields" time="0.120" /><testcase classname="backend.tests.test_goals_projects_communication.TestProjects" name="test_create_and_delete_project" time="0.215" /><testcase classname="backend.tests.test_goals_projects_communication.TestProjects" name="test_get_single_project" time="0.220" /><testcase classname="backend.tests.test_goals_projects_communication.TestMyTasks" name="test_my_tasks" time="0.130" /><testcase classname="backend.tests.test_goals_projects_communication.TestMyTasks" name="test_create_personal_task" time="0.213" /><testcase classname="backend.tests.test_goals_projects_communication.TestMyTasks" name="test_assigned_by_me" time="0.117" /><testcase classname="backend.tests.test_goals_projects_communication.TestProjectTasks" name="test_list_project_tasks" time="0.229" /><testcase classname="backend.tests.test_goals_projects_communication.TestProjectTasks" name="test_create_task_in_project" time="0.427" /><testcase classname="backend.tests.test_goals_projects_communication.TestRecurringTasks" name="test_recurring_dashboard" time="0.111" /><testcase classname="backend.tests.test_goals_projects_communication.TestRecurringTasks" name="test_list_recurring_templates" time="0.107" /><testcase classname="backend.tests.test_goals_projects_communication.TestRecurringTasks" name="test_create_recurring_template" time="0.317" /><testcase classname="backend.tests.test_goals_projects_communication.TestTaskComments" name="test_get_users_for_mentions" time="0.107" /><testcase classname="backend.tests.test_goals_projects_communication.TestCommunicationHub" name="test_teams_endpoint_exists" time="0.099" /><testcase classname="backend.tests.test_goals_projects_communication.TestCommunicationHub" name="test_calendar_endpoint" time="0.127" /><testcase classname="backend.tests.test_goals_projects_communication.TestMeetings" name="test_list_meetings" time="0.118" /><testcase classname="backend.tests.test_goals_projects_communication.TestMeetings" name="test_create_meeting" time="0.108" /><testcase classname="backend.tests.test_goals_projects_communication.TestCrossModule" name="test_navigation_endpoints" time="1.063" /><testcase classname="backend.tests.test_goals_projects_communication.TestCrossModule" name="test_search_functionality" time="0.304" /><testcase classname="backend.tests.test_goals_projects_communication.TestCrossModule" name="test_users_endpoint" time="0.108" /><testcase classname="backend.tests.test_goals_projects_communication.TestCrossModule" name="test_notifications" time="0.119" /><testcase classname="backend.tests.test_goals_projects_communication.TestScheduleMeeting" name="test_meeting_types" time="0.105" /><testcase classname="backend.tests.test_goals_projects_communication.TestScheduleMeeting" name="test_create_meeting_with_goal_link" time="0.209" /><testcase classname="backend.tests.test_goals_projects_communication.TestHealthCheck" name="test_api_health" time="0.101" /><testcase classname="backend.tests.test_goals_projects_communication.TestHealthCheck" name="test_auth_login" time="0.330" /></testsuite></testsuites>