<?xml version="1.0" encoding="utf-8"?><testsuites name="pytest tests"><testsuite name="pytest" errors="0" failures="0" skipped="0" tests="17" time="3.269" timestamp="2026-03-15T05:10:46.367056+00:00" hostname="agent-env-decee466-a110-495d-afbf-630aad0be0a0"><testcase classname="backend.tests.test_p1_campaign_linking_ads_sync.TestAdsSyncStatus" name="test_sync_status_returns_200" time="0.292" /><testcase classname="backend.tests.test_p1_campaign_linking_ads_sync.TestAdsSyncStatus" name="test_sync_status_has_meta_key" time="0.109" /><testcase classname="backend.tests.test_p1_campaign_linking_ads_sync.TestAdsSyncStatus" name="test_sync_status_has_google_key" time="0.113" /><testcase classname="backend.tests.test_p1_campaign_linking_ads_sync.TestAdsSyncMeta" name="test_meta_sync_without_credentials_returns_400" time="0.107" /><testcase classname="backend.tests.test_p1_campaign_linking_ads_sync.TestAdsSyncMeta" name="test_meta_sync_error_message_is_helpful" time="0.109" /><testcase classname="backend.tests.test_p1_campaign_linking_ads_sync.TestAdsSyncGoogle" name="test_google_sync_without_credentials_returns_400" time="0.113" /><testcase classname="backend.tests.test_p1_campaign_linking_ads_sync.TestAdsSyncGoogle" name="test_google_sync_error_message_is_helpful" time="0.126" /><testcase classname="backend.tests.test_p1_campaign_linking_ads_sync.TestAdsOverviewStats" name="test_overview_stats_returns_200" time="0.129" /><testcase classname="backend.tests.test_p1_campaign_linking_ads_sync.TestAdsOverviewStats" name="test_overview_stats_has_required_fields" time="0.137" /><testcase classname="backend.tests.test_p1_campaign_linking_ads_sync.TestAdsCampaigns" name="test_ads_campaigns_returns_200" time="0.127" /><testcase classname="backend.tests.test_p1_campaign_linking_ads_sync.TestAdsCampaigns" name="test_ads_campaigns_returns_list" time="0.115" /><testcase classname="backend.tests.test_p1_campaign_linking_ads_sync.TestContentProjectsForLinking" name="test_content_projects_returns_200" time="0.459" /><testcase classname="backend.tests.test_p1_campaign_linking_ads_sync.TestContentProjectsForLinking" name="test_content_projects_returns_list" time="0.134" /><testcase classname="backend.tests.test_p1_campaign_linking_ads_sync.TestPublicationsForLinking" name="test_publications_returns_200" time="0.456" /><testcase classname="backend.tests.test_p1_campaign_linking_ads_sync.TestPublicationsForLinking" name="test_publications_returns_list" time="0.125" /><testcase classname="backend.tests.test_p1_campaign_linking_ads_sync.TestCampaignDetails" name="test_campaign_details_returns_200" time="0.464" /><testcase classname="backend.tests.test_p1_campaign_linking_ads_sync.TestCampaignDetails" name="test_campaign_details_has_required_fields" time="0.118" /></testsuite></testsuites>