<?xml version="1.0" encoding="utf-8"?><testsuites name="pytest tests"><testsuite name="pytest" errors="0" failures="0" skipped="0" tests="16" time="2.469" timestamp="2026-03-28T08:51:32.199236+00:00" hostname="agent-env-decee466-a110-495d-afbf-630aad0be0a0"><testcase classname="backend.tests.test_role_templates_user_count.TestRoleTemplatesAndUserCount" name="test_get_roles_returns_user_count" time="0.550" /><testcase classname="backend.tests.test_role_templates_user_count.TestRoleTemplatesAndUserCount" name="test_get_roles_has_required_fields" time="0.111" /><testcase classname="backend.tests.test_role_templates_user_count.TestRoleTemplatesAndUserCount" name="test_get_single_role_has_user_count" time="0.219" /><testcase classname="backend.tests.test_role_templates_user_count.TestRoleTemplatesAndUserCount" name="test_create_role_clone" time="0.221" /><testcase classname="backend.tests.test_role_templates_user_count.TestRoleTemplatesAndUserCount" name="test_create_role_from_template_sales_manager" time="0.205" /><testcase classname="backend.tests.test_role_templates_user_count.TestRoleTemplatesAndUserCount" name="test_create_role_from_template_hr_specialist" time="0.206" /><testcase classname="backend.tests.test_role_templates_user_count.TestRoleTemplatesAndUserCount" name="test_get_user_permissions_returns_roles" time="0.228" /><testcase classname="backend.tests.test_role_templates_user_count.TestRoleTemplatesAndUserCount" name="test_get_user_permissions_has_admin_flags" time="0.219" /><testcase classname="backend.tests.test_role_templates_user_count.TestRoleTemplatesAndUserCount" name="test_get_modules_returns_categories" time="0.104" /><testcase classname="backend.tests.test_role_templates_user_count.TestRoleTemplatesAndUserCount" name="test_get_presets_returns_permission_presets" time="0.094" /><testcase classname="backend.tests.test_role_templates_user_count.TestRoleTemplatesAndUserCount" name="test_user_count_matches_actual_users" time="0.255" /><testcase classname="backend.tests.test_role_templates_user_count.TestRoleTemplatePresets" name="test_marketing_viewer_template_structure" time="0.000" /><testcase classname="backend.tests.test_role_templates_user_count.TestRoleTemplatePresets" name="test_sales_manager_template_structure" time="0.000" /><testcase classname="backend.tests.test_role_templates_user_count.TestRoleTemplatePresets" name="test_project_contributor_template_structure" time="0.000" /><testcase classname="backend.tests.test_role_templates_user_count.TestRoleTemplatePresets" name="test_hr_specialist_template_structure" time="0.000" /><testcase classname="backend.tests.test_role_templates_user_count.TestRoleTemplatePresets" name="test_finance_approver_template_structure" time="0.000" /></testsuite></testsuites>