<?xml version="1.0" encoding="utf-8"?><testsuites name="pytest tests"><testsuite name="pytest" errors="0" failures="1" skipped="0" tests="12" time="6.237" timestamp="2026-03-07T23:12:06.658036+00:00" hostname="agent-env-decee466-a110-495d-afbf-630aad0be0a0"><testcase classname="backend.tests.test_budget_payments.TestBudgetPayments" name="test_get_payments_list" time="0.537" /><testcase classname="backend.tests.test_budget_payments.TestBudgetPayments" name="test_get_contacts_for_payment" time="0.445" /><testcase classname="backend.tests.test_budget_payments.TestBudgetPayments" name="test_get_campaigns_for_payment" time="0.474" /><testcase classname="backend.tests.test_budget_payments.TestBudgetPayments" name="test_create_payment" time="0.458" /><testcase classname="backend.tests.test_budget_payments.TestBudgetPayments" name="test_update_payment" time="0.654" /><testcase classname="backend.tests.test_budget_payments.TestBudgetPayments" name="test_delete_payment" time="0.557" /><testcase classname="backend.tests.test_budget_payments.TestBudgetPayments" name="test_update_payment_status" time="0.679" /><testcase classname="backend.tests.test_budget_payments.TestPublicationPayments" name="test_get_publications_list" time="0.425" /><testcase classname="backend.tests.test_budget_payments.TestPublicationPayments" name="test_get_publication_journalists" time="0.458" /><testcase classname="backend.tests.test_budget_payments.TestPublicationPayments" name="test_create_payment_for_journalist" time="0.513" /><testcase classname="backend.tests.test_budget_payments.TestPaymentSummary" name="test_unified_campaign_stats" time="0.414" /><testcase classname="backend.tests.test_budget_payments.TestPaymentSummary" name="test_contact_payments" time="0.559"><failure message="AssertionError: Expected 200, got 500&#10;assert 500 == 200&#10; +  where 500 = &lt;Response [500]&gt;.status_code">backend/tests/test_budget_payments.py:391: in test_contact_payments
    assert response.status_code == 200, f"Expected 200, got {response.status_code}"
E   AssertionError: Expected 200, got 500
E   assert 500 == 200
E    +  where 500 = &lt;Response [500]&gt;.status_code</failure></testcase></testsuite></testsuites>