<?xml version="1.0" encoding="utf-8"?><testsuites name="pytest tests"><testsuite name="pytest" errors="0" failures="0" skipped="0" tests="12" time="5.889" timestamp="2026-03-07T23:16:18.699691+00:00" hostname="agent-env-decee466-a110-495d-afbf-630aad0be0a0"><testcase classname="backend.tests.test_budget_payments.TestBudgetPayments" name="test_get_payments_list" time="0.452" /><testcase classname="backend.tests.test_budget_payments.TestBudgetPayments" name="test_get_contacts_for_payment" time="0.457" /><testcase classname="backend.tests.test_budget_payments.TestBudgetPayments" name="test_get_campaigns_for_payment" time="0.397" /><testcase classname="backend.tests.test_budget_payments.TestBudgetPayments" name="test_create_payment" time="0.459" /><testcase classname="backend.tests.test_budget_payments.TestBudgetPayments" name="test_update_payment" time="0.644" /><testcase classname="backend.tests.test_budget_payments.TestBudgetPayments" name="test_delete_payment" time="0.543" /><testcase classname="backend.tests.test_budget_payments.TestBudgetPayments" name="test_update_payment_status" time="0.647" /><testcase classname="backend.tests.test_budget_payments.TestPublicationPayments" name="test_get_publications_list" time="0.400" /><testcase classname="backend.tests.test_budget_payments.TestPublicationPayments" name="test_get_publication_journalists" time="0.437" /><testcase classname="backend.tests.test_budget_payments.TestPublicationPayments" name="test_create_payment_for_journalist" time="0.514" /><testcase classname="backend.tests.test_budget_payments.TestPaymentSummary" name="test_unified_campaign_stats" time="0.391" /><testcase classname="backend.tests.test_budget_payments.TestPaymentSummary" name="test_contact_payments" time="0.522" /></testsuite></testsuites>