<?xml version="1.0" encoding="utf-8"?><testsuites name="pytest tests"><testsuite name="pytest" errors="0" failures="0" skipped="0" tests="16" time="9.358" timestamp="2026-03-05T16:02:00.046924+00:00" hostname="agent-env-0567ea9f-6a3a-4714-9698-e387880e2594"><testcase classname="backend.tests.test_content_email_negotiation.TestContentLibrary" name="test_get_content_library_empty" time="0.546" /><testcase classname="backend.tests.test_content_email_negotiation.TestContentLibrary" name="test_create_content_item" time="0.558" /><testcase classname="backend.tests.test_content_email_negotiation.TestContentLibrary" name="test_get_content_by_id" time="0.521" /><testcase classname="backend.tests.test_content_email_negotiation.TestContentLibrary" name="test_update_content_item" time="0.619" /><testcase classname="backend.tests.test_content_email_negotiation.TestContentLibrary" name="test_get_content_with_filters" time="0.807" /><testcase classname="backend.tests.test_content_email_negotiation.TestContentLibrary" name="test_get_influencer_content_stats" time="0.597" /><testcase classname="backend.tests.test_content_email_negotiation.TestContentLibrary" name="test_delete_content_item" time="0.683" /><testcase classname="backend.tests.test_content_email_negotiation.TestEmailService" name="test_email_status" time="0.493" /><testcase classname="backend.tests.test_content_email_negotiation.TestEmailService" name="test_send_outreach_without_config" time="0.687" /><testcase classname="backend.tests.test_content_email_negotiation.TestNegotiationDeliverablesBucket" name="test_create_negotiation_with_deliverables_bucket" time="0.592" /><testcase classname="backend.tests.test_content_email_negotiation.TestNegotiationDeliverablesBucket" name="test_get_negotiation_with_bucket" time="0.538" /><testcase classname="backend.tests.test_content_email_negotiation.TestNegotiationDeliverablesBucket" name="test_update_negotiation_with_new_bucket" time="0.493" /><testcase classname="backend.tests.test_content_email_negotiation.TestNegotiationDeliverablesBucket" name="test_negotiation_list_includes_bucket_info" time="0.507" /><testcase classname="backend.tests.test_content_email_negotiation.TestContentLibraryWithInfluencer" name="test_create_content_with_influencer" time="0.619" /><testcase classname="backend.tests.test_content_email_negotiation.TestContentLibraryWithInfluencer" name="test_filter_content_by_influencer" time="0.574" /><testcase classname="backend.tests.test_content_email_negotiation.TestContentLibraryWithInfluencer" name="test_cleanup_test_content" time="0.457" /></testsuite></testsuites>