<?xml version="1.0" encoding="utf-8"?><testsuites name="pytest tests"><testsuite name="pytest" errors="0" failures="0" skipped="0" tests="8" time="3.207" timestamp="2026-03-08T08:26:48.646694+00:00" hostname="agent-env-decee466-a110-495d-afbf-630aad0be0a0"><testcase classname="backend.tests.test_marketing_v2.TestAuth" name="test_login_success" time="0.483" /><testcase classname="backend.tests.test_marketing_v2.TestContactsWithDeliverables" name="test_get_contact_with_deliverables" time="0.438" /><testcase classname="backend.tests.test_marketing_v2.TestContactsWithDeliverables" name="test_get_contact_deliverables_endpoint" time="0.051" /><testcase classname="backend.tests.test_marketing_v2.TestDeliveriesModule" name="test_get_deliveries_list" time="0.451" /><testcase classname="backend.tests.test_marketing_v2.TestCampaignHub" name="test_get_unified_campaigns" time="0.459" /><testcase classname="backend.tests.test_marketing_v2.TestOutreachDashboard" name="test_get_outreach_list" time="0.421" /><testcase classname="backend.tests.test_marketing_v2.TestDealPipeline" name="test_get_contact_deals" time="0.438" /><testcase classname="backend.tests.test_marketing_v2.TestContactsList" name="test_get_influencer_contacts" time="0.428" /></testsuite></testsuites>