<?xml version="1.0" encoding="utf-8"?><testsuites name="pytest tests"><testsuite name="pytest" errors="0" failures="0" skipped="0" tests="34" time="11.020" timestamp="2026-03-13T17:37:55.915829+00:00" hostname="agent-env-decee466-a110-495d-afbf-630aad0be0a0"><testcase classname="backend.tests.test_email_features_phase2_3.TestEmailSnoozeCRUD" name="test_get_snoozed_emails_empty_or_existing" time="0.639" /><testcase classname="backend.tests.test_email_features_phase2_3.TestEmailSnoozeCRUD" name="test_snooze_email_success" time="0.135" /><testcase classname="backend.tests.test_email_features_phase2_3.TestEmailSnoozeCRUD" name="test_snooze_email_and_verify_persistence" time="0.321" /><testcase classname="backend.tests.test_email_features_phase2_3.TestEmailSnoozeCRUD" name="test_snooze_replaces_existing_snooze" time="0.456" /><testcase classname="backend.tests.test_email_features_phase2_3.TestEmailSnoozeCRUD" name="test_unsnooze_email_success" time="0.415" /><testcase classname="backend.tests.test_email_features_phase2_3.TestEmailSnoozeCRUD" name="test_unsnooze_nonexistent_returns_404" time="0.597" /><testcase classname="backend.tests.test_email_features_phase2_3.TestScheduledEmailCRUD" name="test_get_scheduled_emails_empty_or_existing" time="0.471" /><testcase classname="backend.tests.test_email_features_phase2_3.TestScheduledEmailCRUD" name="test_schedule_email_success" time="0.111" /><testcase classname="backend.tests.test_email_features_phase2_3.TestScheduledEmailCRUD" name="test_schedule_email_and_verify_persistence" time="0.236" /><testcase classname="backend.tests.test_email_features_phase2_3.TestScheduledEmailCRUD" name="test_cancel_scheduled_email_success" time="0.379" /><testcase classname="backend.tests.test_email_features_phase2_3.TestScheduledEmailCRUD" name="test_cancel_nonexistent_returns_404" time="0.126" /><testcase classname="backend.tests.test_email_features_phase2_3.TestScheduledEmailCRUD" name="test_schedule_email_validation" time="0.356" /><testcase classname="backend.tests.test_email_features_phase2_3.TestFollowUpRemindersCRUD" name="test_get_follow_ups_empty_or_existing" time="0.525" /><testcase classname="backend.tests.test_email_features_phase2_3.TestFollowUpRemindersCRUD" name="test_create_follow_up_success" time="0.112" /><testcase classname="backend.tests.test_email_features_phase2_3.TestFollowUpRemindersCRUD" name="test_create_follow_up_and_verify_persistence" time="0.290" /><testcase classname="backend.tests.test_email_features_phase2_3.TestFollowUpRemindersCRUD" name="test_dismiss_follow_up_success" time="0.502" /><testcase classname="backend.tests.test_email_features_phase2_3.TestFollowUpRemindersCRUD" name="test_dismiss_nonexistent_returns_404" time="0.154" /><testcase classname="backend.tests.test_email_features_phase2_3.TestFollowUpRemindersCRUD" name="test_snooze_follow_up_success" time="0.369" /><testcase classname="backend.tests.test_email_features_phase2_3.TestFollowUpRemindersCRUD" name="test_snooze_nonexistent_returns_404" time="0.130" /><testcase classname="backend.tests.test_email_features_phase2_3.TestFollowUpRemindersCRUD" name="test_create_follow_up_with_default_hours" time="0.708" /><testcase classname="backend.tests.test_email_features_phase2_3.TestEmailTrackingCRUD" name="test_get_tracking_records_empty_or_existing" time="0.476" /><testcase classname="backend.tests.test_email_features_phase2_3.TestEmailTrackingCRUD" name="test_create_tracking_success" time="0.120" /><testcase classname="backend.tests.test_email_features_phase2_3.TestEmailTrackingCRUD" name="test_create_tracking_and_verify_persistence" time="0.494" /><testcase classname="backend.tests.test_email_features_phase2_3.TestEmailTrackingCRUD" name="test_tracking_pixel_returns_gif" time="0.407" /><testcase classname="backend.tests.test_email_features_phase2_3.TestEmailTrackingCRUD" name="test_tracking_pixel_increments_open_count" time="0.688" /><testcase classname="backend.tests.test_email_features_phase2_3.TestEmailTrackingCRUD" name="test_tracking_stats_summary" time="0.125" /><testcase classname="backend.tests.test_email_features_phase2_3.TestEmailTrackingCRUD" name="test_tracking_stats_with_days_param" time="0.133" /><testcase classname="backend.tests.test_email_features_phase2_3.TestEmailTrackingCRUD" name="test_tracking_pixel_for_nonexistent_still_returns_gif" time="0.645" /><testcase classname="backend.tests.test_email_features_phase2_3.TestPhase2And3Unauthorized" name="test_snoozed_unauthorized" time="0.147" /><testcase classname="backend.tests.test_email_features_phase2_3.TestPhase2And3Unauthorized" name="test_scheduled_unauthorized" time="0.128" /><testcase classname="backend.tests.test_email_features_phase2_3.TestPhase2And3Unauthorized" name="test_follow_ups_unauthorized" time="0.121" /><testcase classname="backend.tests.test_email_features_phase2_3.TestPhase2And3Unauthorized" name="test_tracking_unauthorized" time="0.131" /><testcase classname="backend.tests.test_email_features_phase2_3.TestPhase2And3Unauthorized" name="test_tracking_stats_unauthorized" time="0.134" /><testcase classname="backend.tests.test_email_features_phase2_3.TestPhase2And3Unauthorized" name="test_tracking_pixel_no_auth_required" time="0.152" /></testsuite></testsuites>