<?xml version="1.0" encoding="utf-8"?><testsuites name="pytest tests"><testsuite name="pytest" errors="0" failures="0" skipped="0" tests="21" time="12.644" timestamp="2026-03-10T20:48:32.281574+00:00" hostname="agent-env-decee466-a110-495d-afbf-630aad0be0a0"><testcase classname="backend.tests.test_unified_tasks.TestTasksAuthentication" name="test_tasks_endpoint_requires_auth" time="0.622" /><testcase classname="backend.tests.test_unified_tasks.TestTasksCRUD" name="test_get_all_tasks" time="0.443" /><testcase classname="backend.tests.test_unified_tasks.TestTasksCRUD" name="test_create_task" time="1.267" /><testcase classname="backend.tests.test_unified_tasks.TestTasksCRUD" name="test_update_task_status" time="0.702" /><testcase classname="backend.tests.test_unified_tasks.TestTasksCRUD" name="test_cancel_task" time="0.602" /><testcase classname="backend.tests.test_unified_tasks.TestTasksCRUD" name="test_delete_task" time="0.536" /><testcase classname="backend.tests.test_unified_tasks.TestTasksFilters" name="test_filter_by_status" time="0.497" /><testcase classname="backend.tests.test_unified_tasks.TestTasksFilters" name="test_filter_by_priority" time="0.420" /><testcase classname="backend.tests.test_unified_tasks.TestTasksFilters" name="test_filter_by_module" time="0.436" /><testcase classname="backend.tests.test_unified_tasks.TestTasksFilters" name="test_search_tasks" time="0.553" /><testcase classname="backend.tests.test_unified_tasks.TestDashboardStats" name="test_dashboard_stats" time="0.507" /><testcase classname="backend.tests.test_unified_tasks.TestDashboardStats" name="test_dashboard_stats_periods" time="0.646" /><testcase classname="backend.tests.test_unified_tasks.TestDashboardStats" name="test_my_tasks_endpoint" time="0.425" /><testcase classname="backend.tests.test_unified_tasks.TestActivityFeed" name="test_get_activity_feed" time="0.410" /><testcase classname="backend.tests.test_unified_tasks.TestActivityFeed" name="test_activity_feed_filters" time="0.422" /><testcase classname="backend.tests.test_unified_tasks.TestActivityFeed" name="test_activity_logged_on_task_create" time="1.582" /><testcase classname="backend.tests.test_unified_tasks.TestSmartTaskTriggers" name="test_get_trigger_configs" time="0.432" /><testcase classname="backend.tests.test_unified_tasks.TestSmartTaskTriggers" name="test_seed_default_triggers" time="0.419" /><testcase classname="backend.tests.test_unified_tasks.TestSmartTaskTriggers" name="test_toggle_trigger_enabled" time="0.700" /><testcase classname="backend.tests.test_unified_tasks.TestSmartTaskTriggers" name="test_create_custom_trigger" time="0.524" /><testcase classname="backend.tests.test_unified_tasks.TestTasksByAssignee" name="test_get_tasks_by_assignee" time="0.431" /></testsuite></testsuites>