<?xml version="1.0" encoding="utf-8"?><testsuites name="pytest tests"><testsuite name="pytest" errors="0" failures="0" skipped="1" tests="13" time="4.548" timestamp="2026-03-07T16:15:55.757940+00:00" hostname="agent-env-decee466-a110-495d-afbf-630aad0be0a0"><testcase classname="tests.test_admin_user_management.TestAdminUserManagement" name="test_get_admin_stats" time="0.654" /><testcase classname="tests.test_admin_user_management.TestAdminUserManagement" name="test_get_all_users" time="0.111" /><testcase classname="tests.test_admin_user_management.TestAdminUserManagement" name="test_filter_users_by_status" time="0.121" /><testcase classname="tests.test_admin_user_management.TestAdminUserManagement" name="test_filter_users_by_role" time="0.107" /><testcase classname="tests.test_admin_user_management.TestAdminUserManagement" name="test_search_users" time="0.144" /><testcase classname="tests.test_admin_user_management.TestAdminUserManagement" name="test_create_user" time="0.465" /><testcase classname="tests.test_admin_user_management.TestAdminUserManagement" name="test_create_duplicate_user_fails" time="0.121" /><testcase classname="tests.test_admin_user_management.TestAdminUserManagement" name="test_update_user" time="0.546" /><testcase classname="tests.test_admin_user_management.TestAdminUserManagement" name="test_activate_user" time="0.577" /><testcase classname="tests.test_admin_user_management.TestAdminUserManagement" name="test_deactivate_user" time="0.613" /><testcase classname="tests.test_admin_user_management.TestAdminUserManagement" name="test_admin_endpoints_require_auth" time="0.223" /><testcase classname="tests.test_admin_user_management.TestAdminUserManagement" name="test_non_admin_cannot_access" time="0.336"><skipped type="pytest.skip" message="Viewer user not available for test">/app/backend/tests/test_admin_user_management.py:286: Viewer user not available for test</skipped></testcase><testcase classname="tests.test_admin_user_management.TestCleanup" name="test_cleanup_test_users" time="0.466" /></testsuite></testsuites>