<?xml version="1.0" encoding="utf-8"?><testsuites name="pytest tests"><testsuite name="pytest" errors="0" failures="0" skipped="0" tests="21" time="18.735" timestamp="2026-03-26T01:19:20.419038+00:00" hostname="agent-env-decee466-a110-495d-afbf-630aad0be0a0"><testcase classname="backend.tests.test_sprint_review_bug_release.TestSprintReviewAndBugRelease" name="test_create_sprint_review" time="0.972" /><testcase classname="backend.tests.test_sprint_review_bug_release.TestSprintReviewAndBugRelease" name="test_list_sprint_reviews" time="0.990" /><testcase classname="backend.tests.test_sprint_review_bug_release.TestSprintReviewAndBugRelease" name="test_get_sprint_review_by_id" time="0.861" /><testcase classname="backend.tests.test_sprint_review_bug_release.TestSprintReviewAndBugRelease" name="test_update_sprint_review" time="0.812" /><testcase classname="backend.tests.test_sprint_review_bug_release.TestSprintReviewAndBugRelease" name="test_submit_stakeholder_feedback_approved" time="0.832" /><testcase classname="backend.tests.test_sprint_review_bug_release.TestSprintReviewAndBugRelease" name="test_submit_stakeholder_feedback_rejected" time="0.862" /><testcase classname="backend.tests.test_sprint_review_bug_release.TestSprintReviewAndBugRelease" name="test_submit_stakeholder_feedback_needs_changes" time="0.872" /><testcase classname="backend.tests.test_sprint_review_bug_release.TestSprintReviewAndBugRelease" name="test_delete_sprint_review" time="0.889" /><testcase classname="backend.tests.test_sprint_review_bug_release.TestSprintReviewAndBugRelease" name="test_get_bug_workflow_status" time="0.812" /><testcase classname="backend.tests.test_sprint_review_bug_release.TestSprintReviewAndBugRelease" name="test_get_bug_workflow_status_filtered_by_project" time="0.706" /><testcase classname="backend.tests.test_sprint_review_bug_release.TestSprintReviewAndBugRelease" name="test_link_bug_to_release" time="0.891" /><testcase classname="backend.tests.test_sprint_review_bug_release.TestSprintReviewAndBugRelease" name="test_link_bug_to_release_without_sprint" time="0.882" /><testcase classname="backend.tests.test_sprint_review_bug_release.TestSprintReviewAndBugRelease" name="test_update_bug_status" time="1.326" /><testcase classname="backend.tests.test_sprint_review_bug_release.TestSprintReviewAndBugRelease" name="test_update_bug_status_with_commit" time="0.865" /><testcase classname="backend.tests.test_sprint_review_bug_release.TestSprintReviewAndBugRelease" name="test_get_release_bugs" time="0.732" /><testcase classname="backend.tests.test_sprint_review_bug_release.TestSprintReviewAndBugRelease" name="test_verify_bug_in_release" time="1.101" /><testcase classname="backend.tests.test_sprint_review_bug_release.TestSprintReviewAndBugRelease" name="test_unverify_bug_in_release" time="1.020" /><testcase classname="backend.tests.test_sprint_review_bug_release.TestSprintReviewAndBugRelease" name="test_invalid_bug_status" time="0.841" /><testcase classname="backend.tests.test_sprint_review_bug_release.TestSprintReviewAndBugRelease" name="test_link_non_bug_task_to_release" time="0.880" /><testcase classname="backend.tests.test_sprint_review_bug_release.TestSprintReviewAndBugRelease" name="test_sprint_review_not_found" time="0.784" /><testcase classname="backend.tests.test_sprint_review_bug_release.TestSprintReviewAndBugRelease" name="test_release_bugs_not_found" time="0.772" /></testsuite></testsuites>