<?xml version="1.0" encoding="utf-8"?><testsuites name="pytest tests"><testsuite name="pytest" errors="0" failures="0" skipped="0" tests="28" time="7.282" timestamp="2026-03-07T17:15:52.702332+00:00" hostname="agent-env-decee466-a110-495d-afbf-630aad0be0a0"><testcase classname="backend.tests.test_marketing_v2.TestMarketingV2Setup" name="test_auth_login" time="0.437" /><testcase classname="backend.tests.test_marketing_v2.TestContactsHub" name="test_get_contacts" time="0.423" /><testcase classname="backend.tests.test_marketing_v2.TestContactsHub" name="test_get_contacts_with_filters" time="0.101" /><testcase classname="backend.tests.test_marketing_v2.TestContactsHub" name="test_create_contact_influencer" time="0.105" /><testcase classname="backend.tests.test_marketing_v2.TestContactsHub" name="test_create_contact_journalist" time="0.111" /><testcase classname="backend.tests.test_marketing_v2.TestContactsHub" name="test_get_single_contact" time="0.250" /><testcase classname="backend.tests.test_marketing_v2.TestContactsHub" name="test_contact_stats" time="0.228" /><testcase classname="backend.tests.test_marketing_v2.TestDeals" name="test_create_deal" time="0.536" /><testcase classname="backend.tests.test_marketing_v2.TestDeals" name="test_get_contact_deals" time="0.126" /><testcase classname="backend.tests.test_marketing_v2.TestCommunications" name="test_log_communication" time="0.564" /><testcase classname="backend.tests.test_marketing_v2.TestCommunications" name="test_get_contact_communications" time="0.111" /><testcase classname="backend.tests.test_marketing_v2.TestPayments" name="test_record_payment" time="0.589" /><testcase classname="backend.tests.test_marketing_v2.TestPayments" name="test_get_contact_payments" time="0.120" /><testcase classname="backend.tests.test_marketing_v2.TestDigitalPR" name="test_get_press_releases" time="0.442" /><testcase classname="backend.tests.test_marketing_v2.TestDigitalPR" name="test_create_press_release" time="0.136" /><testcase classname="backend.tests.test_marketing_v2.TestDigitalPR" name="test_get_media_coverage" time="0.103" /><testcase classname="backend.tests.test_marketing_v2.TestDigitalPR" name="test_record_media_coverage" time="0.113" /><testcase classname="backend.tests.test_marketing_v2.TestDigitalPR" name="test_get_pr_pitches" time="0.118" /><testcase classname="backend.tests.test_marketing_v2.TestEvents" name="test_get_events" time="0.430" /><testcase classname="backend.tests.test_marketing_v2.TestEvents" name="test_create_event" time="0.122" /><testcase classname="backend.tests.test_marketing_v2.TestEvents" name="test_get_event_by_id" time="0.211" /><testcase classname="backend.tests.test_marketing_v2.TestContentAssets" name="test_get_assets" time="0.486" /><testcase classname="backend.tests.test_marketing_v2.TestContentAssets" name="test_upload_asset" time="0.137" /><testcase classname="backend.tests.test_marketing_v2.TestContentAssets" name="test_get_ugc" time="0.094" /><testcase classname="backend.tests.test_marketing_v2.TestContentAssets" name="test_get_approvals" time="0.102" /><testcase classname="backend.tests.test_marketing_v2.TestDashboardStats" name="test_get_dashboard_stats" time="0.432" /><testcase classname="backend.tests.test_marketing_v2.TestCalendar" name="test_get_calendar_items" time="0.452" /><testcase classname="backend.tests.test_marketing_v2.TestCalendar" name="test_create_calendar_item" time="0.109" /></testsuite></testsuites>