<?xml version="1.0" encoding="utf-8"?><testsuites name="pytest tests"><testsuite name="pytest" errors="0" failures="0" skipped="0" tests="7" time="1.700" timestamp="2026-03-12T22:28:09.940150+00:00" hostname="agent-env-decee466-a110-495d-afbf-630aad0be0a0"><testcase classname="backend.tests.test_permissions_api.TestLeadsPermissions" name="test_leads_endpoint_returns_data" time="0.571" /><testcase classname="backend.tests.test_permissions_api.TestLeadsPermissions" name="test_leads_have_permissions_object" time="0.145" /><testcase classname="backend.tests.test_permissions_api.TestCustomersPermissions" name="test_customers_endpoint_returns_data" time="0.151" /><testcase classname="backend.tests.test_permissions_api.TestCustomersPermissions" name="test_customers_have_permissions_object" time="0.102" /><testcase classname="backend.tests.test_permissions_api.TestProjectsPermissions" name="test_projects_endpoint_returns_data" time="0.136" /><testcase classname="backend.tests.test_permissions_api.TestProjectsPermissions" name="test_projects_have_permissions_object" time="0.173" /><testcase classname="backend.tests.test_permissions_api.TestPermissionsIntegration" name="test_all_three_apis_return_permissions" time="0.389" /></testsuite></testsuites>