<?xml version="1.0" encoding="utf-8"?><testsuites name="pytest tests"><testsuite name="pytest" errors="0" failures="0" skipped="0" tests="10" time="17.002" timestamp="2026-03-19T12:05:00.272930+00:00" hostname="agent-env-decee466-a110-495d-afbf-630aad0be0a0"><testcase classname="backend.tests.test_feature_parser.TestFeatureParserAuth" name="test_parse_text_unauthorized" time="0.190" /><testcase classname="backend.tests.test_feature_parser.TestFeatureParserAuth" name="test_projects_unauthorized" time="0.180" /><testcase classname="backend.tests.test_feature_parser.TestFeatureParserParseText" name="test_parse_text_empty_content" time="0.493" /><testcase classname="backend.tests.test_feature_parser.TestFeatureParserParseText" name="test_parse_text_whitespace_content" time="0.464" /><testcase classname="backend.tests.test_feature_parser.TestFeatureParserParseText" name="test_parse_text_success" time="13.144" /><testcase classname="backend.tests.test_feature_parser.TestFeatureParserProjects" name="test_get_projects_success" time="0.557" /><testcase classname="backend.tests.test_feature_parser.TestFeatureParserCreateArtifacts" name="test_create_artifacts_missing_params" time="0.447" /><testcase classname="backend.tests.test_feature_parser.TestFeatureParserCreateArtifacts" name="test_create_artifacts_with_new_project" time="0.478" /><testcase classname="backend.tests.test_feature_parser.TestEngineeringPages" name="test_projects_list" time="0.528" /><testcase classname="backend.tests.test_feature_parser.TestEngineeringPages" name="test_knowledge_spaces" time="0.481" /></testsuite></testsuites>