<?xml version="1.0" encoding="utf-8"?><testsuites name="pytest tests"><testsuite name="pytest" errors="0" failures="0" skipped="0" tests="19" time="6.809" timestamp="2026-03-09T12:36:21.172255+00:00" hostname="agent-env-decee466-a110-495d-afbf-630aad0be0a0"><testcase classname="backend.tests.test_organization_structure.TestAuthentication" name="test_login_super_admin" time="0.458" /><testcase classname="backend.tests.test_organization_structure.TestDepartmentsAPI" name="test_get_departments_list" time="0.450" /><testcase classname="backend.tests.test_organization_structure.TestDepartmentsAPI" name="test_departments_have_hierarchy_data" time="0.145" /><testcase classname="backend.tests.test_organization_structure.TestDepartmentHierarchy" name="test_get_department_hierarchy" time="0.562" /><testcase classname="backend.tests.test_organization_structure.TestDepartmentHierarchy" name="test_department_hierarchy_404" time="0.108" /><testcase classname="backend.tests.test_organization_structure.TestUpdateDepartment" name="test_update_department_description" time="0.692" /><testcase classname="backend.tests.test_organization_structure.TestUpdateDepartment" name="test_update_department_parent" time="0.214" /><testcase classname="backend.tests.test_organization_structure.TestPositionsAPI" name="test_get_positions_list" time="0.443" /><testcase classname="backend.tests.test_organization_structure.TestPositionsAPI" name="test_positions_have_correct_levels" time="0.121" /><testcase classname="backend.tests.test_organization_structure.TestPositionsAPI" name="test_positions_filter_by_level" time="0.132" /><testcase classname="backend.tests.test_organization_structure.TestCreatePosition" name="test_create_position_with_hierarchy" time="0.667" /><testcase classname="backend.tests.test_organization_structure.TestCreatePosition" name="test_create_position_duplicate_code_fails" time="0.208" /><testcase classname="backend.tests.test_organization_structure.TestOrgChart" name="test_get_org_chart" time="0.460" /><testcase classname="backend.tests.test_organization_structure.TestOrgChart" name="test_org_chart_node_structure" time="0.120" /><testcase classname="backend.tests.test_organization_structure.TestOrgChart" name="test_org_chart_with_root_id" time="0.216" /><testcase classname="backend.tests.test_organization_structure.TestTeamsAPI" name="test_get_teams_list" time="0.460" /><testcase classname="backend.tests.test_organization_structure.TestTeamsAPI" name="test_get_teams_by_department" time="0.252" /><testcase classname="backend.tests.test_organization_structure.TestPositionSeed" name="test_seed_positions_idempotent" time="0.506" /><testcase classname="backend.tests.test_organization_structure.TestEmployeesForOrgChart" name="test_get_employees_with_reports_to" time="0.534" /></testsuite></testsuites>