<?xml version="1.0" encoding="utf-8"?><testsuites name="pytest tests"><testsuite name="pytest" errors="0" failures="0" skipped="0" tests="19" time="5.795" timestamp="2026-03-07T19:12:25.881839+00:00" hostname="agent-env-decee466-a110-495d-afbf-630aad0be0a0"><testcase classname="backend.tests.test_full_audit.TestAuthentication" name="test_marketing_user_login" time="0.387" /><testcase classname="backend.tests.test_full_audit.TestAuthentication" name="test_admin_user_login" time="0.355" /><testcase classname="backend.tests.test_full_audit.TestAuthentication" name="test_invalid_credentials_rejected" time="0.123" /><testcase classname="backend.tests.test_full_audit.TestMarketingContactsAPI" name="test_get_influencer_list" time="0.451" /><testcase classname="backend.tests.test_full_audit.TestMarketingContactsAPI" name="test_get_specific_contact" time="0.109" /><testcase classname="backend.tests.test_full_audit.TestMarketingContactsAPI" name="test_filter_by_status" time="0.120" /><testcase classname="backend.tests.test_full_audit.TestMarketingContactsAPI" name="test_search_contacts" time="0.134" /><testcase classname="backend.tests.test_full_audit.TestCommunicationsAPI" name="test_get_contact_communications" time="0.436" /><testcase classname="backend.tests.test_full_audit.TestCommunicationsAPI" name="test_create_communication" time="0.113" /><testcase classname="backend.tests.test_full_audit.TestDealsAPI" name="test_get_contact_deals" time="0.478" /><testcase classname="backend.tests.test_full_audit.TestGiftingAPI" name="test_get_gifts" time="0.442" /><testcase classname="backend.tests.test_full_audit.TestGiftingAPI" name="test_get_gifts_for_contact" time="0.104" /><testcase classname="backend.tests.test_full_audit.TestPromoCodesAPI" name="test_get_promo_codes" time="0.431" /><testcase classname="backend.tests.test_full_audit.TestCampaignsAPI" name="test_get_campaigns" time="0.461" /><testcase classname="backend.tests.test_full_audit.TestDashboardAPI" name="test_get_unified_dashboard" time="0.456" /><testcase classname="backend.tests.test_full_audit.TestDashboardAPI" name="test_get_marketing_dashboard_stats" time="0.132" /><testcase classname="backend.tests.test_full_audit.TestContactUpdate" name="test_update_contact_bio" time="0.588" /><testcase classname="backend.tests.test_full_audit.TestHealthCheck" name="test_api_health" time="0.106" /><testcase classname="backend.tests.test_full_audit.TestCleanup" name="test_cleanup_complete" time="0.331" /></testsuite></testsuites>