<?xml version="1.0" encoding="utf-8"?><testsuites name="pytest tests"><testsuite name="pytest" errors="0" failures="0" skipped="0" tests="17" time="4.355" timestamp="2026-03-11T08:14:43.787820+00:00" hostname="agent-env-decee466-a110-495d-afbf-630aad0be0a0"><testcase classname="backend.tests.test_pulse_phase2.TestLeadershipDashboard" name="test_get_leadership_dashboard" time="0.553" /><testcase classname="backend.tests.test_pulse_phase2.TestDepartmentWalls" name="test_get_department_feed_marketing" time="0.473" /><testcase classname="backend.tests.test_pulse_phase2.TestDepartmentWalls" name="test_get_department_feed_technology" time="0.108" /><testcase classname="backend.tests.test_pulse_phase2.TestDepartmentWalls" name="test_get_department_feed_invalid" time="0.103" /><testcase classname="backend.tests.test_pulse_phase2.TestRecognitionBadges" name="test_get_badge_types" time="0.438" /><testcase classname="backend.tests.test_pulse_phase2.TestRecognitionBadges" name="test_get_recognition_list" time="0.100" /><testcase classname="backend.tests.test_pulse_phase2.TestRecognitionBadges" name="test_get_recognition_leaderboard" time="0.111" /><testcase classname="backend.tests.test_pulse_phase2.TestRecognitionBadges" name="test_get_employees_for_recognition" time="0.166" /><testcase classname="backend.tests.test_pulse_phase2.TestRecognitionBadges" name="test_give_recognition_badge" time="0.235" /><testcase classname="backend.tests.test_pulse_phase2.TestRecognitionBadges" name="test_give_recognition_to_self_fails" time="0.221" /><testcase classname="backend.tests.test_pulse_phase2.TestWorkUpdates" name="test_submit_daily_update" time="0.487" /><testcase classname="backend.tests.test_pulse_phase2.TestWorkUpdates" name="test_get_daily_updates" time="0.104" /><testcase classname="backend.tests.test_pulse_phase2.TestWorkUpdates" name="test_get_daily_updates_by_department" time="0.106" /><testcase classname="backend.tests.test_pulse_phase2.TestWorkUpdates" name="test_submit_weekly_update" time="0.125" /><testcase classname="backend.tests.test_pulse_phase2.TestWorkUpdates" name="test_get_weekly_updates" time="0.108" /><testcase classname="backend.tests.test_pulse_phase2.TestPulseConfig" name="test_get_pulse_config" time="0.436" /><testcase classname="backend.tests.test_pulse_phase2.TestPulseStats" name="test_get_pulse_stats" time="0.433" /></testsuite></testsuites>