<?xml version="1.0" encoding="utf-8"?><testsuites name="pytest tests"><testsuite name="pytest" errors="0" failures="0" skipped="0" tests="11" time="2.608" timestamp="2026-03-11T12:39:13.796715+00:00" hostname="agent-env-decee466-a110-495d-afbf-630aad0be0a0"><testcase classname="tests.test_acms_pulse_analytics_iteration72.TestPulseEngagementAnalytics" name="test_pulse_engagement_returns_required_fields" time="0.585" /><testcase classname="tests.test_acms_pulse_analytics_iteration72.TestPulseEngagementAnalytics" name="test_pulse_engagement_with_period_filter" time="0.510" /><testcase classname="tests.test_acms_pulse_analytics_iteration72.TestSaaSCostManagement" name="test_cost_management_overview" time="0.113" /><testcase classname="tests.test_acms_pulse_analytics_iteration72.TestSaaSCostManagement" name="test_update_tool_cost" time="0.276" /><testcase classname="tests.test_acms_pulse_analytics_iteration72.TestAccessReviewReports" name="test_generate_access_review_report" time="0.130" /><testcase classname="tests.test_acms_pulse_analytics_iteration72.TestAccessReviewReports" name="test_list_access_review_reports" time="0.112" /><testcase classname="tests.test_acms_pulse_analytics_iteration72.TestPasswordRotationAutomation" name="test_get_rotation_status" time="0.140" /><testcase classname="tests.test_acms_pulse_analytics_iteration72.TestPasswordRotationAutomation" name="test_set_rotation_config" time="0.235" /><testcase classname="tests.test_acms_pulse_analytics_iteration72.TestPasswordRotationAutomation" name="test_send_rotation_reminders" time="0.112" /><testcase classname="tests.test_acms_pulse_analytics_iteration72.TestACMSEmailNotifications" name="test_access_request_triggers_notification" time="0.219" /><testcase classname="tests.test_acms_pulse_analytics_iteration72.TestTeamDashboardPulseIntegration" name="test_dashboard_summary_works" time="0.127" /></testsuite></testsuites>