<?xml version="1.0" encoding="utf-8"?><testsuites name="pytest tests"><testsuite name="pytest" errors="0" failures="0" skipped="0" tests="19" time="19.272" timestamp="2026-03-07T20:17:53.418210+00:00" hostname="agent-env-decee466-a110-495d-afbf-630aad0be0a0"><testcase classname="backend.tests.test_digital_pr_phases_2_4.TestPhase2AIDiscovery" name="test_ai_discover_journalists" time="8.627" /><testcase classname="backend.tests.test_digital_pr_phases_2_4.TestPhase2AIDiscovery" name="test_ai_discover_requires_auth" time="0.139" /><testcase classname="backend.tests.test_digital_pr_phases_2_4.TestPhase2AIDiscovery" name="test_ai_generate_pitch" time="6.846" /><testcase classname="backend.tests.test_digital_pr_phases_2_4.TestPhase2AIDiscovery" name="test_ai_generate_pitch_not_found_journalist" time="0.131" /><testcase classname="backend.tests.test_digital_pr_phases_2_4.TestPhase3PRCampaigns" name="test_get_campaigns_list" time="0.486" /><testcase classname="backend.tests.test_digital_pr_phases_2_4.TestPhase3PRCampaigns" name="test_create_campaign" time="0.100" /><testcase classname="backend.tests.test_digital_pr_phases_2_4.TestPhase3PRCampaigns" name="test_update_campaign_status" time="0.224" /><testcase classname="backend.tests.test_digital_pr_phases_2_4.TestPhase3PRCampaigns" name="test_add_journalist_to_campaign" time="0.633" /><testcase classname="backend.tests.test_digital_pr_phases_2_4.TestPhase3PRCampaigns" name="test_get_campaign_journalists" time="0.121" /><testcase classname="backend.tests.test_digital_pr_phases_2_4.TestPhase3PRCampaigns" name="test_campaigns_requires_auth" time="0.114" /><testcase classname="backend.tests.test_digital_pr_phases_2_4.TestPhase4OutreachAutomation" name="test_get_templates_list" time="0.441" /><testcase classname="backend.tests.test_digital_pr_phases_2_4.TestPhase4OutreachAutomation" name="test_create_template" time="0.119" /><testcase classname="backend.tests.test_digital_pr_phases_2_4.TestPhase4OutreachAutomation" name="test_schedule_outreach" time="0.240" /><testcase classname="backend.tests.test_digital_pr_phases_2_4.TestPhase4OutreachAutomation" name="test_get_outreach_stats" time="0.116" /><testcase classname="backend.tests.test_digital_pr_phases_2_4.TestPhase4OutreachAutomation" name="test_send_scheduled_outreach_manual" time="0.126" /><testcase classname="backend.tests.test_digital_pr_phases_2_4.TestPhase4OutreachAutomation" name="test_get_scheduled_outreach_list" time="0.109" /><testcase classname="backend.tests.test_digital_pr_phases_2_4.TestPhase4OutreachAutomation" name="test_outreach_requires_auth" time="0.215" /><testcase classname="backend.tests.test_digital_pr_phases_2_4.TestCleanup" name="test_cleanup_test_campaigns" time="0.330" /><testcase classname="backend.tests.test_digital_pr_phases_2_4.TestCleanup" name="test_cleanup_test_templates" time="0.107" /></testsuite></testsuites>