<?xml version="1.0" encoding="utf-8"?><testsuites name="pytest tests"><testsuite name="pytest" errors="0" failures="0" skipped="0" tests="12" time="3.525" timestamp="2026-03-13T05:26:09.178010+00:00" hostname="agent-env-decee466-a110-495d-afbf-630aad0be0a0"><testcase classname="tests.test_role_centric_permissions.TestRoleCentricPermissions" name="test_01_get_roles_list" time="0.576" /><testcase classname="tests.test_role_centric_permissions.TestRoleCentricPermissions" name="test_02_create_role_with_3d_permissions" time="0.112" /><testcase classname="tests.test_role_centric_permissions.TestRoleCentricPermissions" name="test_03_verify_role_module_permissions_structure" time="0.148" /><testcase classname="tests.test_role_centric_permissions.TestRoleCentricPermissions" name="test_04_update_role_module_permissions" time="0.108" /><testcase classname="tests.test_role_centric_permissions.TestRoleCentricPermissions" name="test_05_get_roles_returns_module_permissions" time="0.133" /><testcase classname="tests.test_role_centric_permissions.TestRoleCentricPermissions" name="test_06_all_data_scope_options_valid" time="0.582" /><testcase classname="tests.test_role_centric_permissions.TestRoleCentricPermissions" name="test_07_assign_role_to_user" time="0.471" /><testcase classname="tests.test_role_centric_permissions.TestRoleCentricPermissions" name="test_08_user_inherits_permissions_from_roles" time="0.108" /><testcase classname="tests.test_role_centric_permissions.TestRoleCentricPermissions" name="test_99_cleanup_test_role" time="0.110" /><testcase classname="tests.test_role_centric_permissions.TestRoleModulePermissionsEdgeCases" name="test_create_role_without_module_permissions" time="0.585" /><testcase classname="tests.test_role_centric_permissions.TestRoleModulePermissionsEdgeCases" name="test_create_role_with_empty_module_permissions" time="0.226" /><testcase classname="tests.test_role_centric_permissions.TestRoleModulePermissionsEdgeCases" name="test_update_role_add_new_module_with_permissions" time="0.318" /></testsuite></testsuites>