<?xml version="1.0" encoding="utf-8"?><testsuites name="pytest tests"><testsuite name="pytest" errors="0" failures="0" skipped="0" tests="23" time="3.623" timestamp="2026-03-09T02:52:27.004434+00:00" hostname="agent-env-decee466-a110-495d-afbf-630aad0be0a0"><testcase classname="backend.tests.test_task_templates.TestTemplateList" name="test_list_templates_success" time="0.564" /><testcase classname="backend.tests.test_task_templates.TestTemplateList" name="test_list_templates_with_project_filter" time="0.059" /><testcase classname="backend.tests.test_task_templates.TestTemplateList" name="test_existing_template_has_required_fields" time="0.071" /><testcase classname="backend.tests.test_task_templates.TestTemplateCreate" name="test_create_global_template" time="0.120" /><testcase classname="backend.tests.test_task_templates.TestTemplateCreate" name="test_create_project_specific_template" time="0.125" /><testcase classname="backend.tests.test_task_templates.TestTemplateCreate" name="test_create_template_with_checklist_items" time="0.119" /><testcase classname="backend.tests.test_task_templates.TestTemplateCreate" name="test_create_template_name_required" time="0.056" /><testcase classname="backend.tests.test_task_templates.TestTemplateGet" name="test_get_existing_template" time="0.050" /><testcase classname="backend.tests.test_task_templates.TestTemplateGet" name="test_get_nonexistent_template" time="0.054" /><testcase classname="backend.tests.test_task_templates.TestTemplateUpdate" name="test_update_template_name" time="0.225" /><testcase classname="backend.tests.test_task_templates.TestTemplateUpdate" name="test_update_template_priority" time="0.179" /><testcase classname="backend.tests.test_task_templates.TestTemplateUpdate" name="test_update_template_recurring" time="0.163" /><testcase classname="backend.tests.test_task_templates.TestTemplateUpdate" name="test_update_nonexistent_template" time="0.057" /><testcase classname="backend.tests.test_task_templates.TestTemplateDelete" name="test_delete_template" time="0.166" /><testcase classname="backend.tests.test_task_templates.TestTemplateDelete" name="test_delete_nonexistent_template" time="0.048" /><testcase classname="backend.tests.test_task_templates.TestCreateTaskFromTemplate" name="test_create_task_from_template_basic" time="0.235" /><testcase classname="backend.tests.test_task_templates.TestCreateTaskFromTemplate" name="test_create_task_from_template_with_overrides" time="0.244" /><testcase classname="backend.tests.test_task_templates.TestCreateTaskFromTemplate" name="test_create_task_from_template_creates_checklist" time="0.301" /><testcase classname="backend.tests.test_task_templates.TestCreateTaskFromTemplate" name="test_create_task_increments_usage_count" time="0.263" /><testcase classname="backend.tests.test_task_templates.TestCreateTaskFromTemplate" name="test_create_task_from_nonexistent_template" time="0.060" /><testcase classname="backend.tests.test_task_templates.TestCreateTaskFromTemplate" name="test_create_task_with_invalid_project" time="0.158" /><testcase classname="backend.tests.test_task_templates.TestExistingTemplateIntegration" name="test_existing_template_structure" time="0.050" /><testcase classname="backend.tests.test_task_templates.TestExistingTemplateIntegration" name="test_create_task_from_existing_template" time="0.188" /></testsuite></testsuites>