<?xml version="1.0" encoding="utf-8"?><testsuites name="pytest tests"><testsuite name="pytest" errors="0" failures="0" skipped="0" tests="14" time="8.275" timestamp="2026-03-10T23:23:59.861737+00:00" hostname="agent-env-decee466-a110-495d-afbf-630aad0be0a0"><testcase classname="backend.tests.test_social_posts_recurring.TestSocialPostsAPI" name="test_get_social_posts_returns_list" time="0.572" /><testcase classname="backend.tests.test_social_posts_recurring.TestSocialPostsAPI" name="test_get_social_posts_with_platform_filter" time="0.471" /><testcase classname="backend.tests.test_social_posts_recurring.TestSocialPostsAPI" name="test_get_social_posts_with_status_filter" time="0.473" /><testcase classname="backend.tests.test_social_posts_recurring.TestSocialPostsAPI" name="test_create_social_post_basic" time="0.625" /><testcase classname="backend.tests.test_social_posts_recurring.TestSocialPostsAPI" name="test_create_recurring_post_daily" time="0.733" /><testcase classname="backend.tests.test_social_posts_recurring.TestSocialPostsAPI" name="test_create_recurring_post_weekly" time="0.618" /><testcase classname="backend.tests.test_social_posts_recurring.TestSocialPostsAPI" name="test_create_recurring_post_biweekly" time="0.609" /><testcase classname="backend.tests.test_social_posts_recurring.TestSocialPostsAPI" name="test_create_recurring_post_monthly" time="0.620" /><testcase classname="backend.tests.test_social_posts_recurring.TestSocialPostsAPI" name="test_create_recurring_post_custom_days" time="0.585" /><testcase classname="backend.tests.test_social_posts_recurring.TestSocialPostsAPI" name="test_update_social_post" time="0.839" /><testcase classname="backend.tests.test_social_posts_recurring.TestSocialPostsAPI" name="test_update_nonexistent_post" time="0.466" /><testcase classname="backend.tests.test_social_posts_recurring.TestSocialPostsAPI" name="test_delete_social_post" time="0.700" /><testcase classname="backend.tests.test_social_posts_recurring.TestSocialPostsAPI" name="test_delete_nonexistent_post" time="0.473" /><testcase classname="backend.tests.test_social_posts_recurring.TestSocialPostsRecurringEndpoints" name="test_get_recurring_posts" time="0.441" /></testsuite></testsuites>