<?xml version="1.0" encoding="utf-8"?><testsuites name="pytest tests"><testsuite name="pytest" errors="0" failures="0" skipped="0" tests="12" time="7.151" timestamp="2026-03-10T06:49:11.798836+00:00" hostname="agent-env-decee466-a110-495d-afbf-630aad0be0a0"><testcase classname="backend.tests.test_dropdown_mentions.TestObjectivesDropdownActions" name="test_objectives_list_api" time="0.626" /><testcase classname="backend.tests.test_dropdown_mentions.TestObjectivesDropdownActions" name="test_objective_get_single_api" time="0.547" /><testcase classname="backend.tests.test_dropdown_mentions.TestObjectivesDropdownActions" name="test_objective_update_api" time="0.542" /><testcase classname="backend.tests.test_dropdown_mentions.TestProjectsDropdownActions" name="test_projects_list_api" time="0.446" /><testcase classname="backend.tests.test_dropdown_mentions.TestProjectsDropdownActions" name="test_project_get_single_api" time="0.551" /><testcase classname="backend.tests.test_dropdown_mentions.TestProjectsDropdownActions" name="test_project_update_api" time="0.551" /><testcase classname="backend.tests.test_dropdown_mentions.TestMeetingScheduleFromDropdown" name="test_meeting_create_with_objective_link" time="0.656" /><testcase classname="backend.tests.test_dropdown_mentions.TestMeetingScheduleFromDropdown" name="test_meeting_create_with_project_link" time="0.666" /><testcase classname="backend.tests.test_dropdown_mentions.TestMentionsInComments" name="test_get_users_for_mentions" time="0.479" /><testcase classname="backend.tests.test_dropdown_mentions.TestMentionsInComments" name="test_create_comment_with_mentions" time="0.933" /><testcase classname="backend.tests.test_dropdown_mentions.TestMentionsInComments" name="test_comment_without_mentions" time="0.676" /><testcase classname="backend.tests.test_dropdown_mentions.TestNotificationsForMentions" name="test_notifications_endpoint_exists" time="0.447" /></testsuite></testsuites>