<?xml version="1.0" encoding="utf-8"?><testsuites name="pytest tests"><testsuite name="pytest" errors="0" failures="0" skipped="0" tests="22" time="8.720" timestamp="2026-03-13T17:51:58.571202+00:00" hostname="agent-env-decee466-a110-495d-afbf-630aad0be0a0"><testcase classname="backend.tests.test_shared_mailboxes_entity_links.TestAuthentication" name="test_login_success" time="0.459" /><testcase classname="backend.tests.test_shared_mailboxes_entity_links.TestSharedMailboxesCRUD" name="test_list_shared_mailboxes" time="0.480" /><testcase classname="backend.tests.test_shared_mailboxes_entity_links.TestSharedMailboxesCRUD" name="test_create_shared_mailbox_success" time="0.301" /><testcase classname="backend.tests.test_shared_mailboxes_entity_links.TestSharedMailboxesCRUD" name="test_create_and_verify_persistence" time="0.403" /><testcase classname="backend.tests.test_shared_mailboxes_entity_links.TestSharedMailboxesCRUD" name="test_update_shared_mailbox" time="0.607" /><testcase classname="backend.tests.test_shared_mailboxes_entity_links.TestSharedMailboxesCRUD" name="test_delete_shared_mailbox" time="0.492" /><testcase classname="backend.tests.test_shared_mailboxes_entity_links.TestSharedMailboxesCRUD" name="test_delete_nonexistent_returns_404" time="0.128" /><testcase classname="backend.tests.test_shared_mailboxes_entity_links.TestSharedMailboxesCRUD" name="test_create_duplicate_email_returns_400" time="0.621" /><testcase classname="backend.tests.test_shared_mailboxes_entity_links.TestSharedMailboxesCRUD" name="test_get_my_mailboxes" time="0.146" /><testcase classname="backend.tests.test_shared_mailboxes_entity_links.TestEntityLinksCRUD" name="test_list_entity_links" time="0.504" /><testcase classname="backend.tests.test_shared_mailboxes_entity_links.TestEntityLinksCRUD" name="test_get_available_campaigns" time="0.166" /><testcase classname="backend.tests.test_shared_mailboxes_entity_links.TestEntityLinksCRUD" name="test_create_entity_link_success" time="0.670" /><testcase classname="backend.tests.test_shared_mailboxes_entity_links.TestEntityLinksCRUD" name="test_create_and_verify_persistence" time="0.429" /><testcase classname="backend.tests.test_shared_mailboxes_entity_links.TestEntityLinksCRUD" name="test_get_links_for_entity" time="0.423" /><testcase classname="backend.tests.test_shared_mailboxes_entity_links.TestEntityLinksCRUD" name="test_get_campaign_linked_entities" time="0.999" /><testcase classname="backend.tests.test_shared_mailboxes_entity_links.TestEntityLinksCRUD" name="test_delete_entity_link" time="0.359" /><testcase classname="backend.tests.test_shared_mailboxes_entity_links.TestEntityLinksCRUD" name="test_delete_nonexistent_returns_404" time="0.147" /><testcase classname="backend.tests.test_shared_mailboxes_entity_links.TestEntityLinksCRUD" name="test_create_duplicate_link_returns_400" time="0.422" /><testcase classname="backend.tests.test_shared_mailboxes_entity_links.TestEntityLinksCRUD" name="test_list_with_filters" time="0.427" /><testcase classname="backend.tests.test_shared_mailboxes_entity_links.TestUnauthorizedAccess" name="test_shared_mailboxes_unauthorized" time="0.244" /><testcase classname="backend.tests.test_shared_mailboxes_entity_links.TestUnauthorizedAccess" name="test_entity_links_unauthorized" time="0.144" /><testcase classname="backend.tests.test_shared_mailboxes_entity_links.TestUnauthorizedAccess" name="test_campaigns_endpoint_unauthorized" time="0.115" /></testsuite></testsuites>