<?xml version="1.0" encoding="utf-8"?><testsuites name="pytest tests"><testsuite name="pytest" errors="0" failures="0" skipped="0" tests="21" time="3.293" timestamp="2026-03-09T21:48:15.260741+00:00" hostname="agent-env-decee466-a110-495d-afbf-630aad0be0a0"><testcase classname="backend.tests.test_meetings_phase3.TestDecisionLog" name="test_get_meeting_for_decisions" time="0.603" /><testcase classname="backend.tests.test_meetings_phase3.TestDecisionLog" name="test_add_decision_minimal" time="0.155" /><testcase classname="backend.tests.test_meetings_phase3.TestDecisionLog" name="test_add_decision_full" time="0.106" /><testcase classname="backend.tests.test_meetings_phase3.TestDecisionLog" name="test_verify_decisions_in_meeting" time="0.141" /><testcase classname="backend.tests.test_meetings_phase3.TestDecisionLog" name="test_delete_decision" time="0.173" /><testcase classname="backend.tests.test_meetings_phase3.TestDecisionLog" name="test_get_all_decisions" time="0.110" /><testcase classname="backend.tests.test_meetings_phase3.TestIssuesRisksTracker" name="test_add_issue" time="0.121" /><testcase classname="backend.tests.test_meetings_phase3.TestIssuesRisksTracker" name="test_add_risk" time="0.132" /><testcase classname="backend.tests.test_meetings_phase3.TestIssuesRisksTracker" name="test_verify_issues_risks_in_meeting" time="0.106" /><testcase classname="backend.tests.test_meetings_phase3.TestIssuesRisksTracker" name="test_update_issue_status_in_progress" time="0.107" /><testcase classname="backend.tests.test_meetings_phase3.TestIssuesRisksTracker" name="test_update_issue_status_resolved" time="0.255" /><testcase classname="backend.tests.test_meetings_phase3.TestIssuesRisksTracker" name="test_update_risk_status_mitigated" time="0.129" /><testcase classname="backend.tests.test_meetings_phase3.TestIssuesRisksTracker" name="test_delete_issue_risk" time="0.116" /><testcase classname="backend.tests.test_meetings_phase3.TestIssuesRisksTracker" name="test_get_all_issues_risks" time="0.112" /><testcase classname="backend.tests.test_meetings_phase3.TestIssuesRisksTracker" name="test_filter_issues_by_type" time="0.115" /><testcase classname="backend.tests.test_meetings_phase3.TestIssuesRisksTracker" name="test_filter_risks_by_type" time="0.113" /><testcase classname="backend.tests.test_meetings_phase3.TestCalendarAndAnalytics" name="test_get_calendar_meetings" time="0.130" /><testcase classname="backend.tests.test_meetings_phase3.TestCalendarAndAnalytics" name="test_get_analytics_overview" time="0.120" /><testcase classname="backend.tests.test_meetings_phase3.TestCalendarAndAnalytics" name="test_get_dashboard_overview" time="0.163" /><testcase classname="backend.tests.test_meetings_phase3.TestCleanup" name="test_cleanup_decisions" time="0.139" /><testcase classname="backend.tests.test_meetings_phase3.TestCleanup" name="test_cleanup_issues_risks" time="0.121" /></testsuite></testsuites>