<?xml version="1.0" encoding="utf-8"?><testsuites name="pytest tests"><testsuite name="pytest" errors="0" failures="0" skipped="0" tests="11" time="9.068" timestamp="2026-03-12T14:20:00.103223+00:00" hostname="agent-env-decee466-a110-495d-afbf-630aad0be0a0"><testcase classname="backend.tests.test_marketing_ops_sync.TestMarketingOpsSync" name="test_01_influencers_list_loads_with_data" time="0.543" /><testcase classname="backend.tests.test_marketing_ops_sync.TestMarketingOpsSync" name="test_02_click_influencer_shows_detail_with_correct_data" time="0.606" /><testcase classname="backend.tests.test_marketing_ops_sync.TestMarketingOpsSync" name="test_03_campaign_hub_page_loads_with_campaigns" time="0.514" /><testcase classname="backend.tests.test_marketing_ops_sync.TestMarketingOpsSync" name="test_04_create_new_campaign_and_verify" time="0.859" /><testcase classname="backend.tests.test_marketing_ops_sync.TestMarketingOpsSync" name="test_05_assign_influencer_to_campaign" time="1.071" /><testcase classname="backend.tests.test_marketing_ops_sync.TestMarketingOpsSync" name="test_06_pipeline_page_shows_influencers_with_status" time="0.461" /><testcase classname="backend.tests.test_marketing_ops_sync.TestMarketingOpsSync" name="test_07_change_pipeline_status_of_influencer" time="0.842" /><testcase classname="backend.tests.test_marketing_ops_sync.TestMarketingOpsSync" name="test_08_campaign_assignment_shows_on_influencer_detail" time="1.057" /><testcase classname="backend.tests.test_marketing_ops_sync.TestMarketingOpsSync" name="test_09_data_consistency_across_pages" time="0.765" /><testcase classname="backend.tests.test_marketing_ops_sync.TestMarketingOpsSync" name="test_10_navigation_between_pages" time="0.886" /><testcase classname="backend.tests.test_marketing_ops_sync.TestMarketingOpsIntegration" name="test_full_marketing_ops_workflow" time="1.443" /></testsuite></testsuites>