<?xml version="1.0" encoding="utf-8"?><testsuites name="pytest tests"><testsuite name="pytest" errors="0" failures="0" skipped="0" tests="9" time="4.389" timestamp="2026-03-09T22:04:35.177369+00:00" hostname="agent-env-decee466-a110-495d-afbf-630aad0be0a0"><testcase classname="tests.test_meetings_phase3_recurring.TestRecurringMeetings" name="test_create_weekly_recurring_meeting" time="0.521" /><testcase classname="tests.test_meetings_phase3_recurring.TestRecurringMeetings" name="test_verify_recurrence_badge_in_meeting_detail" time="0.119" /><testcase classname="tests.test_meetings_phase3_recurring.TestRecurringMeetings" name="test_complete_recurring_meeting_creates_next_occurrence" time="0.488" /><testcase classname="tests.test_meetings_phase3_recurring.TestRecurringMeetings" name="test_create_daily_recurring_meeting" time="0.120" /><testcase classname="tests.test_meetings_phase3_recurring.TestRecurringMeetings" name="test_create_monthly_recurring_meeting" time="0.108" /><testcase classname="tests.test_meetings_phase3_recurring.TestMeetingMinutesAutoGeneration" name="test_setup_meeting_with_decisions_and_issues" time="0.728" /><testcase classname="tests.test_meetings_phase3_recurring.TestMeetingMinutesAutoGeneration" name="test_auto_generate_minutes_includes_decisions_and_issues" time="0.511" /><testcase classname="tests.test_meetings_phase3_recurring.TestPreviousMeetingContext" name="test_previous_context_includes_decisions_and_issues" time="0.912" /><testcase classname="tests.test_meetings_phase3_recurring.TestCleanup" name="test_cleanup_test_meetings" time="0.862" /></testsuite></testsuites>