<?xml version="1.0" encoding="utf-8"?><testsuites name="pytest tests"><testsuite name="pytest" errors="0" failures="0" skipped="0" tests="24" time="7.892" timestamp="2026-03-09T15:54:29.665887+00:00" hostname="agent-env-decee466-a110-495d-afbf-630aad0be0a0"><testcase classname="backend.tests.test_expense_module.TestExpenseModuleBasics" name="test_login_success" time="0.409" /><testcase classname="backend.tests.test_expense_module.TestExpenseClaimSubmission" name="test_get_my_claims_empty_or_list" time="0.475" /><testcase classname="backend.tests.test_expense_module.TestExpenseClaimSubmission" name="test_get_my_stats" time="0.120" /><testcase classname="backend.tests.test_expense_module.TestExpenseClaimSubmission" name="test_submit_claim_without_declaration_fails" time="0.172" /><testcase classname="backend.tests.test_expense_module.TestExpenseClaimSubmission" name="test_submit_claim_without_entries_fails" time="0.102" /><testcase classname="backend.tests.test_expense_module.TestExpenseClaimSubmission" name="test_submit_valid_claim_single_entry" time="0.155" /><testcase classname="backend.tests.test_expense_module.TestExpenseClaimSubmission" name="test_submit_valid_claim_multiple_entries" time="0.571" /><testcase classname="backend.tests.test_expense_module.TestExpenseClaimSubmission" name="test_claim_id_increments_correctly" time="0.220" /><testcase classname="backend.tests.test_expense_module.TestExpenseClaimFilters" name="test_filter_my_claims_by_status_pending" time="0.511" /><testcase classname="backend.tests.test_expense_module.TestExpenseClaimFilters" name="test_filter_my_claims_by_status_approved" time="0.124" /><testcase classname="backend.tests.test_expense_module.TestHRApprovalActions" name="test_get_all_claims_hr" time="0.506" /><testcase classname="backend.tests.test_expense_module.TestHRApprovalActions" name="test_get_hr_stats" time="0.117" /><testcase classname="backend.tests.test_expense_module.TestHRApprovalActions" name="test_filter_all_claims_by_status" time="0.115" /><testcase classname="backend.tests.test_expense_module.TestHRApprovalActions" name="test_approve_claim" time="0.378" /><testcase classname="backend.tests.test_expense_module.TestHRApprovalActions" name="test_reject_claim_without_reason_fails" time="0.232" /><testcase classname="backend.tests.test_expense_module.TestHRApprovalActions" name="test_reject_claim_with_reason" time="0.378" /><testcase classname="backend.tests.test_expense_module.TestHRApprovalActions" name="test_cannot_approve_already_approved" time="0.345" /><testcase classname="backend.tests.test_expense_module.TestFileUpload" name="test_upload_image_receipt" time="0.488" /><testcase classname="backend.tests.test_expense_module.TestFileUpload" name="test_upload_invalid_file_type_fails" time="0.104" /><testcase classname="backend.tests.test_expense_module.TestClaimDetailAccess" name="test_get_claim_by_id" time="0.638" /><testcase classname="backend.tests.test_expense_module.TestClaimDetailAccess" name="test_get_claim_by_sevrc_id" time="0.226" /><testcase classname="backend.tests.test_expense_module.TestClaimDetailAccess" name="test_get_nonexistent_claim_404" time="0.118" /><testcase classname="backend.tests.test_expense_module.TestStatisticsUpdates" name="test_stats_update_after_submission" time="0.804" /><testcase classname="backend.tests.test_expense_module.TestStatisticsUpdates" name="test_hr_stats_update_after_approval" time="0.507" /></testsuite></testsuites>