<?xml version="1.0" encoding="utf-8"?><testsuites name="pytest tests"><testsuite name="pytest" errors="0" failures="0" skipped="0" tests="10" time="2.624" timestamp="2026-03-12T22:58:24.533167+00:00" hostname="agent-env-decee466-a110-495d-afbf-630aad0be0a0"><testcase classname="tests.test_3d_permissions.TestThreeDimensionalPermissions" name="test_01_get_users_list" time="0.566" /><testcase classname="tests.test_3d_permissions.TestThreeDimensionalPermissions" name="test_02_get_user_module_access" time="0.147" /><testcase classname="tests.test_3d_permissions.TestThreeDimensionalPermissions" name="test_03_update_user_module_access_with_crud_permissions" time="0.131" /><testcase classname="tests.test_3d_permissions.TestThreeDimensionalPermissions" name="test_04_verify_data_scope_options" time="0.499" /><testcase classname="tests.test_3d_permissions.TestThreeDimensionalPermissions" name="test_05_verify_others_data_permissions" time="0.139" /><testcase classname="tests.test_3d_permissions.TestThreeDimensionalPermissions" name="test_06_verify_crud_flags" time="0.141" /><testcase classname="tests.test_3d_permissions.TestThreeDimensionalPermissions" name="test_07_get_all_system_modules" time="0.137" /><testcase classname="tests.test_3d_permissions.TestThreeDimensionalPermissions" name="test_08_verify_permissions_persisted_in_user_document" time="0.269" /><testcase classname="tests.test_3d_permissions.TestPermissionUtilities" name="test_get_default_modules_list" time="0.449" /><testcase classname="tests.test_3d_permissions.TestPermissionUtilities" name="test_get_module_categories" time="0.112" /></testsuite></testsuites>