<?xml version="1.0" encoding="utf-8"?><testsuites name="pytest tests"><testsuite name="pytest" errors="0" failures="0" skipped="0" tests="17" time="3.776" timestamp="2026-03-09T20:36:42.873846+00:00" hostname="agent-env-decee466-a110-495d-afbf-630aad0be0a0"><testcase classname="backend.tests.test_recurring_tasks.TestRecurringTaskTemplates" name="test_01_recurring_dashboard" time="0.550" /><testcase classname="backend.tests.test_recurring_tasks.TestRecurringTaskTemplates" name="test_02_list_templates_empty_or_existing" time="0.174" /><testcase classname="backend.tests.test_recurring_tasks.TestRecurringTaskTemplates" name="test_03_create_recurring_template" time="0.241" /><testcase classname="backend.tests.test_recurring_tasks.TestRecurringTaskTemplates" name="test_04_get_recurring_template_by_id" time="0.231" /><testcase classname="backend.tests.test_recurring_tasks.TestRecurringTaskTemplates" name="test_05_update_recurring_template" time="0.122" /><testcase classname="backend.tests.test_recurring_tasks.TestRecurringTaskTemplates" name="test_06_pause_recurring_template" time="0.255" /><testcase classname="backend.tests.test_recurring_tasks.TestRecurringTaskTemplates" name="test_07_resume_recurring_template" time="0.247" /><testcase classname="backend.tests.test_recurring_tasks.TestRecurringTaskTemplates" name="test_08_generate_task_now" time="0.381" /><testcase classname="backend.tests.test_recurring_tasks.TestRecurringTaskTemplates" name="test_09_get_generated_tasks" time="0.119" /><testcase classname="backend.tests.test_recurring_tasks.TestRecurringTaskTemplates" name="test_10_verify_generated_task_has_parent_recurring_id" time="0.121" /><testcase classname="backend.tests.test_recurring_tasks.TestRecurringTaskTemplates" name="test_11_filter_templates_by_status" time="0.111" /><testcase classname="backend.tests.test_recurring_tasks.TestRecurringTaskTemplates" name="test_12_filter_templates_by_recurrence_type" time="0.153" /><testcase classname="backend.tests.test_recurring_tasks.TestRecurringTaskTemplates" name="test_13_search_templates" time="0.108" /><testcase classname="backend.tests.test_recurring_tasks.TestRecurringTaskTemplates" name="test_14_delete_recurring_template" time="0.240" /><testcase classname="backend.tests.test_recurring_tasks.TestRecurringTaskTemplates" name="test_15_get_nonexistent_template" time="0.114" /><testcase classname="backend.tests.test_recurring_tasks.TestRecurringTaskTemplates" name="test_16_create_template_monthly_weekday_type" time="0.260" /><testcase classname="backend.tests.test_recurring_tasks.TestRecurringTaskTemplates" name="test_17_create_template_with_end_date" time="0.296" /></testsuite></testsuites>