<?xml version="1.0" encoding="utf-8"?><testsuites name="pytest tests"><testsuite name="pytest" errors="0" failures="0" skipped="0" tests="11" time="4.473" timestamp="2026-03-09T00:42:47.571446+00:00" hostname="agent-env-decee466-a110-495d-afbf-630aad0be0a0"><testcase classname="backend.tests.test_project_dependencies.TestProjectDependencies" name="test_project_creation_auto_generates_project_id" time="0.571" /><testcase classname="backend.tests.test_project_dependencies.TestProjectDependencies" name="test_project_creation_with_project_type" time="0.776" /><testcase classname="backend.tests.test_project_dependencies.TestProjectDependencies" name="test_project_creation_with_department" time="0.284" /><testcase classname="backend.tests.test_project_dependencies.TestProjectDependencies" name="test_project_creation_with_project_manager" time="0.289" /><testcase classname="backend.tests.test_project_dependencies.TestProjectDependencies" name="test_project_list_returns_project_id_badge" time="0.060" /><testcase classname="backend.tests.test_project_dependencies.TestProjectDependencies" name="test_task_creation_with_dependencies" time="0.344" /><testcase classname="backend.tests.test_project_dependencies.TestProjectDependencies" name="test_task_dependency_update" time="0.422" /><testcase classname="backend.tests.test_project_dependencies.TestProjectDependencies" name="test_blocked_task_cannot_move_to_in_progress" time="0.366" /><testcase classname="backend.tests.test_project_dependencies.TestProjectDependencies" name="test_task_can_move_after_dependency_resolved" time="0.460" /><testcase classname="backend.tests.test_project_dependencies.TestProjectDependencies" name="test_task_response_includes_dependency_names" time="0.452" /><testcase classname="backend.tests.test_project_dependencies.TestProjectDependencies" name="test_remove_dependency" time="0.427" /></testsuite></testsuites>