<?xml version="1.0" encoding="utf-8"?><testsuites name="pytest tests"><testsuite name="pytest" errors="0" failures="0" skipped="0" tests="18" time="10.397" timestamp="2026-03-17T19:42:13.523135+00:00" hostname="agent-env-decee466-a110-495d-afbf-630aad0be0a0"><testcase classname="backend.tests.test_data_scope_filtering.TestDataScopeFiltering" name="test_projects_list_returns_200" time="0.654" /><testcase classname="backend.tests.test_data_scope_filtering.TestDataScopeFiltering" name="test_projects_list_returns_data_structure" time="0.595" /><testcase classname="backend.tests.test_data_scope_filtering.TestDataScopeFiltering" name="test_admin_sees_all_projects" time="0.581" /><testcase classname="backend.tests.test_data_scope_filtering.TestDataScopeFiltering" name="test_projects_list_with_filters" time="0.647" /><testcase classname="backend.tests.test_data_scope_filtering.TestDataScopeFiltering" name="test_tasks_all_returns_200" time="0.611" /><testcase classname="backend.tests.test_data_scope_filtering.TestDataScopeFiltering" name="test_tasks_returns_data_structure" time="0.878" /><testcase classname="backend.tests.test_data_scope_filtering.TestDataScopeFiltering" name="test_admin_sees_all_tasks" time="0.641" /><testcase classname="backend.tests.test_data_scope_filtering.TestDataScopeFiltering" name="test_tasks_with_filters" time="0.681" /><testcase classname="backend.tests.test_data_scope_filtering.TestDataScopeFiltering" name="test_employees_list_returns_200" time="0.495" /><testcase classname="backend.tests.test_data_scope_filtering.TestDataScopeFiltering" name="test_employees_returns_data_structure" time="0.512" /><testcase classname="backend.tests.test_data_scope_filtering.TestDataScopeFiltering" name="test_admin_sees_all_employees" time="0.573" /><testcase classname="backend.tests.test_data_scope_filtering.TestDataScopeFiltering" name="test_employees_with_filters" time="0.470" /><testcase classname="backend.tests.test_data_scope_filtering.TestDataScopeFiltering" name="test_employees_with_department_filter" time="0.625" /><testcase classname="backend.tests.test_data_scope_filtering.TestDataScopeFiltering" name="test_departments_endpoint_works" time="0.506" /><testcase classname="backend.tests.test_data_scope_filtering.TestDataScopeFiltering" name="test_my_tasks_endpoint_works" time="0.480" /><testcase classname="backend.tests.test_data_scope_filtering.TestDataScopeFiltering" name="test_manager_dashboard_works" time="0.468" /><testcase classname="backend.tests.test_data_scope_filtering.TestPermissionsUtility" name="test_user_has_role_info" time="0.339" /><testcase classname="backend.tests.test_data_scope_filtering.TestPermissionsUtility" name="test_projects_have_permissions" time="0.593" /></testsuite></testsuites>