<?xml version="1.0" encoding="utf-8"?><testsuites name="pytest tests"><testsuite name="pytest" errors="0" failures="0" skipped="0" tests="13" time="9.136" timestamp="2026-03-10T16:34:34.839451+00:00" hostname="agent-env-decee466-a110-495d-afbf-630aad0be0a0"><testcase classname="backend.tests.test_admin_bug_fixes_iteration57.TestUserDeleteEndpoint" name="test_user_delete_endpoint_not_405" time="0.576" /><testcase classname="backend.tests.test_admin_bug_fixes_iteration57.TestBulkUserStatusUpdate" name="test_bulk_status_endpoint_exists" time="0.142" /><testcase classname="backend.tests.test_admin_bug_fixes_iteration57.TestBulkUserStatusUpdate" name="test_bulk_status_update_works" time="0.251" /><testcase classname="backend.tests.test_admin_bug_fixes_iteration57.TestBulkUserDelete" name="test_bulk_delete_endpoint_exists" time="0.111" /><testcase classname="backend.tests.test_admin_bug_fixes_iteration57.TestBulkUserDelete" name="test_bulk_delete_validates_empty_ids" time="0.117" /><testcase classname="backend.tests.test_admin_bug_fixes_iteration57.TestEmployeeTerminate" name="test_employee_terminate_endpoint_not_405" time="0.255" /><testcase classname="backend.tests.test_admin_bug_fixes_iteration57.TestBulkEmployeeOperations" name="test_bulk_employee_terminate_endpoint_exists" time="0.120" /><testcase classname="backend.tests.test_admin_bug_fixes_iteration57.TestBulkEmployeeOperations" name="test_bulk_employee_status_endpoint_exists" time="0.107" /><testcase classname="backend.tests.test_admin_bug_fixes_iteration57.TestBulkEmployeeOperations" name="test_bulk_employee_status_validates_status_values" time="0.143" /><testcase classname="backend.tests.test_admin_bug_fixes_iteration57.TestAIMeetingSummary" name="test_ai_summary_endpoint_exists" time="6.714" /><testcase classname="backend.tests.test_admin_bug_fixes_iteration57.TestAIMeetingSummary" name="test_ai_summary_returns_404_for_nonexistent" time="0.136" /><testcase classname="backend.tests.test_admin_bug_fixes_iteration57.TestEndpointBasics" name="test_workos_users_endpoint" time="0.194" /><testcase classname="backend.tests.test_admin_bug_fixes_iteration57.TestEndpointBasics" name="test_hr_v2_employees_endpoint" time="0.227" /></testsuite></testsuites>