<?xml version="1.0" encoding="utf-8"?><testsuites name="pytest tests"><testsuite name="pytest" errors="0" failures="0" skipped="0" tests="26" time="12.022" timestamp="2026-03-13T17:23:48.759920+00:00" hostname="agent-env-decee466-a110-495d-afbf-630aad0be0a0"><testcase classname="backend.tests.test_email_features.TestEmailTemplatesCRUD" name="test_get_templates_empty_or_existing" time="0.622" /><testcase classname="backend.tests.test_email_features.TestEmailTemplatesCRUD" name="test_create_template_success" time="0.147" /><testcase classname="backend.tests.test_email_features.TestEmailTemplatesCRUD" name="test_create_template_with_default_category" time="0.177" /><testcase classname="backend.tests.test_email_features.TestEmailTemplatesCRUD" name="test_create_template_and_verify_persistence" time="0.240" /><testcase classname="backend.tests.test_email_features.TestEmailTemplatesCRUD" name="test_update_template_success" time="0.278" /><testcase classname="backend.tests.test_email_features.TestEmailTemplatesCRUD" name="test_update_template_and_verify_persistence" time="0.399" /><testcase classname="backend.tests.test_email_features.TestEmailTemplatesCRUD" name="test_update_nonexistent_template_returns_404" time="0.117" /><testcase classname="backend.tests.test_email_features.TestEmailTemplatesCRUD" name="test_delete_template_success" time="2.766" /><testcase classname="backend.tests.test_email_features.TestEmailTemplatesCRUD" name="test_delete_nonexistent_template_returns_404" time="0.134" /><testcase classname="backend.tests.test_email_features.TestEmailTemplatesCRUD" name="test_get_templates_by_category" time="1.190" /><testcase classname="backend.tests.test_email_features.TestEmailSignaturesCRUD" name="test_get_signatures_empty_or_existing" time="0.444" /><testcase classname="backend.tests.test_email_features.TestEmailSignaturesCRUD" name="test_create_signature_success" time="0.127" /><testcase classname="backend.tests.test_email_features.TestEmailSignaturesCRUD" name="test_create_signature_and_verify_persistence" time="0.255" /><testcase classname="backend.tests.test_email_features.TestEmailSignaturesCRUD" name="test_create_default_signature_unsets_others" time="0.397" /><testcase classname="backend.tests.test_email_features.TestEmailSignaturesCRUD" name="test_update_signature_success" time="0.257" /><testcase classname="backend.tests.test_email_features.TestEmailSignaturesCRUD" name="test_update_signature_to_default_unsets_others" time="0.547" /><testcase classname="backend.tests.test_email_features.TestEmailSignaturesCRUD" name="test_update_nonexistent_signature_returns_404" time="0.126" /><testcase classname="backend.tests.test_email_features.TestEmailSignaturesCRUD" name="test_delete_signature_success" time="0.393" /><testcase classname="backend.tests.test_email_features.TestEmailSignaturesCRUD" name="test_delete_nonexistent_signature_returns_404" time="0.115" /><testcase classname="backend.tests.test_email_features.TestEmailSignaturesCRUD" name="test_signature_with_html_content" time="1.622" /><testcase classname="backend.tests.test_email_features.TestEmailFeaturesUnauthorized" name="test_get_templates_unauthorized" time="0.166" /><testcase classname="backend.tests.test_email_features.TestEmailFeaturesUnauthorized" name="test_get_signatures_unauthorized" time="0.147" /><testcase classname="backend.tests.test_email_features.TestEmailFeaturesUnauthorized" name="test_create_template_unauthorized" time="0.125" /><testcase classname="backend.tests.test_email_features.TestEmailFeaturesUnauthorized" name="test_create_signature_unauthorized" time="0.117" /><testcase classname="backend.tests.test_email_features.TestEmailFeaturesValidation" name="test_create_template_missing_required_fields" time="0.792" /><testcase classname="backend.tests.test_email_features.TestEmailFeaturesValidation" name="test_create_signature_missing_required_fields" time="0.250" /></testsuite></testsuites>