<?xml version="1.0" encoding="utf-8"?><testsuites name="pytest tests"><testsuite name="pytest" errors="0" failures="0" skipped="0" tests="23" time="5.710" timestamp="2026-03-14T03:39:32.645250+00:00" hostname="agent-env-decee466-a110-495d-afbf-630aad0be0a0"><testcase classname="backend.tests.test_project_management_new_features.TestAuthentication" name="test_login_success" time="0.430" /><testcase classname="backend.tests.test_project_management_new_features.TestKanbanBoard" name="test_get_kanban_board_all_tasks" time="0.464" /><testcase classname="backend.tests.test_project_management_new_features.TestKanbanBoard" name="test_get_kanban_board_with_project_filter" time="0.075" /><testcase classname="backend.tests.test_project_management_new_features.TestKanbanBoard" name="test_move_task_on_kanban" time="0.234" /><testcase classname="backend.tests.test_project_management_new_features.TestSprints" name="test_list_sprints_for_project" time="0.076" /><testcase classname="backend.tests.test_project_management_new_features.TestSprints" name="test_create_sprint" time="0.150" /><testcase classname="backend.tests.test_project_management_new_features.TestSprints" name="test_update_sprint" time="0.223" /><testcase classname="backend.tests.test_project_management_new_features.TestSprints" name="test_start_sprint" time="0.241" /><testcase classname="backend.tests.test_project_management_new_features.TestSprints" name="test_complete_sprint" time="0.315" /><testcase classname="backend.tests.test_project_management_new_features.TestMilestones" name="test_list_milestones_for_project" time="0.083" /><testcase classname="backend.tests.test_project_management_new_features.TestMilestones" name="test_create_milestone" time="0.146" /><testcase classname="backend.tests.test_project_management_new_features.TestMilestones" name="test_update_milestone" time="0.222" /><testcase classname="backend.tests.test_project_management_new_features.TestMilestones" name="test_complete_milestone" time="0.227" /><testcase classname="backend.tests.test_project_management_new_features.TestTaskWatchers" name="test_watch_task" time="0.208" /><testcase classname="backend.tests.test_project_management_new_features.TestTaskWatchers" name="test_unwatch_task" time="0.285" /><testcase classname="backend.tests.test_project_management_new_features.TestTaskWatchers" name="test_get_task_watchers" time="0.279" /><testcase classname="backend.tests.test_project_management_new_features.TestBulkOperations" name="test_bulk_update_tasks" time="0.514" /><testcase classname="backend.tests.test_project_management_new_features.TestBulkOperations" name="test_bulk_update_tasks_status" time="0.535" /><testcase classname="backend.tests.test_project_management_new_features.TestTaskDuplication" name="test_duplicate_task" time="0.303" /><testcase classname="backend.tests.test_project_management_new_features.TestTaskDuplication" name="test_duplicate_task_with_custom_name" time="0.298" /><testcase classname="backend.tests.test_project_management_new_features.TestSidebarNavigation" name="test_kanban_route_accessible" time="0.163" /><testcase classname="backend.tests.test_project_management_new_features.TestSidebarNavigation" name="test_sprints_route_accessible" time="0.077" /><testcase classname="backend.tests.test_project_management_new_features.TestSidebarNavigation" name="test_milestones_route_accessible" time="0.103" /></testsuite></testsuites>