<?xml version="1.0" encoding="utf-8"?><testsuites name="pytest tests"><testsuite name="pytest" errors="0" failures="0" skipped="0" tests="20" time="2.036" timestamp="2026-03-28T08:20:08.873469+00:00" hostname="agent-env-decee466-a110-495d-afbf-630aad0be0a0"><testcase classname="tests.test_rbac_system.TestRBACRolesEndpoint" name="test_get_roles_returns_list" time="0.566" /><testcase classname="tests.test_rbac_system.TestRBACRolesEndpoint" name="test_roles_have_required_fields" time="0.054" /><testcase classname="tests.test_rbac_system.TestRBACRolesEndpoint" name="test_roles_have_user_count" time="0.054" /><testcase classname="tests.test_rbac_system.TestRBACModulesEndpoint" name="test_get_modules_returns_data" time="0.050" /><testcase classname="tests.test_rbac_system.TestRBACModulesEndpoint" name="test_modules_have_required_fields" time="0.047" /><testcase classname="tests.test_rbac_system.TestRBACModulesEndpoint" name="test_modules_have_categories" time="0.046" /><testcase classname="tests.test_rbac_system.TestRBACPresetsEndpoint" name="test_get_presets_returns_data" time="0.049" /><testcase classname="tests.test_rbac_system.TestRBACPresetsEndpoint" name="test_presets_have_crud_permissions" time="0.046" /><testcase classname="tests.test_rbac_system.TestRBACPresetsEndpoint" name="test_presets_data_scope_values" time="0.045" /><testcase classname="tests.test_rbac_system.TestRBACUserPermissionsEndpoint" name="test_get_user_permissions" time="0.136" /><testcase classname="tests.test_rbac_system.TestRBACUserPermissionsEndpoint" name="test_admin_user_has_full_access" time="0.093" /><testcase classname="tests.test_rbac_system.TestRBACUserPermissionsEndpoint" name="test_invalid_user_returns_404" time="0.062" /><testcase classname="tests.test_rbac_system.TestRBACRoleCRUD" name="test_create_role" time="0.101" /><testcase classname="tests.test_rbac_system.TestRBACRoleCRUD" name="test_get_single_role" time="0.101" /><testcase classname="tests.test_rbac_system.TestRBACRoleCRUD" name="test_update_role" time="0.142" /><testcase classname="tests.test_rbac_system.TestRBACRoleCRUD" name="test_delete_role" time="0.144" /><testcase classname="tests.test_rbac_system.TestRBACModulePermissions" name="test_crud_checkboxes_structure" time="0.056" /><testcase classname="tests.test_rbac_system.TestRBACModulePermissions" name="test_data_scope_options" time="0.046" /><testcase classname="tests.test_rbac_system.TestAdminUsersEndpoint" name="test_get_users_list" time="0.065" /><testcase classname="tests.test_rbac_system.TestAdminUsersEndpoint" name="test_users_have_required_fields" time="0.066" /></testsuite></testsuites>