<?xml version="1.0" encoding="utf-8"?><testsuites name="pytest tests"><testsuite name="pytest" errors="0" failures="0" skipped="0" tests="28" time="4.480" timestamp="2026-03-11T22:51:20.978270+00:00" hostname="agent-env-decee466-a110-495d-afbf-630aad0be0a0"><testcase classname="tests.test_vms_phase2.TestVMSPhase2" name="test_01_create_vendor_1" time="0.450" /><testcase classname="tests.test_vms_phase2.TestVMSPhase2" name="test_02_create_vendor_2" time="0.125" /><testcase classname="tests.test_vms_phase2.TestVMSPhase2" name="test_03_create_vendor_3" time="0.125" /><testcase classname="tests.test_vms_phase2.TestVMSPhase2" name="test_04_create_work_request" time="0.126" /><testcase classname="tests.test_vms_phase2.TestVMSPhase2" name="test_05_add_proposal_from_vendor_1" time="0.141" /><testcase classname="tests.test_vms_phase2.TestVMSPhase2" name="test_06_add_proposal_from_vendor_2" time="0.150" /><testcase classname="tests.test_vms_phase2.TestVMSPhase2" name="test_07_add_proposal_from_vendor_3" time="0.120" /><testcase classname="tests.test_vms_phase2.TestVMSPhase2" name="test_08_get_proposals_comparison" time="0.128" /><testcase classname="tests.test_vms_phase2.TestVMSPhase2" name="test_09_select_proposal" time="0.210" /><testcase classname="tests.test_vms_phase2.TestVMSPhase2" name="test_10_submit_for_approval" time="0.174" /><testcase classname="tests.test_vms_phase2.TestVMSPhase2" name="test_11_get_pending_approvals" time="0.127" /><testcase classname="tests.test_vms_phase2.TestVMSPhase2" name="test_12_approve_team_lead_level" time="0.120" /><testcase classname="tests.test_vms_phase2.TestVMSPhase2" name="test_13_approve_manager_level" time="0.128" /><testcase classname="tests.test_vms_phase2.TestVMSPhase2" name="test_14_approve_finance_level" time="0.170" /><testcase classname="tests.test_vms_phase2.TestVMSPhase2" name="test_15_create_work_order" time="0.124" /><testcase classname="tests.test_vms_phase2.TestVMSPhase2" name="test_16_create_advance_payment" time="0.149" /><testcase classname="tests.test_vms_phase2.TestVMSPhase2" name="test_17_create_milestone_payment" time="0.127" /><testcase classname="tests.test_vms_phase2.TestVMSPhase2" name="test_18_create_final_payment" time="0.121" /><testcase classname="tests.test_vms_phase2.TestVMSPhase2" name="test_19_get_work_order_payments" time="0.129" /><testcase classname="tests.test_vms_phase2.TestVMSPhase2" name="test_20_create_recurring_work" time="0.152" /><testcase classname="tests.test_vms_phase2.TestVMSPhase2" name="test_21_list_recurring_work" time="0.131" /><testcase classname="tests.test_vms_phase2.TestVMSPhase2" name="test_22_create_work_order_from_recurring" time="0.194" /><testcase classname="tests.test_vms_phase2.TestVMSPhase2" name="test_23_create_po_invoice_record" time="0.112" /><testcase classname="tests.test_vms_phase2.TestVMSPhase2" name="test_24_list_po_invoices" time="0.116" /><testcase classname="tests.test_vms_phase2.TestVMSPhase2" name="test_25_filter_po_invoices_by_work_order" time="0.100" /><testcase classname="tests.test_vms_phase2.TestVMSPhase2" name="test_26_submit_without_vendor_selection" time="0.192" /><testcase classname="tests.test_vms_phase2.TestVMSPhase2" name="test_27_add_proposal_to_nonexistent_requirement" time="0.135" /><testcase classname="tests.test_vms_phase2.TestVMSPhase2" name="test_28_approval_rejection_flow" time="0.353" /></testsuite></testsuites>