<?xml version="1.0" encoding="utf-8"?><testsuites name="pytest tests"><testsuite name="pytest" errors="0" failures="0" skipped="0" tests="20" time="5.063" timestamp="2026-03-09T18:30:47.335263+00:00" hostname="agent-env-decee466-a110-495d-afbf-630aad0be0a0"><testcase classname="backend.tests.test_global_search_manager_dashboard.TestGlobalSearch" name="test_projects_list_endpoint_exists" time="0.592" /><testcase classname="backend.tests.test_global_search_manager_dashboard.TestGlobalSearch" name="test_projects_search_with_query" time="0.338" /><testcase classname="backend.tests.test_global_search_manager_dashboard.TestGlobalSearch" name="test_projects_search_by_project_id" time="0.254" /><testcase classname="backend.tests.test_global_search_manager_dashboard.TestGlobalSearch" name="test_projects_search_no_results" time="0.136" /><testcase classname="backend.tests.test_global_search_manager_dashboard.TestGlobalSearch" name="test_tasks_all_endpoint_exists" time="0.193" /><testcase classname="backend.tests.test_global_search_manager_dashboard.TestGlobalSearch" name="test_tasks_search_with_query" time="0.313" /><testcase classname="backend.tests.test_global_search_manager_dashboard.TestGlobalSearch" name="test_tasks_search_by_description" time="0.150" /><testcase classname="backend.tests.test_global_search_manager_dashboard.TestManagerDashboard" name="test_manager_dashboard_endpoint_exists" time="0.546" /><testcase classname="backend.tests.test_global_search_manager_dashboard.TestManagerDashboard" name="test_manager_dashboard_project_stats" time="0.123" /><testcase classname="backend.tests.test_global_search_manager_dashboard.TestManagerDashboard" name="test_manager_dashboard_task_stats" time="0.128" /><testcase classname="backend.tests.test_global_search_manager_dashboard.TestManagerDashboard" name="test_manager_dashboard_projects_by_status" time="0.188" /><testcase classname="backend.tests.test_global_search_manager_dashboard.TestManagerDashboard" name="test_manager_dashboard_projects_by_priority" time="0.133" /><testcase classname="backend.tests.test_global_search_manager_dashboard.TestManagerDashboard" name="test_manager_dashboard_weekly_completion" time="0.143" /><testcase classname="backend.tests.test_global_search_manager_dashboard.TestManagerDashboard" name="test_manager_dashboard_team_workload" time="0.198" /><testcase classname="backend.tests.test_global_search_manager_dashboard.TestManagerDashboard" name="test_manager_dashboard_at_risk_projects" time="0.138" /><testcase classname="backend.tests.test_global_search_manager_dashboard.TestManagerDashboard" name="test_manager_dashboard_upcoming_deadlines" time="0.156" /><testcase classname="backend.tests.test_global_search_manager_dashboard.TestManagerDashboard" name="test_manager_dashboard_recent_activity" time="0.138" /><testcase classname="backend.tests.test_global_search_manager_dashboard.TestManagerDashboard" name="test_manager_dashboard_data_consistency" time="0.136" /><testcase classname="backend.tests.test_global_search_manager_dashboard.TestSearchIntegration" name="test_search_result_project_navigable" time="0.588" /><testcase classname="backend.tests.test_global_search_manager_dashboard.TestSearchIntegration" name="test_search_result_task_has_project_id" time="0.410" /></testsuite></testsuites>