<?xml version="1.0" encoding="utf-8"?><testsuites name="pytest tests"><testsuite name="pytest" errors="0" failures="0" skipped="0" tests="14" time="1.394" timestamp="2026-03-11T09:31:41.363104+00:00" hostname="agent-env-decee466-a110-495d-afbf-630aad0be0a0"><testcase classname="backend.tests.test_work_updates_linking.TestWorkUpdatesLinking" name="test_get_linkable_items_endpoint_exists" time="0.421" /><testcase classname="backend.tests.test_work_updates_linking.TestWorkUpdatesLinking" name="test_linkable_items_structure" time="0.057" /><testcase classname="backend.tests.test_work_updates_linking.TestWorkUpdatesLinking" name="test_linkable_items_with_search" time="0.058" /><testcase classname="backend.tests.test_work_updates_linking.TestWorkUpdatesLinking" name="test_linkable_items_filter_by_type_task" time="0.066" /><testcase classname="backend.tests.test_work_updates_linking.TestWorkUpdatesLinking" name="test_linkable_items_filter_by_type_project" time="0.057" /><testcase classname="backend.tests.test_work_updates_linking.TestWorkUpdatesLinking" name="test_submit_daily_update_with_linked_item" time="0.110" /><testcase classname="backend.tests.test_work_updates_linking.TestWorkUpdatesLinking" name="test_submit_daily_update_legacy_format" time="0.053" /><testcase classname="backend.tests.test_work_updates_linking.TestWorkUpdatesLinking" name="test_submit_daily_update_mixed_items" time="0.113" /><testcase classname="backend.tests.test_work_updates_linking.TestWorkUpdatesLinking" name="test_submit_weekly_update_with_linked_item" time="0.124" /><testcase classname="backend.tests.test_work_updates_linking.TestWorkUpdatesLinking" name="test_submit_weekly_update_legacy_format" time="0.054" /><testcase classname="backend.tests.test_work_updates_linking.TestWorkUpdatesLinking" name="test_daily_updates_contain_linked_items" time="0.059" /><testcase classname="backend.tests.test_work_updates_linking.TestWorkUpdatesLinking" name="test_weekly_updates_contain_linked_items" time="0.060" /><testcase classname="backend.tests.test_work_updates_linking.TestWorkUpdatesLinking" name="test_posts_from_daily_update_contain_linked_items" time="0.056" /><testcase classname="backend.tests.test_work_updates_linking.TestWorkUpdatesLinking" name="test_posts_from_weekly_update_contain_linked_items" time="0.060" /></testsuite></testsuites>