<?xml version="1.0" encoding="utf-8"?><testsuites name="pytest tests"><testsuite name="pytest" errors="0" failures="0" skipped="0" tests="10" time="5.512" timestamp="2026-03-26T00:51:31.682900+00:00" hostname="agent-env-decee466-a110-495d-afbf-630aad0be0a0"><testcase classname="backend.tests.test_dod_feature.TestDoDConfiguration" name="test_get_dod_config_returns_system_defaults" time="0.494" /><testcase classname="backend.tests.test_dod_feature.TestDoDConfiguration" name="test_create_dod_config" time="0.503" /><testcase classname="backend.tests.test_dod_feature.TestDoDConfiguration" name="test_update_dod_config" time="0.504" /><testcase classname="backend.tests.test_dod_feature.TestTaskDoDStatus" name="test_get_task_dod_status" time="0.379" /><testcase classname="backend.tests.test_dod_feature.TestTaskDoDStatus" name="test_update_dod_item" time="0.505" /><testcase classname="backend.tests.test_dod_feature.TestTaskDoDStatus" name="test_initialize_task_dod" time="0.528" /><testcase classname="backend.tests.test_dod_feature.TestKanbanDoDValidation" name="test_kanban_move_blocked_when_dod_incomplete" time="0.575" /><testcase classname="backend.tests.test_dod_feature.TestKanbanDoDValidation" name="test_kanban_move_allowed_when_dod_complete" time="0.852" /><testcase classname="backend.tests.test_dod_feature.TestKanbanDoDValidation" name="test_kanban_move_with_skip_dod_check" time="0.567" /><testcase classname="backend.tests.test_dod_feature.TestDoDIssueTypeFiltering" name="test_dod_applied_based_on_config" time="0.551" /></testsuite></testsuites>