<?xml version="1.0" encoding="utf-8"?><testsuites name="pytest tests"><testsuite name="pytest" errors="0" failures="0" skipped="0" tests="12" time="2.598" timestamp="2026-03-05T16:33:52.354795+00:00" hostname="agent-env-0567ea9f-6a3a-4714-9698-e387880e2594"><testcase classname="backend.tests.test_outreach_hub.TestOutreachHubAuthentication" name="test_login_for_outreach_tests" time="0.766" /><testcase classname="backend.tests.test_outreach_hub.TestOutreachHubStatus" name="test_get_outreach_status_shows_mock_mode" time="0.160" /><testcase classname="backend.tests.test_outreach_hub.TestOutreachHubSendEmail" name="test_get_or_create_test_influencer" time="0.118" /><testcase classname="backend.tests.test_outreach_hub.TestOutreachHubSendEmail" name="test_send_email_mock_mode" time="0.118" /><testcase classname="backend.tests.test_outreach_hub.TestOutreachHubSendWhatsApp" name="test_send_whatsapp_mock_mode" time="0.104" /><testcase classname="backend.tests.test_outreach_hub.TestOutreachHistory" name="test_get_outreach_history" time="0.116" /><testcase classname="backend.tests.test_outreach_hub.TestOutreachHistory" name="test_get_outreach_history_with_channel_filter" time="0.246" /><testcase classname="backend.tests.test_outreach_hub.TestOutreachTemplates" name="test_get_templates" time="0.125" /><testcase classname="backend.tests.test_outreach_hub.TestOutreachTemplates" name="test_create_and_use_template" time="0.397" /><testcase classname="backend.tests.test_outreach_hub.TestInfluencerContactInfo" name="test_get_influencer_contact_info" time="0.130" /><testcase classname="backend.tests.test_outreach_hub.TestOutreachErrorHandling" name="test_send_to_nonexistent_influencer" time="0.121" /><testcase classname="backend.tests.test_outreach_hub.TestOutreachErrorHandling" name="test_send_without_auth" time="0.122" /></testsuite></testsuites>