<?xml version="1.0" encoding="utf-8"?><testsuites name="pytest tests"><testsuite name="pytest" errors="0" failures="0" skipped="0" tests="15" time="9.140" timestamp="2026-03-07T20:57:51.062375+00:00" hostname="agent-env-decee466-a110-495d-afbf-630aad0be0a0"><testcase classname="backend.tests.test_marketing_campaigns_pr.TestCampaignHub" name="test_get_influencer_campaigns" time="0.556" /><testcase classname="backend.tests.test_marketing_campaigns_pr.TestCampaignHub" name="test_get_pr_campaigns" time="0.100" /><testcase classname="backend.tests.test_marketing_campaigns_pr.TestCampaignHub" name="test_create_influencer_campaign" time="0.138" /><testcase classname="backend.tests.test_marketing_campaigns_pr.TestCampaignHub" name="test_create_pr_campaign" time="0.110" /><testcase classname="backend.tests.test_marketing_campaigns_pr.TestDigitalPRMediaResearch" name="test_get_journalists" time="0.105" /><testcase classname="backend.tests.test_marketing_campaigns_pr.TestDigitalPRMediaResearch" name="test_create_journalist" time="0.107" /><testcase classname="backend.tests.test_marketing_campaigns_pr.TestDigitalPRMediaResearch" name="test_filter_journalists_by_beat" time="0.103" /><testcase classname="backend.tests.test_marketing_campaigns_pr.TestDigitalPROutreach" name="test_get_pitches" time="0.114" /><testcase classname="backend.tests.test_marketing_campaigns_pr.TestDigitalPROutreach" name="test_create_pitch" time="0.206" /><testcase classname="backend.tests.test_marketing_campaigns_pr.TestDigitalPROutreach" name="test_update_pitch_status" time="0.194" /><testcase classname="backend.tests.test_marketing_campaigns_pr.TestDigitalPRCoverage" name="test_get_coverage" time="0.109" /><testcase classname="backend.tests.test_marketing_campaigns_pr.TestDigitalPRCoverage" name="test_record_coverage" time="0.117" /><testcase classname="backend.tests.test_marketing_campaigns_pr.TestDigitalPRAIDiscovery" name="test_ai_discover_journalists" time="6.701" /><testcase classname="backend.tests.test_marketing_campaigns_pr.TestCampaignFilters" name="test_events_endpoint" time="0.118" /><testcase classname="backend.tests.test_marketing_campaigns_pr.TestDashboardStats" name="test_pr_dashboard_stats" time="0.330" /></testsuite></testsuites>