<?xml version="1.0" encoding="utf-8"?><testsuites name="pytest tests"><testsuite name="pytest" errors="0" failures="0" skipped="0" tests="12" time="2.136" timestamp="2026-03-10T10:17:38.962580+00:00" hostname="agent-env-decee466-a110-495d-afbf-630aad0be0a0"><testcase classname="backend.tests.test_schedule_meeting_feature.TestScheduleMeetingFromTeamsChat" name="test_create_meeting_from_teams_chat_general" time="0.494" /><testcase classname="backend.tests.test_schedule_meeting_feature.TestScheduleMeetingFromTeamsChat" name="test_create_meeting_from_teams_chat_one_on_one" time="0.138" /><testcase classname="backend.tests.test_schedule_meeting_feature.TestScheduleMeetingFromTeamsChat" name="test_create_meeting_from_teams_chat_project_review" time="0.102" /><testcase classname="backend.tests.test_schedule_meeting_feature.TestScheduleMeetingFromTeamsChat" name="test_create_meeting_from_teams_chat_weekly_review" time="0.110" /><testcase classname="backend.tests.test_schedule_meeting_feature.TestScheduleMeetingFromTeamsChat" name="test_create_meeting_from_teams_chat_daily_standup" time="0.134" /><testcase classname="backend.tests.test_schedule_meeting_feature.TestScheduleMeetingFromEmail" name="test_create_meeting_from_email_general" time="0.123" /><testcase classname="backend.tests.test_schedule_meeting_feature.TestScheduleMeetingFromEmail" name="test_create_meeting_from_email_with_project_link" time="0.161" /><testcase classname="backend.tests.test_schedule_meeting_feature.TestMeetingFormValidation" name="test_meeting_requires_title" time="0.109" /><testcase classname="backend.tests.test_schedule_meeting_feature.TestMeetingFormValidation" name="test_meeting_requires_start_time" time="0.111" /><testcase classname="backend.tests.test_schedule_meeting_feature.TestMeetingTypeDropdownOptions" name="test_all_meeting_types_are_valid" time="0.330" /><testcase classname="backend.tests.test_schedule_meeting_feature.TestMeetingListAndRetrieval" name="test_list_meetings" time="0.159" /><testcase classname="backend.tests.test_schedule_meeting_feature.TestMeetingListAndRetrieval" name="test_my_meetings_endpoint" time="0.139" /></testsuite></testsuites>