<?xml version="1.0" encoding="utf-8"?><testsuites name="pytest tests"><testsuite name="pytest" errors="0" failures="0" skipped="0" tests="16" time="4.083" timestamp="2026-03-15T05:22:22.765139+00:00" hostname="agent-env-decee466-a110-495d-afbf-630aad0be0a0"><testcase classname="backend.tests.test_sourcing_templates_crud.TestSourcingTemplatesCRUD" name="test_list_templates" time="0.591" /><testcase classname="backend.tests.test_sourcing_templates_crud.TestSourcingTemplatesCRUD" name="test_list_templates_with_type_filter" time="0.105" /><testcase classname="backend.tests.test_sourcing_templates_crud.TestSourcingTemplatesCRUD" name="test_list_templates_with_search" time="0.260" /><testcase classname="backend.tests.test_sourcing_templates_crud.TestSourcingTemplatesCRUD" name="test_create_template" time="0.213" /><testcase classname="backend.tests.test_sourcing_templates_crud.TestSourcingTemplatesCRUD" name="test_create_template_minimal" time="0.274" /><testcase classname="backend.tests.test_sourcing_templates_crud.TestSourcingTemplatesCRUD" name="test_get_template_by_id" time="0.114" /><testcase classname="backend.tests.test_sourcing_templates_crud.TestSourcingTemplatesCRUD" name="test_get_template_not_found" time="0.104" /><testcase classname="backend.tests.test_sourcing_templates_crud.TestSourcingTemplatesCRUD" name="test_update_template" time="0.215" /><testcase classname="backend.tests.test_sourcing_templates_crud.TestSourcingTemplatesCRUD" name="test_update_template_partial" time="0.244" /><testcase classname="backend.tests.test_sourcing_templates_crud.TestSourcingTemplatesCRUD" name="test_update_template_not_found" time="0.109" /><testcase classname="backend.tests.test_sourcing_templates_crud.TestSourcingTemplatesCRUD" name="test_delete_template" time="0.330" /><testcase classname="backend.tests.test_sourcing_templates_crud.TestSourcingTemplatesCRUD" name="test_delete_template_not_found" time="0.117" /><testcase classname="backend.tests.test_sourcing_templates_crud.TestSourcingTemplatesCRUD" name="test_get_template_types" time="0.216" /><testcase classname="backend.tests.test_sourcing_templates_crud.TestTemplatesCategoryFiltering" name="test_filter_by_whatsapp_type" time="0.438" /><testcase classname="backend.tests.test_sourcing_templates_crud.TestTemplatesCategoryFiltering" name="test_filter_by_introduction_type" time="0.122" /><testcase classname="backend.tests.test_sourcing_templates_crud.TestTemplatesCategoryFiltering" name="test_verify_category_counts" time="0.578" /></testsuite></testsuites>