<?xml version="1.0" encoding="utf-8"?><testsuites name="pytest tests"><testsuite name="pytest" errors="0" failures="0" skipped="0" tests="22" time="10.520" timestamp="2026-03-08T13:38:59.263500+00:00" hostname="agent-env-decee466-a110-495d-afbf-630aad0be0a0"><testcase classname="backend.tests.test_marketing_health_check.TestAuth" name="test_login_marketing_user" time="0.453" /><testcase classname="backend.tests.test_marketing_health_check.TestInfluencersModule" name="test_list_influencers" time="0.136" /><testcase classname="backend.tests.test_marketing_health_check.TestInfluencersModule" name="test_get_specific_influencer" time="0.159" /><testcase classname="backend.tests.test_marketing_health_check.TestInfluencersModule" name="test_get_influencer_deliverables" time="0.119" /><testcase classname="backend.tests.test_marketing_health_check.TestInfluencersModule" name="test_get_influencer_communications" time="0.145" /><testcase classname="backend.tests.test_marketing_health_check.TestPublicationsModule" name="test_list_publications" time="0.115" /><testcase classname="backend.tests.test_marketing_health_check.TestCampaignHubModule" name="test_list_unified_campaigns" time="0.142" /><testcase classname="backend.tests.test_marketing_health_check.TestCampaignHubModule" name="test_list_marketing_campaigns" time="0.110" /><testcase classname="backend.tests.test_marketing_health_check.TestCampaignHubModule" name="test_create_campaign_with_objectives" time="0.247" /><testcase classname="backend.tests.test_marketing_health_check.TestCampaignDetailModule" name="test_get_campaign_detail" time="0.213" /><testcase classname="backend.tests.test_marketing_health_check.TestUnifiedPipelineModule" name="test_load_pipeline_contacts" time="0.101" /><testcase classname="backend.tests.test_marketing_health_check.TestUnifiedPipelineModule" name="test_update_contact_pipeline_stage" time="0.326" /><testcase classname="backend.tests.test_marketing_health_check.TestContentAssetsModule" name="test_list_brand_assets" time="0.108" /><testcase classname="backend.tests.test_marketing_health_check.TestContentAssetsModule" name="test_list_deliveries" time="0.160" /><testcase classname="backend.tests.test_marketing_health_check.TestContentAssetsModule" name="test_delivery_stats" time="0.103" /><testcase classname="backend.tests.test_marketing_health_check.TestContentAssetsModule" name="test_list_templates" time="0.106" /><testcase classname="backend.tests.test_marketing_health_check.TestContentAssetsModule" name="test_list_ugc" time="0.131" /><testcase classname="backend.tests.test_marketing_health_check.TestAIDiscoveryModule" name="test_ai_discover_endpoint_exists" time="7.140" /><testcase classname="backend.tests.test_marketing_health_check.TestBudgetModule" name="test_list_payments" time="0.131" /><testcase classname="backend.tests.test_marketing_health_check.TestBudgetModule" name="test_unified_campaigns_stats" time="0.119" /><testcase classname="backend.tests.test_marketing_health_check.TestPRModule" name="test_list_journalists" time="0.116" /><testcase classname="backend.tests.test_marketing_health_check.TestPRModule" name="test_list_pr_coverage" time="0.103" /></testsuite></testsuites>