<?xml version="1.0" encoding="utf-8"?><testsuites name="pytest tests"><testsuite name="pytest" errors="0" failures="0" skipped="0" tests="22" time="3.848" timestamp="2026-03-15T03:35:39.131458+00:00" hostname="agent-env-decee466-a110-495d-afbf-630aad0be0a0"><testcase classname="backend.tests.test_work_updates_crud.TestWorkUpdatesCRUD" name="test_01_create_daily_update" time="0.521" /><testcase classname="backend.tests.test_work_updates_crud.TestWorkUpdatesCRUD" name="test_02_get_daily_updates" time="0.136" /><testcase classname="backend.tests.test_work_updates_crud.TestWorkUpdatesCRUD" name="test_03_update_daily_update" time="0.145" /><testcase classname="backend.tests.test_work_updates_crud.TestWorkUpdatesCRUD" name="test_04_delete_daily_update" time="0.126" /><testcase classname="backend.tests.test_work_updates_crud.TestWorkUpdatesCRUD" name="test_05_create_weekly_update" time="0.137" /><testcase classname="backend.tests.test_work_updates_crud.TestWorkUpdatesCRUD" name="test_06_get_weekly_updates" time="0.142" /><testcase classname="backend.tests.test_work_updates_crud.TestWorkUpdatesCRUD" name="test_07_update_weekly_update" time="0.138" /><testcase classname="backend.tests.test_work_updates_crud.TestWorkUpdatesCRUD" name="test_08_delete_weekly_update" time="0.141" /><testcase classname="backend.tests.test_work_updates_crud.TestWorkUpdatesCRUD" name="test_09_create_monthly_update" time="0.134" /><testcase classname="backend.tests.test_work_updates_crud.TestWorkUpdatesCRUD" name="test_10_get_monthly_updates" time="0.185" /><testcase classname="backend.tests.test_work_updates_crud.TestWorkUpdatesCRUD" name="test_11_update_monthly_update" time="0.133" /><testcase classname="backend.tests.test_work_updates_crud.TestWorkUpdatesCRUD" name="test_12_delete_monthly_update" time="0.132" /><testcase classname="backend.tests.test_work_updates_crud.TestWorkUpdatesCRUD" name="test_13_create_quarterly_update" time="0.137" /><testcase classname="backend.tests.test_work_updates_crud.TestWorkUpdatesCRUD" name="test_14_get_quarterly_updates" time="0.131" /><testcase classname="backend.tests.test_work_updates_crud.TestWorkUpdatesCRUD" name="test_15_update_quarterly_update" time="0.135" /><testcase classname="backend.tests.test_work_updates_crud.TestWorkUpdatesCRUD" name="test_16_delete_quarterly_update" time="0.136" /><testcase classname="backend.tests.test_work_updates_crud.TestWorkUpdatesErrorHandling" name="test_update_nonexistent_daily" time="0.478" /><testcase classname="backend.tests.test_work_updates_crud.TestWorkUpdatesErrorHandling" name="test_delete_nonexistent_weekly" time="0.140" /><testcase classname="backend.tests.test_work_updates_crud.TestWorkUpdatesErrorHandling" name="test_update_nonexistent_monthly" time="0.156" /><testcase classname="backend.tests.test_work_updates_crud.TestWorkUpdatesErrorHandling" name="test_delete_nonexistent_quarterly" time="0.135" /><testcase classname="backend.tests.test_work_updates_crud.TestWorkUpdatesErrorHandling" name="test_create_daily_without_auth" time="0.135" /><testcase classname="backend.tests.test_work_updates_crud.TestWorkUpdatesErrorHandling" name="test_create_daily_empty_tasks" time="0.134" /></testsuite></testsuites>