<?xml version="1.0" encoding="utf-8"?><testsuites name="pytest tests"><testsuite name="pytest" errors="0" failures="0" skipped="0" tests="12" time="4.696" timestamp="2026-03-11T08:47:31.807271+00:00" hostname="agent-env-decee466-a110-495d-afbf-630aad0be0a0"><testcase classname="backend.tests.test_pulse_employee_profile.TestPulseEmployeeProfileEndpoints" name="test_get_employee_profile" time="0.409" /><testcase classname="backend.tests.test_pulse_employee_profile.TestPulseEmployeeProfileEndpoints" name="test_get_employee_profile_not_found" time="0.367" /><testcase classname="backend.tests.test_pulse_employee_profile.TestPulseEmployeeProfileEndpoints" name="test_get_employee_activity_all" time="0.378" /><testcase classname="backend.tests.test_pulse_employee_profile.TestPulseEmployeeProfileEndpoints" name="test_get_employee_activity_posts_filter" time="0.386" /><testcase classname="backend.tests.test_pulse_employee_profile.TestPulseEmployeeProfileEndpoints" name="test_get_employee_activity_recognitions_filter" time="0.375" /><testcase classname="backend.tests.test_pulse_employee_profile.TestPulseEmployeeProfileEndpoints" name="test_get_employee_activity_updates_filter" time="0.374" /><testcase classname="backend.tests.test_pulse_employee_profile.TestPulseEmployeeProfileEndpoints" name="test_get_user_permissions" time="0.400" /><testcase classname="backend.tests.test_pulse_employee_profile.TestPulseEmployeeProfileEndpoints" name="test_leadership_dashboard_accessible_for_admin" time="0.382" /><testcase classname="backend.tests.test_pulse_employee_profile.TestPulseEmployeeProfileEndpoints" name="test_get_employees_list" time="0.385" /><testcase classname="backend.tests.test_pulse_employee_profile.TestPulseEmployeeProfileEndpoints" name="test_get_employees_list_with_search" time="0.386" /><testcase classname="backend.tests.test_pulse_employee_profile.TestPulseEmployeeProfileEndpoints" name="test_pulse_feed_loads" time="0.384" /><testcase classname="backend.tests.test_pulse_employee_profile.TestPulseEmployeeProfileEndpoints" name="test_create_post_with_mentions" time="0.449" /></testsuite></testsuites>