<?xml version="1.0" encoding="utf-8"?><testsuites name="pytest tests"><testsuite name="pytest" errors="0" failures="0" skipped="0" tests="42" time="8.363" timestamp="2026-03-09T10:50:54.382029+00:00" hostname="agent-env-decee466-a110-495d-afbf-630aad0be0a0"><testcase classname="backend.tests.test_access_control.TestAccessControlSetup" name="test_auth_works" time="0.454" /><testcase classname="backend.tests.test_access_control.TestGetRoles" name="test_get_all_roles_returns_200" time="0.431" /><testcase classname="backend.tests.test_access_control.TestGetRoles" name="test_get_roles_returns_list" time="0.055" /><testcase classname="backend.tests.test_access_control.TestGetRoles" name="test_role_has_required_fields" time="0.051" /><testcase classname="backend.tests.test_access_control.TestGetRoles" name="test_role_has_employee_count" time="0.053" /><testcase classname="backend.tests.test_access_control.TestGetRoles" name="test_super_admin_role_exists" time="0.055" /><testcase classname="backend.tests.test_access_control.TestGetRoles" name="test_hr_admin_role_exists" time="0.053" /><testcase classname="backend.tests.test_access_control.TestGetRoleById" name="test_get_role_by_id_returns_200" time="0.493" /><testcase classname="backend.tests.test_access_control.TestGetRoleById" name="test_get_role_by_id_returns_correct_data" time="0.122" /><testcase classname="backend.tests.test_access_control.TestGetRoleById" name="test_get_role_by_invalid_id_returns_404" time="0.053" /><testcase classname="backend.tests.test_access_control.TestCreateRole" name="test_create_role_returns_200_or_201" time="0.439" /><testcase classname="backend.tests.test_access_control.TestCreateRole" name="test_create_role_validates_required_fields" time="0.055" /><testcase classname="backend.tests.test_access_control.TestCreateRole" name="test_create_role_duplicate_code_fails" time="0.052" /><testcase classname="backend.tests.test_access_control.TestCreateRole" name="test_created_role_has_all_fields" time="0.049" /><testcase classname="backend.tests.test_access_control.TestUpdateRole" name="test_update_role_returns_200" time="0.503" /><testcase classname="backend.tests.test_access_control.TestUpdateRole" name="test_update_role_changes_name" time="0.174" /><testcase classname="backend.tests.test_access_control.TestUpdateRole" name="test_update_role_module_access" time="0.133" /><testcase classname="backend.tests.test_access_control.TestUpdateRole" name="test_update_nonexistent_role_returns_404" time="0.057" /><testcase classname="backend.tests.test_access_control.TestUpdateRole" name="test_system_role_limited_update" time="0.114" /><testcase classname="backend.tests.test_access_control.TestDeleteRole" name="test_delete_role_returns_200" time="0.475" /><testcase classname="backend.tests.test_access_control.TestDeleteRole" name="test_delete_role_soft_deletes" time="0.166" /><testcase classname="backend.tests.test_access_control.TestDeleteRole" name="test_delete_system_role_fails" time="0.104" /><testcase classname="backend.tests.test_access_control.TestDeleteRole" name="test_delete_nonexistent_role_returns_404" time="0.053" /><testcase classname="backend.tests.test_access_control.TestGetModules" name="test_get_modules_returns_200" time="0.445" /><testcase classname="backend.tests.test_access_control.TestGetModules" name="test_get_modules_has_expected_structure" time="0.056" /><testcase classname="backend.tests.test_access_control.TestGetModules" name="test_modules_contain_core_modules" time="0.055" /><testcase classname="backend.tests.test_access_control.TestGetModules" name="test_module_definition_has_metadata" time="0.053" /><testcase classname="backend.tests.test_access_control.TestDraftUsers" name="test_get_draft_users_returns_200" time="0.447" /><testcase classname="backend.tests.test_access_control.TestDraftUsers" name="test_get_draft_users_returns_list" time="0.064" /><testcase classname="backend.tests.test_access_control.TestDraftUsers" name="test_draft_users_have_expected_fields" time="0.050" /><testcase classname="backend.tests.test_access_control.TestDraftUsers" name="test_draft_users_search_filter" time="0.059" /><testcase classname="backend.tests.test_access_control.TestOnboarding" name="test_onboard_user_returns_success" time="0.615" /><testcase classname="backend.tests.test_access_control.TestOnboarding" name="test_onboard_invalid_user_returns_404" time="0.057" /><testcase classname="backend.tests.test_access_control.TestOnboarding" name="test_onboard_missing_department_fails" time="0.113" /><testcase classname="backend.tests.test_access_control.TestMyAccess" name="test_my_access_returns_200" time="0.438" /><testcase classname="backend.tests.test_access_control.TestMyAccess" name="test_my_access_has_expected_fields" time="0.060" /><testcase classname="backend.tests.test_access_control.TestMyAccess" name="test_super_admin_has_full_access" time="0.057" /><testcase classname="backend.tests.test_access_control.TestCheckModuleAccess" name="test_check_access_returns_200" time="0.443" /><testcase classname="backend.tests.test_access_control.TestCheckModuleAccess" name="test_check_access_returns_permission_response" time="0.055" /><testcase classname="backend.tests.test_access_control.TestCheckModuleAccess" name="test_super_admin_has_admin_access" time="0.056" /><testcase classname="backend.tests.test_access_control.TestCheckModuleAccess" name="test_check_default_access_module" time="0.052" /><testcase classname="backend.tests.test_access_control.TestCleanup" name="test_cleanup_test_roles" time="0.898" /></testsuite></testsuites>