<?xml version="1.0" encoding="utf-8"?><testsuites name="pytest tests"><testsuite name="pytest" errors="0" failures="0" skipped="0" tests="8" time="4.171" timestamp="2026-03-09T17:55:44.133066+00:00" hostname="agent-env-decee466-a110-495d-afbf-630aad0be0a0"><testcase classname="backend.tests.test_bug_fixes_iteration37.TestAddProjectMemberBody" name="test_add_member_to_project_with_body" time="0.727" /><testcase classname="backend.tests.test_bug_fixes_iteration37.TestAddProjectMemberBody" name="test_add_member_invalid_user" time="0.500" /><testcase classname="backend.tests.test_bug_fixes_iteration37.TestAddProjectMemberBody" name="test_add_member_invalid_project" time="0.493" /><testcase classname="backend.tests.test_bug_fixes_iteration37.TestProjectEditing" name="test_update_project_name_description" time="0.555" /><testcase classname="backend.tests.test_bug_fixes_iteration37.TestProjectEditing" name="test_update_project_priority_visibility" time="0.527" /><testcase classname="backend.tests.test_bug_fixes_iteration37.TestProjectEditing" name="test_update_project_dates" time="0.479" /><testcase classname="backend.tests.test_bug_fixes_iteration37.TestMyTasksAPI" name="test_my_tasks_endpoint" time="0.403" /><testcase classname="backend.tests.test_bug_fixes_iteration37.TestMyTasksAPI" name="test_task_detail_endpoint" time="0.452" /></testsuite></testsuites>