<?xml version="1.0" encoding="utf-8"?><testsuites name="pytest tests"><testsuite name="pytest" errors="0" failures="0" skipped="0" tests="13" time="5.233" timestamp="2026-03-09T02:29:38.783094+00:00" hostname="agent-env-decee466-a110-495d-afbf-630aad0be0a0"><testcase classname="backend.tests.test_new_features_list_subtask_recurring.TestNewFeatures" name="test_create_task_for_subtask" time="0.588" /><testcase classname="backend.tests.test_new_features_list_subtask_recurring.TestNewFeatures" name="test_create_subtask_with_assignment" time="0.446" /><testcase classname="backend.tests.test_new_features_list_subtask_recurring.TestNewFeatures" name="test_update_subtask_assignment" time="0.462" /><testcase classname="backend.tests.test_new_features_list_subtask_recurring.TestNewFeatures" name="test_subtask_has_assigned_to_name" time="0.219" /><testcase classname="backend.tests.test_new_features_list_subtask_recurring.TestNewFeatures" name="test_create_recurring_task_daily" time="0.234" /><testcase classname="backend.tests.test_new_features_list_subtask_recurring.TestNewFeatures" name="test_create_recurring_task_weekly" time="0.275" /><testcase classname="backend.tests.test_new_features_list_subtask_recurring.TestNewFeatures" name="test_create_recurring_task_monthly" time="0.243" /><testcase classname="backend.tests.test_new_features_list_subtask_recurring.TestNewFeatures" name="test_complete_recurring_task_creates_next" time="0.670" /><testcase classname="backend.tests.test_new_features_list_subtask_recurring.TestNewFeatures" name="test_recurring_with_end_date" time="0.267" /><testcase classname="backend.tests.test_new_features_list_subtask_recurring.TestNewFeatures" name="test_get_project_tasks_for_list_view" time="0.162" /><testcase classname="backend.tests.test_new_features_list_subtask_recurring.TestNewFeatures" name="test_tasks_have_sortable_fields" time="0.160" /><testcase classname="backend.tests.test_new_features_list_subtask_recurring.TestNewFeatures" name="test_single_task_detail_for_modal" time="0.309" /><testcase classname="backend.tests.test_new_features_list_subtask_recurring.TestRecurringTaskLogic" name="test_recurring_task_preserves_assignment" time="1.147" /></testsuite></testsuites>