<?xml version="1.0" encoding="utf-8"?><testsuites name="pytest tests"><testsuite name="pytest" errors="0" failures="0" skipped="0" tests="11" time="1.635" timestamp="2026-03-09T20:53:51.420665+00:00" hostname="agent-env-decee466-a110-495d-afbf-630aad0be0a0"><testcase classname="backend.tests.test_recurring_tasks_phase2.TestRecurringDashboardMetrics" name="test_dashboard_returns_new_metrics" time="0.621" /><testcase classname="backend.tests.test_recurring_tasks_phase2.TestRecurringDashboardMetrics" name="test_completion_rate_is_percentage" time="0.075" /><testcase classname="backend.tests.test_recurring_tasks_phase2.TestRecurringDashboardMetrics" name="test_weekly_trend_structure" time="0.071" /><testcase classname="backend.tests.test_recurring_tasks_phase2.TestRecurringDashboardMetrics" name="test_by_project_structure" time="0.072" /><testcase classname="backend.tests.test_recurring_tasks_phase2.TestRecurringDashboardMetrics" name="test_by_assignee_structure" time="0.074" /><testcase classname="backend.tests.test_recurring_tasks_phase2.TestRecurringDashboardMetrics" name="test_top_templates_structure" time="0.087" /><testcase classname="backend.tests.test_recurring_tasks_phase2.TestProjectFilterForTemplates" name="test_templates_filter_by_project" time="0.145" /><testcase classname="backend.tests.test_recurring_tasks_phase2.TestQuickRecurringTemplates" name="test_create_daily_standup_template" time="0.062" /><testcase classname="backend.tests.test_recurring_tasks_phase2.TestQuickRecurringTemplates" name="test_create_weekly_report_template" time="0.057" /><testcase classname="backend.tests.test_recurring_tasks_phase2.TestQuickRecurringTemplates" name="test_create_monthly_review_template" time="0.063" /><testcase classname="backend.tests.test_recurring_tasks_phase2.TestCleanup" name="test_cleanup_test_templates" time="0.252" /></testsuite></testsuites>