<?xml version="1.0" encoding="utf-8"?><testsuites name="pytest tests"><testsuite name="pytest" errors="0" failures="0" skipped="0" tests="10" time="7.155" timestamp="2026-03-09T19:38:03.734121+00:00" hostname="agent-env-decee466-a110-495d-afbf-630aad0be0a0"><testcase classname="backend.tests.test_goals_objectives_enhancements.TestDepartmentsEndpoint" name="test_departments_endpoint_returns_200" time="0.646" /><testcase classname="backend.tests.test_goals_objectives_enhancements.TestDepartmentsEndpoint" name="test_departments_returns_list" time="0.451" /><testcase classname="backend.tests.test_goals_objectives_enhancements.TestDepartmentsEndpoint" name="test_departments_returns_valid_structure" time="0.454" /><testcase classname="backend.tests.test_goals_objectives_enhancements.TestObjectivesMultiSelectQuarters" name="test_create_objective_with_multiple_quarters" time="0.837" /><testcase classname="backend.tests.test_goals_objectives_enhancements.TestObjectivesMultiSelectQuarters" name="test_get_objectives_returns_quarter_ids_array" time="0.695" /><testcase classname="backend.tests.test_goals_objectives_enhancements.TestObjectivesMultiSelectQuarters" name="test_update_objective_with_quarter_ids" time="0.951" /><testcase classname="backend.tests.test_goals_objectives_enhancements.TestRichTextDescriptions" name="test_strategic_goal_accepts_html_description" time="0.830" /><testcase classname="backend.tests.test_goals_objectives_enhancements.TestRichTextDescriptions" name="test_objective_accepts_html_description" time="0.833" /><testcase classname="backend.tests.test_goals_objectives_enhancements.TestProjectFormsFieldRemoval" name="test_create_project_without_module_or_type" time="0.610" /><testcase classname="backend.tests.test_goals_objectives_enhancements.TestGoalsEnhancementsSummary" name="test_all_enhancements_accessible" time="0.827" /></testsuite></testsuites>