<?xml version="1.0" encoding="utf-8"?><testsuites name="pytest tests"><testsuite name="pytest" errors="0" failures="0" skipped="0" tests="24" time="10.672" timestamp="2026-03-11T05:11:50.969964+00:00" hostname="agent-env-decee466-a110-495d-afbf-630aad0be0a0"><testcase classname="backend.tests.test_social_inbox_autoreply.TestSocialInboxAutoReply" name="test_get_inbox_items" time="0.478" /><testcase classname="backend.tests.test_social_inbox_autoreply.TestSocialInboxAutoReply" name="test_get_inbox_items_with_platform_filter" time="0.394" /><testcase classname="backend.tests.test_social_inbox_autoreply.TestSocialInboxAutoReply" name="test_get_inbox_items_with_status_filter" time="0.435" /><testcase classname="backend.tests.test_social_inbox_autoreply.TestSocialInboxAutoReply" name="test_create_inbox_item" time="0.412" /><testcase classname="backend.tests.test_social_inbox_autoreply.TestSocialInboxAutoReply" name="test_get_single_inbox_item" time="0.438" /><testcase classname="backend.tests.test_social_inbox_autoreply.TestSocialInboxAutoReply" name="test_update_item_status" time="0.501" /><testcase classname="backend.tests.test_social_inbox_autoreply.TestSocialInboxAutoReply" name="test_update_item_status_invalid" time="0.440" /><testcase classname="backend.tests.test_social_inbox_autoreply.TestSocialInboxAutoReply" name="test_reply_to_item" time="0.484" /><testcase classname="backend.tests.test_social_inbox_autoreply.TestSocialInboxAutoReply" name="test_bulk_action_mark_read" time="0.500" /><testcase classname="backend.tests.test_social_inbox_autoreply.TestSocialInboxAutoReply" name="test_bulk_action_archive" time="0.491" /><testcase classname="backend.tests.test_social_inbox_autoreply.TestSocialInboxAutoReply" name="test_bulk_action_delete" time="0.610" /><testcase classname="backend.tests.test_social_inbox_autoreply.TestSocialInboxAutoReply" name="test_get_inbox_stats" time="0.402" /><testcase classname="backend.tests.test_social_inbox_autoreply.TestSocialInboxAutoReply" name="test_get_mentions" time="0.370" /><testcase classname="backend.tests.test_social_inbox_autoreply.TestSocialInboxAutoReply" name="test_get_mentions_with_filter" time="0.381" /><testcase classname="backend.tests.test_social_inbox_autoreply.TestSocialInboxAutoReply" name="test_get_auto_reply_rules" time="0.377" /><testcase classname="backend.tests.test_social_inbox_autoreply.TestSocialInboxAutoReply" name="test_create_auto_reply_rule" time="0.374" /><testcase classname="backend.tests.test_social_inbox_autoreply.TestSocialInboxAutoReply" name="test_get_single_rule" time="0.441" /><testcase classname="backend.tests.test_social_inbox_autoreply.TestSocialInboxAutoReply" name="test_update_auto_reply_rule" time="0.434" /><testcase classname="backend.tests.test_social_inbox_autoreply.TestSocialInboxAutoReply" name="test_delete_auto_reply_rule" time="0.496" /><testcase classname="backend.tests.test_social_inbox_autoreply.TestSocialInboxAutoReply" name="test_toggle_rule" time="0.538" /><testcase classname="backend.tests.test_social_inbox_autoreply.TestSocialInboxAutoReply" name="test_get_reply_suggestions" time="0.440" /><testcase classname="backend.tests.test_social_inbox_autoreply.TestSocialInboxAutoReply" name="test_get_reply_suggestions_invalid_item" time="0.380" /><testcase classname="backend.tests.test_social_inbox_autoreply.TestSocialInboxAutoReply" name="test_seed_demo_data" time="0.391" /><testcase classname="backend.tests.test_social_inbox_autoreply.TestSocialInboxAutoReply" name="test_seed_default_rules" time="0.405" /></testsuite></testsuites>