<?xml version="1.0" encoding="utf-8"?><testsuites name="pytest tests"><testsuite name="pytest" errors="0" failures="0" skipped="0" tests="16" time="2.105" timestamp="2026-03-12T06:11:37.232302+00:00" hostname="agent-env-decee466-a110-495d-afbf-630aad0be0a0"><testcase classname="backend.tests.test_acms_provisioning.TestACMSProvisioning" name="test_01_get_templates" time="0.412" /><testcase classname="backend.tests.test_acms_provisioning.TestACMSProvisioning" name="test_02_create_tool_for_template" time="0.105" /><testcase classname="backend.tests.test_acms_provisioning.TestACMSProvisioning" name="test_03_create_template" time="0.103" /><testcase classname="backend.tests.test_acms_provisioning.TestACMSProvisioning" name="test_04_get_template_in_list" time="0.106" /><testcase classname="backend.tests.test_acms_provisioning.TestACMSProvisioning" name="test_05_update_template" time="0.104" /><testcase classname="backend.tests.test_acms_provisioning.TestACMSProvisioning" name="test_06_verify_update" time="0.118" /><testcase classname="backend.tests.test_acms_provisioning.TestACMSProvisioning" name="test_07_get_test_user" time="0.127" /><testcase classname="backend.tests.test_acms_provisioning.TestACMSProvisioning" name="test_08_provision_onboard" time="0.106" /><testcase classname="backend.tests.test_acms_provisioning.TestACMSProvisioning" name="test_09_verify_user_has_access" time="0.104" /><testcase classname="backend.tests.test_acms_provisioning.TestACMSProvisioning" name="test_10_provision_offboard" time="0.099" /><testcase classname="backend.tests.test_acms_provisioning.TestACMSProvisioning" name="test_11_verify_access_revoked" time="0.105" /><testcase classname="backend.tests.test_acms_provisioning.TestACMSProvisioning" name="test_12_verify_audit_logs" time="0.109" /><testcase classname="backend.tests.test_acms_provisioning.TestACMSProvisioning" name="test_13_get_provisioning_history" time="0.093" /><testcase classname="backend.tests.test_acms_provisioning.TestACMSProvisioning" name="test_14_delete_template" time="0.103" /><testcase classname="backend.tests.test_acms_provisioning.TestACMSProvisioning" name="test_15_verify_template_deleted" time="0.118" /><testcase classname="backend.tests.test_acms_provisioning.TestACMSProvisioning" name="test_99_cleanup" time="0.147" /></testsuite></testsuites>