<?xml version="1.0" encoding="utf-8"?><testsuites name="pytest tests"><testsuite name="pytest" errors="0" failures="0" skipped="0" tests="13" time="2.071" timestamp="2026-03-11T09:50:55.108147+00:00" hostname="agent-env-decee466-a110-495d-afbf-630aad0be0a0"><testcase classname="tests.test_work_updates_all_fields_linking.TestWorkUpdatesAllFieldsLinking" name="test_daily_update_model_has_all_linked_fields" time="0.477" /><testcase classname="tests.test_work_updates_all_fields_linking.TestWorkUpdatesAllFieldsLinking" name="test_weekly_update_model_has_all_linked_fields" time="0.104" /><testcase classname="tests.test_work_updates_all_fields_linking.TestWorkUpdatesAllFieldsLinking" name="test_daily_update_blocker_items_linked" time="0.099" /><testcase classname="tests.test_work_updates_all_fields_linking.TestWorkUpdatesAllFieldsLinking" name="test_daily_update_tomorrow_focus_items_linked" time="0.110" /><testcase classname="tests.test_work_updates_all_fields_linking.TestWorkUpdatesAllFieldsLinking" name="test_weekly_update_issues_faced_items_linked" time="0.138" /><testcase classname="tests.test_work_updates_all_fields_linking.TestWorkUpdatesAllFieldsLinking" name="test_weekly_update_next_week_focus_items_linked" time="0.098" /><testcase classname="tests.test_work_updates_all_fields_linking.TestWorkUpdatesAllFieldsLinking" name="test_weekly_update_team_highlights_items_linked" time="0.101" /><testcase classname="tests.test_work_updates_all_fields_linking.TestWorkUpdatesAllFieldsLinking" name="test_get_daily_updates_returns_all_linked_fields" time="0.101" /><testcase classname="tests.test_work_updates_all_fields_linking.TestWorkUpdatesAllFieldsLinking" name="test_get_weekly_updates_returns_all_linked_fields" time="0.105" /><testcase classname="tests.test_work_updates_all_fields_linking.TestWorkUpdatesAllFieldsLinking" name="test_pulse_posts_include_all_linked_items" time="0.212" /><testcase classname="tests.test_work_updates_all_fields_linking.TestWorkUpdatesAllFieldsLinking" name="test_linkable_items_endpoint" time="0.142" /><testcase classname="tests.test_work_updates_all_fields_linking.TestWorkUpdatesAllFieldsLinking" name="test_backward_compatibility_legacy_fields" time="0.213" /><testcase classname="tests.test_work_updates_all_fields_linking.TestWorkUpdatesAllFieldsLinking" name="test_mixed_linked_and_unlinked_items" time="0.121" /></testsuite></testsuites>