<?xml version="1.0" encoding="utf-8"?><testsuites name="pytest tests"><testsuite name="pytest" errors="0" failures="0" skipped="0" tests="17" time="3.904" timestamp="2026-03-07T16:37:55.190686+00:00" hostname="agent-env-decee466-a110-495d-afbf-630aad0be0a0"><testcase classname="tests.test_permissions.TestAuthSetup" name="test_admin_login" time="0.431" /><testcase classname="tests.test_permissions.TestAuthSetup" name="test_marketing_login" time="0.326" /><testcase classname="tests.test_permissions.TestModulesAPI" name="test_get_all_modules" time="0.624" /><testcase classname="tests.test_permissions.TestModulesAPI" name="test_modules_have_required_fields" time="0.116" /><testcase classname="tests.test_permissions.TestModulesAPI" name="test_modules_requires_admin" time="0.141" /><testcase classname="tests.test_permissions.TestModulesAPI" name="test_non_admin_cannot_access_modules" time="0.484" /><testcase classname="tests.test_permissions.TestUserPermissionsAPI" name="test_get_user_permissions" time="0.204" /><testcase classname="tests.test_permissions.TestUserPermissionsAPI" name="test_get_permissions_for_nonexistent_user" time="0.100" /><testcase classname="tests.test_permissions.TestUserPermissionsAPI" name="test_save_custom_permissions" time="0.224" /><testcase classname="tests.test_permissions.TestUserPermissionsAPI" name="test_reset_permissions_to_defaults" time="0.316" /><testcase classname="tests.test_permissions.TestAuthMePermissions" name="test_me_returns_permissions" time="0.200" /><testcase classname="tests.test_permissions.TestAuthMePermissions" name="test_me_includes_custom_permissions_flag" time="0.111" /><testcase classname="tests.test_permissions.TestPermissionChecks" name="test_check_admin_has_permissions" time="0.111" /><testcase classname="tests.test_permissions.TestPermissionChecks" name="test_check_permission_structure" time="0.130" /><testcase classname="tests.test_permissions.TestDefaultRolePermissions" name="test_get_viewer_default_permissions" time="0.114" /><testcase classname="tests.test_permissions.TestDefaultRolePermissions" name="test_get_marketing_manager_default_permissions" time="0.095" /><testcase classname="tests.test_permissions.TestDefaultRolePermissions" name="test_invalid_role_returns_404" time="0.106" /></testsuite></testsuites>