<?xml version="1.0" encoding="utf-8"?><testsuites name="pytest tests"><testsuite name="pytest" errors="0" failures="0" skipped="0" tests="17" time="2.251" timestamp="2026-03-12T09:43:38.082082+00:00" hostname="agent-env-decee466-a110-495d-afbf-630aad0be0a0"><testcase classname="backend.tests.test_metrics_history.TestMetricsHistoryEndpoints" name="test_metrics_history_endpoint_exists" time="0.605" /><testcase classname="backend.tests.test_metrics_history.TestMetricsHistoryEndpoints" name="test_metrics_history_with_platform_filter" time="0.052" /><testcase classname="backend.tests.test_metrics_history.TestMetricsHistoryEndpoints" name="test_metrics_history_invalid_contact" time="0.054" /><testcase classname="backend.tests.test_metrics_history.TestMetricsHistoryEndpoints" name="test_growth_analytics_endpoint_exists" time="0.056" /><testcase classname="backend.tests.test_metrics_history.TestMetricsHistoryEndpoints" name="test_growth_analytics_requires_platform" time="0.056" /><testcase classname="backend.tests.test_metrics_history.TestMetricsHistoryEndpoints" name="test_growth_analytics_invalid_contact" time="0.053" /><testcase classname="backend.tests.test_metrics_history.TestMetricsHistoryEndpoints" name="test_growth_chart_endpoint_exists" time="0.069" /><testcase classname="backend.tests.test_metrics_history.TestMetricsHistoryEndpoints" name="test_growth_chart_requires_platform" time="0.053" /><testcase classname="backend.tests.test_metrics_history.TestMetricsHistoryEndpoints" name="test_growth_chart_invalid_contact" time="0.054" /><testcase classname="backend.tests.test_metrics_history.TestFetchMetricsRecordsHistory" name="test_fetch_metrics_records_history" time="0.412" /><testcase classname="backend.tests.test_metrics_history.TestFetchMetricsRecordsHistory" name="test_history_exists_after_fetch" time="0.057" /><testcase classname="backend.tests.test_metrics_history.TestAuthenticationRequired" name="test_metrics_history_requires_auth" time="0.099" /><testcase classname="backend.tests.test_metrics_history.TestAuthenticationRequired" name="test_growth_analytics_requires_auth" time="0.101" /><testcase classname="backend.tests.test_metrics_history.TestAuthenticationRequired" name="test_growth_chart_requires_auth" time="0.111" /><testcase classname="backend.tests.test_metrics_history.TestQueryParameters" name="test_metrics_history_days_parameter" time="0.220" /><testcase classname="backend.tests.test_metrics_history.TestQueryParameters" name="test_growth_analytics_days_parameter" time="0.057" /><testcase classname="backend.tests.test_metrics_history.TestQueryParameters" name="test_growth_chart_days_parameter" time="0.114" /></testsuite></testsuites>