<?xml version="1.0" encoding="utf-8"?><testsuites name="pytest tests"><testsuite name="pytest" errors="0" failures="0" skipped="0" tests="17" time="9.391" timestamp="2026-03-12T09:27:29.792713+00:00" hostname="agent-env-decee466-a110-495d-afbf-630aad0be0a0"><testcase classname="backend.tests.test_influencer_analytics.TestInfluencerAnalytics" name="test_instagram_analytics_shopsevora" time="0.741" /><testcase classname="backend.tests.test_influencer_analytics.TestInfluencerAnalytics" name="test_instagram_analytics_invalid_user" time="0.582" /><testcase classname="backend.tests.test_influencer_analytics.TestInfluencerAnalytics" name="test_instagram_analytics_requires_auth" time="0.418" /><testcase classname="backend.tests.test_influencer_analytics.TestInfluencerAnalytics" name="test_instagram_url_parsing" time="0.768" /><testcase classname="backend.tests.test_influencer_analytics.TestInfluencerAnalytics" name="test_youtube_analytics_mrbeast" time="0.477" /><testcase classname="backend.tests.test_influencer_analytics.TestInfluencerAnalytics" name="test_youtube_analytics_channel_id" time="0.432" /><testcase classname="backend.tests.test_influencer_analytics.TestInfluencerAnalytics" name="test_youtube_analytics_invalid_channel" time="0.569" /><testcase classname="backend.tests.test_influencer_analytics.TestInfluencerAnalytics" name="test_youtube_analytics_requires_auth" time="0.455" /><testcase classname="backend.tests.test_influencer_analytics.TestInfluencerAnalytics" name="test_youtube_videos_mrbeast" time="0.757" /><testcase classname="backend.tests.test_influencer_analytics.TestInfluencerAnalytics" name="test_youtube_videos_with_limit" time="0.762" /><testcase classname="backend.tests.test_influencer_analytics.TestInfluencerAnalytics" name="test_contact_fetch_metrics_no_handles" time="0.464" /><testcase classname="backend.tests.test_influencer_analytics.TestInfluencerAnalytics" name="test_contact_fetch_metrics_with_instagram" time="0.775" /><testcase classname="backend.tests.test_influencer_analytics.TestInfluencerAnalytics" name="test_contact_fetch_metrics_with_youtube" time="0.537" /><testcase classname="backend.tests.test_influencer_analytics.TestInfluencerAnalytics" name="test_contact_fetch_metrics_invalid_id" time="0.389" /><testcase classname="backend.tests.test_influencer_analytics.TestInfluencerAnalytics" name="test_bulk_fetch_metrics_empty" time="0.372" /><testcase classname="backend.tests.test_influencer_analytics.TestInfluencerAnalytics" name="test_bulk_fetch_metrics_over_limit" time="0.431" /><testcase classname="backend.tests.test_influencer_analytics.TestInfluencerAnalytics" name="test_bulk_fetch_metrics_requires_auth" time="0.436" /></testsuite></testsuites>