<?xml version="1.0" encoding="utf-8"?><testsuites name="pytest tests"><testsuite name="pytest" errors="0" failures="1" skipped="1" tests="36" time="75.822" timestamp="2026-03-07T23:22:15.970208+00:00" hostname="agent-env-decee466-a110-495d-afbf-630aad0be0a0"><testcase classname="backend.tests.test_marketing_module_uac.TestAuth" name="test_marketing_user_login" time="0.377" /><testcase classname="backend.tests.test_marketing_module_uac.TestAuth" name="test_sales_user_login" time="0.369" /><testcase classname="backend.tests.test_marketing_module_uac.TestAuth" name="test_admin_user_login" time="0.352"><failure message="AssertionError: Admin login failed: {&quot;detail&quot;:&quot;Invalid credentials&quot;}&#10;assert 401 == 200&#10; +  where 401 = &lt;Response [401]&gt;.status_code">backend/tests/test_marketing_module_uac.py:47: in test_admin_user_login
    assert response.status_code == 200, f"Admin login failed: {response.text}"
E   AssertionError: Admin login failed: {"detail":"Invalid credentials"}
E   assert 401 == 200
E    +  where 401 = &lt;Response [401]&gt;.status_code</failure></testcase><testcase classname="backend.tests.test_marketing_module_uac.TestContactsCRUD" name="test_create_influencer_contact" time="0.636" /><testcase classname="backend.tests.test_marketing_module_uac.TestContactsCRUD" name="test_create_journalist_with_publication" time="36.431" /><testcase classname="backend.tests.test_marketing_module_uac.TestContactsCRUD" name="test_list_contacts_with_filters" time="0.652" /><testcase classname="backend.tests.test_marketing_module_uac.TestContactsCRUD" name="test_get_single_contact" time="20.335" /><testcase classname="backend.tests.test_marketing_module_uac.TestContactsCRUD" name="test_update_contact" time="0.685" /><testcase classname="backend.tests.test_marketing_module_uac.TestContactsCRUD" name="test_delete_contact" time="0.684" /><testcase classname="backend.tests.test_marketing_module_uac.TestPublicationsCRUD" name="test_create_publication" time="0.576" /><testcase classname="backend.tests.test_marketing_module_uac.TestPublicationsCRUD" name="test_list_publications_with_tier_filter" time="0.444" /><testcase classname="backend.tests.test_marketing_module_uac.TestPublicationsCRUD" name="test_get_publication_with_counts" time="0.761" /><testcase classname="backend.tests.test_marketing_module_uac.TestPublicationsCRUD" name="test_update_publication" time="0.738" /><testcase classname="backend.tests.test_marketing_module_uac.TestPublicationsCRUD" name="test_delete_publication" time="0.650" /><testcase classname="backend.tests.test_marketing_module_uac.TestCampaignsCRUD" name="test_get_unified_campaigns" time="0.498" /><testcase classname="backend.tests.test_marketing_module_uac.TestCampaignsCRUD" name="test_get_unified_campaigns_with_type_filter" time="0.606" /><testcase classname="backend.tests.test_marketing_module_uac.TestCampaignsCRUD" name="test_get_unified_campaigns_stats" time="0.463" /><testcase classname="backend.tests.test_marketing_module_uac.TestCampaignsCRUD" name="test_create_influencer_campaign" time="0.568" /><testcase classname="backend.tests.test_marketing_module_uac.TestCampaignsCRUD" name="test_create_pr_campaign" time="0.574" /><testcase classname="backend.tests.test_marketing_module_uac.TestPaymentsCRUD" name="test_create_payment" time="0.674" /><testcase classname="backend.tests.test_marketing_module_uac.TestPaymentsCRUD" name="test_update_payment_status_to_paid" time="0.818" /><testcase classname="backend.tests.test_marketing_module_uac.TestPaymentsCRUD" name="test_delete_payment" time="0.709" /><testcase classname="backend.tests.test_marketing_module_uac.TestDealsCRUD" name="test_create_deal" time="0.599" /><testcase classname="backend.tests.test_marketing_module_uac.TestDealsCRUD" name="test_update_deal_status" time="0.715" /><testcase classname="backend.tests.test_marketing_module_uac.TestCommunications" name="test_create_communication" time="0.548" /><testcase classname="backend.tests.test_marketing_module_uac.TestDataSync" name="test_payment_paid_syncs_campaign_spent" time="0.571"><skipped type="pytest.skip" message="No campaigns available">/app/backend/tests/test_marketing_module_uac.py:542: No campaigns available</skipped></testcase><testcase classname="backend.tests.test_marketing_module_uac.TestPermissions" name="test_marketing_user_can_access_marketing_endpoints" time="0.561" /><testcase classname="backend.tests.test_marketing_module_uac.TestPermissions" name="test_sales_user_cannot_access_marketing_contacts" time="0.445" /><testcase classname="backend.tests.test_marketing_module_uac.TestSearchAndFilters" name="test_contacts_search_by_name" time="0.428" /><testcase classname="backend.tests.test_marketing_module_uac.TestSearchAndFilters" name="test_contacts_filter_by_platform" time="0.426" /><testcase classname="backend.tests.test_marketing_module_uac.TestSearchAndFilters" name="test_publications_filter_by_tier" time="0.441" /><testcase classname="backend.tests.test_marketing_module_uac.TestSearchAndFilters" name="test_campaigns_filter_by_status" time="0.437" /><testcase classname="backend.tests.test_marketing_module_uac.TestErrorHandling" name="test_create_contact_without_name_validation_error" time="0.496" /><testcase classname="backend.tests.test_marketing_module_uac.TestErrorHandling" name="test_create_payment_without_amount_validation_error" time="0.551" /><testcase classname="backend.tests.test_marketing_module_uac.TestErrorHandling" name="test_access_nonexistent_contact_404" time="0.436" /><testcase classname="backend.tests.test_marketing_module_uac.TestErrorHandling" name="test_access_nonexistent_publication_404" time="0.475" /></testsuite></testsuites>