<?xml version="1.0" encoding="utf-8"?><testsuites name="pytest tests"><testsuite name="pytest" errors="0" failures="0" skipped="0" tests="21" time="3.877" timestamp="2026-03-11T06:01:01.740169+00:00" hostname="agent-env-decee466-a110-495d-afbf-630aad0be0a0"><testcase classname="backend.tests.test_social_integrations.TestSocialIntegrations" name="test_get_platforms" time="0.466" /><testcase classname="backend.tests.test_social_integrations.TestSocialIntegrations" name="test_platforms_have_correct_configs" time="0.109" /><testcase classname="backend.tests.test_social_integrations.TestSocialIntegrations" name="test_get_connections" time="0.107" /><testcase classname="backend.tests.test_social_integrations.TestSocialIntegrations" name="test_connect_platform_linkedin" time="0.112" /><testcase classname="backend.tests.test_social_integrations.TestSocialIntegrations" name="test_connect_platform_twitter" time="0.103" /><testcase classname="backend.tests.test_social_integrations.TestSocialIntegrations" name="test_connect_platform_instagram" time="0.117" /><testcase classname="backend.tests.test_social_integrations.TestSocialIntegrations" name="test_connect_invalid_platform" time="0.106" /><testcase classname="backend.tests.test_social_integrations.TestSocialIntegrations" name="test_disconnect_platform" time="0.105" /><testcase classname="backend.tests.test_social_integrations.TestSocialIntegrations" name="test_publish_to_single_platform" time="0.207" /><testcase classname="backend.tests.test_social_integrations.TestSocialIntegrations" name="test_publish_content_exceeds_limit" time="0.245" /><testcase classname="backend.tests.test_social_integrations.TestSocialIntegrations" name="test_publish_invalid_post_type" time="0.199" /><testcase classname="backend.tests.test_social_integrations.TestSocialIntegrations" name="test_publish_to_multiple_platforms" time="0.442" /><testcase classname="backend.tests.test_social_integrations.TestSocialIntegrations" name="test_get_history" time="0.106" /><testcase classname="backend.tests.test_social_integrations.TestSocialIntegrations" name="test_get_history_filtered_by_platform" time="0.107" /><testcase classname="backend.tests.test_social_integrations.TestSocialIntegrations" name="test_get_history_filtered_by_status" time="0.115" /><testcase classname="backend.tests.test_social_integrations.TestSocialIntegrations" name="test_get_stats" time="0.099" /><testcase classname="backend.tests.test_social_integrations.TestSocialIntegrations" name="test_test_platform_connection" time="0.216" /><testcase classname="backend.tests.test_social_integrations.TestSocialIntegrations" name="test_test_invalid_platform_connection" time="0.105" /><testcase classname="backend.tests.test_social_integrations.TestSocialIntegrations" name="test_connections_requires_auth" time="0.104" /><testcase classname="backend.tests.test_social_integrations.TestSocialIntegrations" name="test_publish_requires_auth" time="0.102" /><testcase classname="backend.tests.test_social_integrations.TestSocialIntegrations" name="test_cleanup_disconnect_all" time="0.579" /></testsuite></testsuites>