<?xml version="1.0" encoding="utf-8"?><testsuites name="pytest tests"><testsuite name="pytest" errors="0" failures="0" skipped="0" tests="16" time="6.185" timestamp="2026-03-28T09:52:59.168419+00:00" hostname="agent-env-decee466-a110-495d-afbf-630aad0be0a0"><testcase classname="backend.tests.test_audit_log.TestAuditLogModule" name="test_get_audit_stats" time="0.422" /><testcase classname="backend.tests.test_audit_log.TestAuditLogModule" name="test_get_audit_logs" time="0.376" /><testcase classname="backend.tests.test_audit_log.TestAuditLogModule" name="test_get_audit_logs_with_filters" time="0.510" /><testcase classname="backend.tests.test_audit_log.TestAuditLogModule" name="test_get_single_audit_log" time="0.413" /><testcase classname="backend.tests.test_audit_log.TestAuditLogModule" name="test_get_audit_modules" time="0.367" /><testcase classname="backend.tests.test_audit_log.TestAuditLogModule" name="test_get_audit_actions" time="0.366" /><testcase classname="backend.tests.test_audit_log.TestAuditLogModule" name="test_get_audit_users" time="0.393" /><testcase classname="backend.tests.test_audit_log.TestAuditLogModule" name="test_export_audit_logs" time="0.371" /><testcase classname="backend.tests.test_audit_log.TestAuditLogModule" name="test_export_audit_logs_with_filters" time="0.364" /><testcase classname="backend.tests.test_audit_log.TestAuditLogRBAC" name="test_audit_log_module_in_rbac" time="0.376" /><testcase classname="backend.tests.test_audit_log.TestAuditLogRBAC" name="test_super_admin_has_audit_log_access" time="0.369" /><testcase classname="backend.tests.test_audit_log.TestAuditLogRBAC" name="test_admin_has_audit_log_access" time="0.436" /><testcase classname="backend.tests.test_audit_log.TestAuditLogRBAC" name="test_unauthorized_access_denied" time="0.198" /><testcase classname="backend.tests.test_audit_log.TestAuditLogDataIntegrity" name="test_seeded_audit_logs_exist" time="0.376" /><testcase classname="backend.tests.test_audit_log.TestAuditLogDataIntegrity" name="test_audit_log_action_types" time="0.417" /><testcase classname="backend.tests.test_audit_log.TestAuditLogDataIntegrity" name="test_audit_log_status_values" time="0.369" /></testsuite></testsuites>