<?xml version="1.0" encoding="utf-8"?><testsuites name="pytest tests"><testsuite name="pytest" errors="0" failures="0" skipped="0" tests="16" time="2.977" timestamp="2026-03-10T22:27:31.652450+00:00" hostname="agent-env-decee466-a110-495d-afbf-630aad0be0a0"><testcase classname="tests.test_iteration_61.TestAuthenticationFlow" name="test_health_check" time="0.250" /><testcase classname="tests.test_iteration_61.TestAuthenticationFlow" name="test_login_success" time="0.348" /><testcase classname="tests.test_iteration_61.TestSourcingModule" name="test_brands_list" time="0.492" /><testcase classname="tests.test_iteration_61.TestSourcingModule" name="test_suppliers_list" time="0.124" /><testcase classname="tests.test_iteration_61.TestSourcingModule" name="test_manufacturers_list" time="0.150" /><testcase classname="tests.test_iteration_61.TestMarketingModule" name="test_campaigns_list" time="0.136" /><testcase classname="tests.test_iteration_61.TestSalesModule" name="test_leads_list" time="0.118" /><testcase classname="tests.test_iteration_61.TestSalesModule" name="test_customers_list" time="0.106" /><testcase classname="tests.test_iteration_61.TestProjectTasks" name="test_project_tasks_all_list" time="0.223" /><testcase classname="tests.test_iteration_61.TestProjectTasks" name="test_my_tasks" time="0.120" /><testcase classname="tests.test_iteration_61.TestTeamPerformanceDashboard" name="test_team_performance" time="0.300" /><testcase classname="tests.test_iteration_61.TestTeamPerformanceDashboard" name="test_dashboard_stats" time="0.120" /><testcase classname="tests.test_iteration_61.TestOperationalTasks" name="test_tasks_list" time="0.119" /><testcase classname="tests.test_iteration_61.TestOperationalTasks" name="test_tasks_my_tasks" time="0.125" /><testcase classname="tests.test_iteration_61.TestEntityIntegrations" name="test_integration_check_endpoint" time="0.104" /><testcase classname="tests.test_iteration_61.TestEntityIntegrations" name="test_available_integrations" time="0.104" /></testsuite></testsuites>