<?xml version="1.0" encoding="utf-8"?><testsuites name="pytest tests"><testsuite name="pytest" errors="0" failures="0" skipped="0" tests="19" time="14.979" timestamp="2026-03-10T18:14:52.479694+00:00" hostname="agent-env-decee466-a110-495d-afbf-630aad0be0a0"><testcase classname="backend.tests.test_sourcing_ai_discovery_campaigns.TestAIDiscoveryService" name="test_discovery_status_returns_configured" time="0.581" /><testcase classname="backend.tests.test_sourcing_ai_discovery_campaigns.TestAIDiscoveryService" name="test_discovery_options_returns_all_required_fields" time="0.139" /><testcase classname="backend.tests.test_sourcing_ai_discovery_campaigns.TestAIDiscoveryService" name="test_discovery_history_returns_list" time="0.153" /><testcase classname="backend.tests.test_sourcing_ai_discovery_campaigns.TestAIDiscoveryRun" name="test_run_discovery_with_valid_params" time="5.030" /><testcase classname="backend.tests.test_sourcing_ai_discovery_campaigns.TestAIDiscoveryRun" name="test_run_discovery_without_city" time="7.030" /><testcase classname="backend.tests.test_sourcing_ai_discovery_campaigns.TestEmailCampaignsService" name="test_email_service_status_shows_sendgrid_ready" time="0.126" /><testcase classname="backend.tests.test_sourcing_ai_discovery_campaigns.TestEmailCampaignsService" name="test_list_campaigns_returns_list" time="0.115" /><testcase classname="backend.tests.test_sourcing_ai_discovery_campaigns.TestEmailCampaignsService" name="test_recent_outreach_logs" time="0.130" /><testcase classname="backend.tests.test_sourcing_ai_discovery_campaigns.TestEmailCampaignsSend" name="test_send_single_email_validates_required_fields" time="0.148" /><testcase classname="backend.tests.test_sourcing_ai_discovery_campaigns.TestEmailCampaignsSend" name="test_send_single_email_validates_email_format" time="0.137" /><testcase classname="backend.tests.test_sourcing_ai_discovery_campaigns.TestEmailCampaignsSend" name="test_bulk_email_validates_recipients" time="0.177" /><testcase classname="backend.tests.test_sourcing_ai_discovery_campaigns.TestEmailTemplates" name="test_list_templates_returns_list" time="0.171" /><testcase classname="backend.tests.test_sourcing_ai_discovery_campaigns.TestEmailTemplates" name="test_templates_have_required_fields" time="0.124" /><testcase classname="backend.tests.test_sourcing_ai_discovery_campaigns.TestBrandsForEmail" name="test_list_brands_returns_list" time="0.138" /><testcase classname="backend.tests.test_sourcing_ai_discovery_campaigns.TestBrandsForEmail" name="test_brands_with_email_can_be_filtered" time="0.178" /><testcase classname="backend.tests.test_sourcing_ai_discovery_campaigns.TestBrandScoring" name="test_score_brand_not_found" time="0.135" /><testcase classname="backend.tests.test_sourcing_ai_discovery_campaigns.TestAuthRequired" name="test_discovery_status_requires_auth" time="0.136" /><testcase classname="backend.tests.test_sourcing_ai_discovery_campaigns.TestAuthRequired" name="test_campaigns_status_requires_auth" time="0.127" /><testcase classname="backend.tests.test_sourcing_ai_discovery_campaigns.TestAuthRequired" name="test_templates_requires_auth" time="0.141" /></testsuite></testsuites>