<?xml version="1.0" encoding="utf-8"?><testsuites name="pytest tests"><testsuite name="pytest" errors="0" failures="0" skipped="0" tests="26" time="3.884" timestamp="2026-03-10T19:08:20.052518+00:00" hostname="agent-env-decee466-a110-495d-afbf-630aad0be0a0"><testcase classname="backend.tests.test_sourcing_module.TestSourcingDashboard" name="test_get_dashboard" time="0.643" /><testcase classname="backend.tests.test_sourcing_module.TestBrandsAPI" name="test_list_brands" time="0.080" /><testcase classname="backend.tests.test_sourcing_module.TestBrandsAPI" name="test_list_brands_paginated" time="0.062" /><testcase classname="backend.tests.test_sourcing_module.TestBrandsAPI" name="test_create_brand" time="0.193" /><testcase classname="backend.tests.test_sourcing_module.TestBrandsAPI" name="test_get_brand_substages" time="0.067" /><testcase classname="backend.tests.test_sourcing_module.TestBrandsAPI" name="test_brand_crud_flow" time="0.335" /><testcase classname="backend.tests.test_sourcing_module.TestSuppliersAPI" name="test_list_suppliers" time="0.063" /><testcase classname="backend.tests.test_sourcing_module.TestSuppliersAPI" name="test_get_supplier_metadata" time="0.067" /><testcase classname="backend.tests.test_sourcing_module.TestSuppliersAPI" name="test_supplier_crud_with_follow_up" time="0.255" /><testcase classname="backend.tests.test_sourcing_module.TestSuppliersAPI" name="test_supplier_analytics" time="0.070" /><testcase classname="backend.tests.test_sourcing_module.TestManufacturersAPI" name="test_list_manufacturers" time="0.077" /><testcase classname="backend.tests.test_sourcing_module.TestManufacturersAPI" name="test_get_manufacturer_metadata" time="0.070" /><testcase classname="backend.tests.test_sourcing_module.TestManufacturersAPI" name="test_manufacturer_crud_with_follow_up" time="0.339" /><testcase classname="backend.tests.test_sourcing_module.TestManufacturersAPI" name="test_manufacturer_analytics" time="0.060" /><testcase classname="backend.tests.test_sourcing_module.TestAIDiscoveryAPI" name="test_discovery_status" time="0.062" /><testcase classname="backend.tests.test_sourcing_module.TestAIDiscoveryAPI" name="test_discovery_options" time="0.078" /><testcase classname="backend.tests.test_sourcing_module.TestAIDiscoveryAPI" name="test_discovery_history" time="0.062" /><testcase classname="backend.tests.test_sourcing_module.TestEmailCampaignsAPI" name="test_campaigns_status" time="0.100" /><testcase classname="backend.tests.test_sourcing_module.TestEmailCampaignsAPI" name="test_list_campaigns" time="0.053" /><testcase classname="backend.tests.test_sourcing_module.TestEmailCampaignsAPI" name="test_list_templates" time="0.066" /><testcase classname="backend.tests.test_sourcing_module.TestEmailCampaignsAPI" name="test_recent_outreach_logs" time="0.063" /><testcase classname="backend.tests.test_sourcing_module.TestEmailCampaignsAPI" name="test_single_email_validation" time="0.058" /><testcase classname="backend.tests.test_sourcing_module.TestSamplesAPI" name="test_list_samples" time="0.072" /><testcase classname="backend.tests.test_sourcing_module.TestCalendarFollowUps" name="test_follow_ups_from_all_entities" time="0.210" /><testcase classname="backend.tests.test_sourcing_module.TestBrandNotes" name="test_brand_notes_crud" time="0.270" /><testcase classname="backend.tests.test_sourcing_module.TestBrandContacts" name="test_brand_contacts_crud" time="0.329" /></testsuite></testsuites>