<?xml version="1.0" encoding="utf-8"?><testsuites name="pytest tests"><testsuite name="pytest" errors="0" failures="0" skipped="0" tests="16" time="14.742" timestamp="2026-03-09T17:16:01.723740+00:00" hostname="agent-env-decee466-a110-495d-afbf-630aad0be0a0"><testcase classname="backend.tests.test_project_visibility_team.TestProjectVisibilityTeam" name="test_01_list_modules" time="1.017" /><testcase classname="backend.tests.test_project_visibility_team.TestProjectVisibilityTeam" name="test_02_create_public_project" time="0.824" /><testcase classname="backend.tests.test_project_visibility_team.TestProjectVisibilityTeam" name="test_03_create_private_project" time="0.818" /><testcase classname="backend.tests.test_project_visibility_team.TestProjectVisibilityTeam" name="test_04_list_projects_visibility_filtering" time="1.008" /><testcase classname="backend.tests.test_project_visibility_team.TestProjectVisibilityTeam" name="test_05_update_project_visibility" time="1.019" /><testcase classname="backend.tests.test_project_visibility_team.TestProjectVisibilityTeam" name="test_06_add_team_member_to_project" time="0.950" /><testcase classname="backend.tests.test_project_visibility_team.TestProjectVisibilityTeam" name="test_07_marketing_can_see_private_project_after_added" time="0.831" /><testcase classname="backend.tests.test_project_visibility_team.TestProjectVisibilityTeam" name="test_08_remove_team_member_from_project" time="0.954" /><testcase classname="backend.tests.test_project_visibility_team.TestProjectVisibilityTeam" name="test_09_create_individual_task_without_project" time="0.825" /><testcase classname="backend.tests.test_project_visibility_team.TestProjectVisibilityTeam" name="test_10_get_individual_tasks_endpoint" time="1.008" /><testcase classname="backend.tests.test_project_visibility_team.TestProjectVisibilityTeam" name="test_11_create_task_with_project" time="0.837" /><testcase classname="backend.tests.test_project_visibility_team.TestProjectVisibilityTeam" name="test_12_get_my_tasks_includes_individual_tasks" time="0.869" /><testcase classname="backend.tests.test_project_visibility_team.TestProjectVisibilityTeam" name="test_13_get_individual_task_detail" time="0.830" /><testcase classname="backend.tests.test_project_visibility_team.TestProjectVisibilityTeam" name="test_14_list_projects_with_visibility_filter" time="0.941" /><testcase classname="backend.tests.test_project_visibility_team.TestProjectVisibilityTeam" name="test_15_get_project_detail_includes_visibility" time="0.876" /><testcase classname="backend.tests.test_project_visibility_team.TestProjectVisibilityTeam" name="test_99_cleanup" time="1.077" /></testsuite></testsuites>