<?xml version="1.0" encoding="utf-8"?><testsuites name="pytest tests"><testsuite name="pytest" errors="0" failures="0" skipped="0" tests="20" time="9.644" timestamp="2026-03-12T17:23:07.353757+00:00" hostname="agent-env-decee466-a110-495d-afbf-630aad0be0a0"><testcase classname="backend.tests.test_marketing_budget_management.TestBudgetOverview" name="test_get_budget_overview" time="0.217" /><testcase classname="backend.tests.test_marketing_budget_management.TestBudgetOverview" name="test_get_budget_analytics" time="0.130" /><testcase classname="backend.tests.test_marketing_budget_management.TestBudgetCRUD" name="test_list_budgets" time="0.122" /><testcase classname="backend.tests.test_marketing_budget_management.TestBudgetCRUD" name="test_create_budget" time="0.426" /><testcase classname="backend.tests.test_marketing_budget_management.TestBudgetCRUD" name="test_get_budget_by_id" time="0.429" /><testcase classname="backend.tests.test_marketing_budget_management.TestBudgetCRUD" name="test_update_budget" time="0.533" /><testcase classname="backend.tests.test_marketing_budget_management.TestBudgetCRUD" name="test_approve_budget" time="0.516" /><testcase classname="backend.tests.test_marketing_budget_management.TestBudgetCRUD" name="test_activate_budget" time="0.630" /><testcase classname="backend.tests.test_marketing_budget_management.TestBudgetCRUD" name="test_delete_draft_budget" time="0.370" /><testcase classname="backend.tests.test_marketing_budget_management.TestBudgetItems" name="test_create_budget_item" time="0.466" /><testcase classname="backend.tests.test_marketing_budget_management.TestBudgetItems" name="test_list_budget_items" time="0.663" /><testcase classname="backend.tests.test_marketing_budget_management.TestExpenses" name="test_create_expense" time="0.909" /><testcase classname="backend.tests.test_marketing_budget_management.TestExpenses" name="test_list_all_expenses" time="0.356" /><testcase classname="backend.tests.test_marketing_budget_management.TestExpenses" name="test_list_budget_expenses" time="0.532" /><testcase classname="backend.tests.test_marketing_budget_management.TestExpenses" name="test_approve_expense" time="0.883" /><testcase classname="backend.tests.test_marketing_budget_management.TestExpenses" name="test_reject_expense" time="0.823" /><testcase classname="backend.tests.test_marketing_budget_management.TestExpenses" name="test_mark_expense_paid" time="1.184" /><testcase classname="backend.tests.test_marketing_budget_management.TestBudgetFilters" name="test_filter_by_status" time="0.133" /><testcase classname="backend.tests.test_marketing_budget_management.TestBudgetFilters" name="test_filter_by_fiscal_year" time="0.109" /><testcase classname="backend.tests.test_marketing_budget_management.TestBudgetFilters" name="test_filter_expenses_by_status" time="0.139" /></testsuite></testsuites>