<?xml version="1.0" encoding="utf-8"?><testsuites name="pytest tests"><testsuite name="pytest" errors="0" failures="0" skipped="0" tests="13" time="3.428" timestamp="2026-03-28T15:11:47.721651+00:00" hostname="agent-env-decee466-a110-495d-afbf-630aad0be0a0"><testcase classname="tests.test_org_hierarchy_approvals.TestOrgHierarchyEndpoints" name="test_get_my_org_context" time="0.579" /><testcase classname="tests.test_org_hierarchy_approvals.TestOrgHierarchyEndpoints" name="test_get_my_reportees" time="0.131" /><testcase classname="tests.test_org_hierarchy_approvals.TestOrgHierarchyEndpoints" name="test_get_my_reportees_with_indirect" time="0.101" /><testcase classname="tests.test_org_hierarchy_approvals.TestOrgHierarchyEndpoints" name="test_get_approval_chain_for_user" time="0.261" /><testcase classname="tests.test_org_hierarchy_approvals.TestOrgHierarchyEndpoints" name="test_get_department_heads" time="0.119" /><testcase classname="tests.test_org_hierarchy_approvals.TestApprovalWorkflowEndpoints" name="test_get_approval_dashboard" time="0.426" /><testcase classname="tests.test_org_hierarchy_approvals.TestApprovalWorkflowEndpoints" name="test_get_approval_workflows" time="0.118" /><testcase classname="tests.test_org_hierarchy_approvals.TestApprovalWorkflowEndpoints" name="test_seed_default_workflows" time="0.113" /><testcase classname="tests.test_org_hierarchy_approvals.TestApprovalWorkflowEndpoints" name="test_get_pending_my_approval" time="0.114" /><testcase classname="tests.test_org_hierarchy_approvals.TestApprovalWorkflowEndpoints" name="test_get_my_requests" time="0.108" /><testcase classname="tests.test_org_hierarchy_approvals.TestApprovalWorkflowEndpoints" name="test_get_all_approval_requests" time="0.101" /><testcase classname="tests.test_org_hierarchy_approvals.TestRBACCleanup" name="test_cleanup_duplicates" time="0.444" /><testcase classname="tests.test_org_hierarchy_approvals.TestApprovalWorkflowCRUD" name="test_create_and_delete_workflow" time="0.759" /></testsuite></testsuites>