<?xml version="1.0" encoding="utf-8"?><testsuites name="pytest tests"><testsuite name="pytest" errors="0" failures="0" skipped="0" tests="21" time="3.735" timestamp="2026-03-07T23:39:04.906058+00:00" hostname="agent-env-decee466-a110-495d-afbf-630aad0be0a0"><testcase classname="backend.tests.test_content_assets.TestTemplatesAPI" name="test_get_templates_list" time="0.612" /><testcase classname="backend.tests.test_content_assets.TestTemplatesAPI" name="test_create_template_with_variables" time="0.164" /><testcase classname="backend.tests.test_content_assets.TestTemplatesAPI" name="test_get_template_by_id" time="0.195" /><testcase classname="backend.tests.test_content_assets.TestTemplatesAPI" name="test_update_template" time="0.193" /><testcase classname="backend.tests.test_content_assets.TestTemplatesAPI" name="test_delete_template" time="0.201" /><testcase classname="backend.tests.test_content_assets.TestInfluencerDeliveriesAPI" name="test_get_influencer_deliveries_list" time="0.118" /><testcase classname="backend.tests.test_content_assets.TestInfluencerDeliveriesAPI" name="test_get_deliveries_with_filters" time="0.155" /><testcase classname="backend.tests.test_content_assets.TestInfluencerDeliveriesAPI" name="test_create_influencer_delivery_with_metrics" time="0.148" /><testcase classname="backend.tests.test_content_assets.TestInfluencerDeliveriesAPI" name="test_delete_influencer_delivery" time="0.218" /><testcase classname="backend.tests.test_content_assets.TestDeliveriesStatsAPI" name="test_get_deliveries_stats" time="0.115" /><testcase classname="backend.tests.test_content_assets.TestAssetsAPI" name="test_get_assets_list" time="0.177" /><testcase classname="backend.tests.test_content_assets.TestAssetsAPI" name="test_get_assets_by_category" time="0.195" /><testcase classname="backend.tests.test_content_assets.TestAssetsAPI" name="test_create_asset" time="0.111" /><testcase classname="backend.tests.test_content_assets.TestAssetsAPI" name="test_update_asset_campaign_link" time="0.165" /><testcase classname="backend.tests.test_content_assets.TestAssetsAPI" name="test_create_asset_version" time="0.150" /><testcase classname="backend.tests.test_content_assets.TestAssetsAPI" name="test_delete_asset" time="0.154" /><testcase classname="backend.tests.test_content_assets.TestUGCLibraryAPI" name="test_get_ugc_list" time="0.112" /><testcase classname="backend.tests.test_content_assets.TestUGCLibraryAPI" name="test_get_ugc_with_filters" time="0.109" /><testcase classname="backend.tests.test_content_assets.TestUGCLibraryAPI" name="test_create_ugc" time="0.157" /><testcase classname="backend.tests.test_content_assets.TestPRCoverageAPI" name="test_get_pr_coverage_list" time="0.114" /><testcase classname="backend.tests.test_content_assets.TestPRCoverageAPI" name="test_pr_coverage_has_expected_fields" time="0.112" /></testsuite></testsuites>