<?xml version="1.0" encoding="utf-8"?><testsuites name="pytest tests"><testsuite name="pytest" errors="0" failures="0" skipped="0" tests="23" time="5.723" timestamp="2026-03-11T10:39:59.047431+00:00" hostname="agent-env-decee466-a110-495d-afbf-630aad0be0a0"><testcase classname="backend.tests.test_pulse_comprehensive.TestPulseAuthentication" name="test_login_success" time="0.360" /><testcase classname="backend.tests.test_pulse_comprehensive.TestPulseFeed" name="test_get_pulse_config" time="0.470" /><testcase classname="backend.tests.test_pulse_comprehensive.TestPulseFeed" name="test_get_posts_feed" time="0.119" /><testcase classname="backend.tests.test_pulse_comprehensive.TestPulseFeed" name="test_create_pulse_post" time="0.103" /><testcase classname="backend.tests.test_pulse_comprehensive.TestPulseFeed" name="test_get_single_post" time="0.109" /><testcase classname="backend.tests.test_pulse_comprehensive.TestPulseFeed" name="test_add_comment_to_post" time="0.126" /><testcase classname="backend.tests.test_pulse_comprehensive.TestPulseFeed" name="test_get_comments" time="0.116" /><testcase classname="backend.tests.test_pulse_comprehensive.TestPulseFeed" name="test_add_reaction_to_post" time="0.114" /><testcase classname="backend.tests.test_pulse_comprehensive.TestPulseFeed" name="test_get_reactions" time="0.104" /><testcase classname="backend.tests.test_pulse_comprehensive.TestPulseStats" name="test_get_pulse_stats" time="0.440" /><testcase classname="backend.tests.test_pulse_comprehensive.TestPulseRecognition" name="test_get_badge_types" time="0.437" /><testcase classname="backend.tests.test_pulse_comprehensive.TestPulseRecognition" name="test_give_recognition" time="0.355" /><testcase classname="backend.tests.test_pulse_comprehensive.TestPulseRecognition" name="test_get_recognitions" time="0.111" /><testcase classname="backend.tests.test_pulse_comprehensive.TestPulseRecognition" name="test_get_recognition_leaderboard" time="0.140" /><testcase classname="backend.tests.test_pulse_comprehensive.TestWorkUpdates" name="test_get_linkable_items" time="0.448" /><testcase classname="backend.tests.test_pulse_comprehensive.TestWorkUpdates" name="test_submit_daily_update" time="0.103" /><testcase classname="backend.tests.test_pulse_comprehensive.TestWorkUpdates" name="test_get_daily_updates" time="0.106" /><testcase classname="backend.tests.test_pulse_comprehensive.TestWorkUpdates" name="test_submit_weekly_update" time="0.104" /><testcase classname="backend.tests.test_pulse_comprehensive.TestWorkUpdates" name="test_get_weekly_updates" time="0.106" /><testcase classname="backend.tests.test_pulse_comprehensive.TestCreateTaskFromPulse" name="test_create_task_from_post" time="0.545" /><testcase classname="backend.tests.test_pulse_comprehensive.TestCreateTaskFromPulse" name="test_create_task_from_blocker" time="0.232" /><testcase classname="backend.tests.test_pulse_comprehensive.TestPulseLeadershipDashboard" name="test_get_leadership_dashboard" time="0.471" /><testcase classname="backend.tests.test_pulse_comprehensive.TestPulseTags" name="test_get_popular_tags" time="0.439" /></testsuite></testsuites>