<?xml version="1.0" encoding="utf-8"?><testsuites name="pytest tests"><testsuite name="pytest" errors="0" failures="0" skipped="0" tests="33" time="4.837" timestamp="2026-03-08T23:58:32.307576+00:00" hostname="agent-env-decee466-a110-495d-afbf-630aad0be0a0"><testcase classname="tests.test_project_management.TestPMModules" name="test_create_module" time="0.468" /><testcase classname="tests.test_project_management.TestPMModules" name="test_list_modules" time="0.109" /><testcase classname="tests.test_project_management.TestPMModules" name="test_get_module_by_id" time="0.121" /><testcase classname="tests.test_project_management.TestPMModules" name="test_update_module" time="0.247" /><testcase classname="tests.test_project_management.TestProjects" name="test_create_project" time="0.242" /><testcase classname="tests.test_project_management.TestProjects" name="test_list_projects" time="0.116" /><testcase classname="tests.test_project_management.TestProjects" name="test_get_project_by_id" time="0.132" /><testcase classname="tests.test_project_management.TestProjects" name="test_update_project" time="0.240" /><testcase classname="tests.test_project_management.TestTasks" name="test_create_task" time="0.155" /><testcase classname="tests.test_project_management.TestTasks" name="test_list_all_tasks" time="0.130" /><testcase classname="tests.test_project_management.TestTasks" name="test_list_project_tasks" time="0.126" /><testcase classname="tests.test_project_management.TestTasks" name="test_get_task_by_id" time="0.110" /><testcase classname="tests.test_project_management.TestTasks" name="test_update_task_status" time="0.243" /><testcase classname="tests.test_project_management.TestSubtasks" name="test_create_subtask" time="0.142" /><testcase classname="tests.test_project_management.TestSubtasks" name="test_list_subtasks" time="0.126" /><testcase classname="tests.test_project_management.TestSubtasks" name="test_update_subtask" time="0.123" /><testcase classname="tests.test_project_management.TestChecklists" name="test_create_checklist_item" time="0.116" /><testcase classname="tests.test_project_management.TestChecklists" name="test_list_checklists" time="0.111" /><testcase classname="tests.test_project_management.TestChecklists" name="test_toggle_checklist_completion" time="0.112" /><testcase classname="tests.test_project_management.TestComments" name="test_create_comment" time="0.115" /><testcase classname="tests.test_project_management.TestComments" name="test_list_comments" time="0.109" /><testcase classname="tests.test_project_management.TestMyTasksDashboard" name="test_get_my_tasks" time="0.119" /><testcase classname="tests.test_project_management.TestMyTasksDashboard" name="test_my_tasks_task_enrichment" time="0.131" /><testcase classname="tests.test_project_management.TestActivityLog" name="test_list_activity" time="0.111" /><testcase classname="tests.test_project_management.TestActivityLog" name="test_filter_activity_by_entity_type" time="0.140" /><testcase classname="tests.test_project_management.TestTimeLogs" name="test_create_time_log" time="0.107" /><testcase classname="tests.test_project_management.TestTimeLogs" name="test_list_task_time_logs" time="0.126" /><testcase classname="tests.test_project_management.TestCleanup" name="test_delete_comments" time="0.100" /><testcase classname="tests.test_project_management.TestCleanup" name="test_delete_checklists" time="0.116" /><testcase classname="tests.test_project_management.TestCleanup" name="test_delete_subtasks" time="0.133" /><testcase classname="tests.test_project_management.TestCleanup" name="test_delete_tasks" time="0.111" /><testcase classname="tests.test_project_management.TestCleanup" name="test_delete_projects" time="0.104" /><testcase classname="tests.test_project_management.TestCleanup" name="test_delete_modules" time="0.112" /></testsuite></testsuites>