<?xml version="1.0" encoding="utf-8"?><testsuites name="pytest tests"><testsuite name="pytest" errors="0" failures="0" skipped="0" tests="9" time="2.915" timestamp="2026-03-09T22:22:59.779202+00:00" hostname="agent-env-decee466-a110-495d-afbf-630aad0be0a0"><testcase classname="backend.tests.test_meeting_templates_ms_calendar.TestMeetingTemplatesAPI" name="test_get_templates_list" time="0.536" /><testcase classname="backend.tests.test_meeting_templates_ms_calendar.TestMeetingTemplatesAPI" name="test_get_templates_with_filters" time="0.147" /><testcase classname="backend.tests.test_meeting_templates_ms_calendar.TestMeetingTemplatesAPI" name="test_create_template" time="0.133" /><testcase classname="backend.tests.test_meeting_templates_ms_calendar.TestMeetingTemplatesAPI" name="test_get_template_by_id" time="0.348" /><testcase classname="backend.tests.test_meeting_templates_ms_calendar.TestMeetingTemplatesAPI" name="test_delete_template" time="0.374" /><testcase classname="backend.tests.test_meeting_templates_ms_calendar.TestScheduleFromTemplate" name="test_schedule_meeting_from_template" time="0.465" /><testcase classname="backend.tests.test_meeting_templates_ms_calendar.TestMSCalendarAPI" name="test_ms_calendar_status" time="0.122" /><testcase classname="backend.tests.test_meeting_templates_ms_calendar.TestMSCalendarAPI" name="test_ms_calendar_connect" time="0.128" /><testcase classname="backend.tests.test_meeting_templates_ms_calendar.TestRecurringBadgeInMeetingList" name="test_meeting_list_includes_recurrence_type" time="0.627" /></testsuite></testsuites>