<?xml version="1.0" encoding="utf-8"?><testsuites name="pytest tests"><testsuite name="pytest" errors="0" failures="0" skipped="0" tests="8" time="7.580" timestamp="2026-03-05T01:10:42.485803+00:00" hostname="agent-env-0567ea9f-6a3a-4714-9698-e387880e2594"><testcase classname="backend.tests.test_platform_audience.TestPlatformSpecificAudienceDemographics" name="test_create_influencer_with_instagram_audience_only" time="0.842" /><testcase classname="backend.tests.test_platform_audience.TestPlatformSpecificAudienceDemographics" name="test_create_influencer_with_youtube_audience_only" time="1.248" /><testcase classname="backend.tests.test_platform_audience.TestPlatformSpecificAudienceDemographics" name="test_create_influencer_with_both_platform_audiences" time="0.983" /><testcase classname="backend.tests.test_platform_audience.TestPlatformSpecificAudienceDemographics" name="test_get_influencer_returns_platform_specific_demographics" time="1.080" /><testcase classname="backend.tests.test_platform_audience.TestPlatformSpecificAudienceDemographics" name="test_update_influencer_audience_demographics" time="0.768" /><testcase classname="backend.tests.test_platform_audience.TestPlatformSpecificAudienceDemographics" name="test_legacy_demographics_format_fallback" time="0.576" /><testcase classname="backend.tests.test_platform_audience.TestPlatformSpecificAudienceDemographics" name="test_empty_audience_demographics" time="0.567" /><testcase classname="backend.tests.test_platform_audience.TestPlatformSpecificAudienceDemographics" name="test_platform_demographics_different_between_platforms" time="1.420" /></testsuite></testsuites>