<?xml version="1.0" encoding="utf-8"?><testsuites name="pytest tests"><testsuite name="pytest" errors="0" failures="0" skipped="0" tests="7" time="3.722" timestamp="2026-03-08T09:13:04.739146+00:00" hostname="agent-env-decee466-a110-495d-afbf-630aad0be0a0"><testcase classname="tests.test_unified_pipeline.TestUnifiedPipeline" name="test_01_get_all_contacts" time="0.545" /><testcase classname="tests.test_unified_pipeline.TestUnifiedPipeline" name="test_02_update_contact_pipeline_stage" time="0.549" /><testcase classname="tests.test_unified_pipeline.TestUnifiedPipeline" name="test_03_get_contact_communications" time="0.410" /><testcase classname="tests.test_unified_pipeline.TestUnifiedPipeline" name="test_04_create_communication_record" time="0.476" /><testcase classname="tests.test_unified_pipeline.TestUnifiedPipeline" name="test_05_get_contact_deals" time="0.417" /><testcase classname="tests.test_unified_pipeline.TestUnifiedPipeline" name="test_06_unified_campaigns_endpoint" time="0.386" /><testcase classname="tests.test_unified_pipeline.TestUnifiedPipeline" name="test_07_verify_pipeline_stages_enum" time="0.911" /></testsuite></testsuites>