<?xml version="1.0" encoding="utf-8"?><testsuites name="pytest tests"><testsuite name="pytest" errors="0" failures="0" skipped="0" tests="23" time="3.626" timestamp="2026-03-07T17:48:26.781206+00:00" hostname="agent-env-decee466-a110-495d-afbf-630aad0be0a0"><testcase classname="backend.tests.test_marketing_extended.TestGiftingSeeding" name="test_create_gift_record" time="0.693" /><testcase classname="backend.tests.test_marketing_extended.TestGiftingSeeding" name="test_get_gifts_for_contact" time="0.119" /><testcase classname="backend.tests.test_marketing_extended.TestGiftingSeeding" name="test_update_gift_status" time="0.249" /><testcase classname="backend.tests.test_marketing_extended.TestPromoCodes" name="test_create_promo_code" time="0.133" /><testcase classname="backend.tests.test_marketing_extended.TestPromoCodes" name="test_get_promo_codes_for_contact" time="0.121" /><testcase classname="backend.tests.test_marketing_extended.TestPromoCodes" name="test_record_promo_code_use" time="0.200" /><testcase classname="backend.tests.test_marketing_extended.TestUTMLinks" name="test_create_utm_link" time="0.099" /><testcase classname="backend.tests.test_marketing_extended.TestUTMLinks" name="test_get_utm_links_for_contact" time="0.116" /><testcase classname="backend.tests.test_marketing_extended.TestContracts" name="test_create_contract_with_deal" time="0.220" /><testcase classname="backend.tests.test_marketing_extended.TestContracts" name="test_get_contracts_for_contact" time="0.096" /><testcase classname="backend.tests.test_marketing_extended.TestContracts" name="test_route_conflict_documented" time="0.000" /><testcase classname="backend.tests.test_marketing_extended.TestContentApproval" name="test_create_content_submission" time="0.112" /><testcase classname="backend.tests.test_marketing_extended.TestContentApproval" name="test_review_content_submission" time="0.256" /><testcase classname="backend.tests.test_marketing_extended.TestBrandSafety" name="test_scan_brand_safety" time="0.124" /><testcase classname="backend.tests.test_marketing_extended.TestBrandSafety" name="test_get_brand_safety_check" time="0.227" /><testcase classname="backend.tests.test_marketing_extended.TestAvailabilityCalendar" name="test_create_availability_slot" time="0.110" /><testcase classname="backend.tests.test_marketing_extended.TestAvailabilityCalendar" name="test_get_availability" time="0.104" /><testcase classname="backend.tests.test_marketing_extended.TestAvailabilityCalendar" name="test_check_contact_availability" time="0.100" /><testcase classname="backend.tests.test_marketing_extended.TestExclusivityTracker" name="test_get_contact_exclusivity" time="0.120" /><testcase classname="backend.tests.test_marketing_extended.TestRelationshipScore" name="test_get_relationship_score" time="0.109" /><testcase classname="backend.tests.test_marketing_extended.TestContractTemplates" name="test_create_contract_template" time="0.103" /><testcase classname="backend.tests.test_marketing_extended.TestContractTemplates" name="test_get_contract_templates" time="0.124" /><testcase classname="backend.tests.test_marketing_extended.TestCleanup" name="test_cleanup_test_data" time="0.000" /></testsuite></testsuites>