<?xml version="1.0" encoding="utf-8"?><testsuites name="pytest tests"><testsuite name="pytest" errors="0" failures="0" skipped="0" tests="29" time="4.022" timestamp="2026-03-13T16:27:52.535398+00:00" hostname="agent-env-decee466-a110-495d-afbf-630aad0be0a0"><testcase classname="tests.test_data_scope_filtering.TestDataScopeFiltering" name="test_sourcing_brands_list" time="0.577" /><testcase classname="tests.test_data_scope_filtering.TestDataScopeFiltering" name="test_sourcing_brands_paginated" time="0.138" /><testcase classname="tests.test_data_scope_filtering.TestDataScopeFiltering" name="test_sourcing_suppliers_list" time="0.137" /><testcase classname="tests.test_data_scope_filtering.TestDataScopeFiltering" name="test_sourcing_manufacturers_list" time="0.147" /><testcase classname="tests.test_data_scope_filtering.TestDataScopeFiltering" name="test_marketing_contacts_list" time="0.160" /><testcase classname="tests.test_data_scope_filtering.TestDataScopeFiltering" name="test_marketing_contacts_paginated" time="0.140" /><testcase classname="tests.test_data_scope_filtering.TestDataScopeFiltering" name="test_marketing_unified_campaigns" time="0.144" /><testcase classname="tests.test_data_scope_filtering.TestDataScopeFiltering" name="test_tasks_list" time="0.134" /><testcase classname="tests.test_data_scope_filtering.TestDataScopeFiltering" name="test_tasks_paginated" time="0.185" /><testcase classname="tests.test_data_scope_filtering.TestDataScopeFiltering" name="test_hr_employees_list" time="0.122" /><testcase classname="tests.test_data_scope_filtering.TestDataScopeFiltering" name="test_leads_list" time="0.121" /><testcase classname="tests.test_data_scope_filtering.TestDataScopeFiltering" name="test_leads_paginated" time="0.110" /><testcase classname="tests.test_data_scope_filtering.TestDataScopeFiltering" name="test_projects_list" time="0.185" /><testcase classname="tests.test_data_scope_filtering.TestDataScopeQueryFunction" name="test_permissions_module_exists" time="0.001" /><testcase classname="tests.test_data_scope_filtering.TestDataScopeQueryFunction" name="test_data_scope_query_for_admin" time="0.000" /><testcase classname="tests.test_data_scope_filtering.TestDataScopeQueryFunction" name="test_data_scope_query_for_superadmin" time="0.000" /><testcase classname="tests.test_data_scope_filtering.TestDataScopeQueryFunction" name="test_data_scope_query_own_only" time="0.000" /><testcase classname="tests.test_data_scope_filtering.TestDataScopeQueryFunction" name="test_data_scope_query_own_assigned" time="0.000" /><testcase classname="tests.test_data_scope_filtering.TestDataScopeQueryFunction" name="test_data_scope_query_team" time="0.000" /><testcase classname="tests.test_data_scope_filtering.TestDataScopeQueryFunction" name="test_data_scope_query_all" time="0.000" /><testcase classname="tests.test_data_scope_filtering.TestSuperAdminSeesAllData" name="test_superadmin_brands_access" time="0.500" /><testcase classname="tests.test_data_scope_filtering.TestSuperAdminSeesAllData" name="test_superadmin_suppliers_access" time="0.134" /><testcase classname="tests.test_data_scope_filtering.TestSuperAdminSeesAllData" name="test_superadmin_manufacturers_access" time="0.136" /><testcase classname="tests.test_data_scope_filtering.TestSuperAdminSeesAllData" name="test_superadmin_contacts_access" time="0.148" /><testcase classname="tests.test_data_scope_filtering.TestSuperAdminSeesAllData" name="test_superadmin_campaigns_access" time="0.184" /><testcase classname="tests.test_data_scope_filtering.TestSuperAdminSeesAllData" name="test_superadmin_tasks_access" time="0.115" /><testcase classname="tests.test_data_scope_filtering.TestSuperAdminSeesAllData" name="test_superadmin_employees_access" time="0.152" /><testcase classname="tests.test_data_scope_filtering.TestSuperAdminSeesAllData" name="test_superadmin_leads_access" time="0.161" /><testcase classname="tests.test_data_scope_filtering.TestSuperAdminSeesAllData" name="test_superadmin_projects_access" time="0.130" /></testsuite></testsuites>