<?xml version="1.0" encoding="utf-8"?><testsuites name="pytest tests"><testsuite name="pytest" errors="0" failures="0" skipped="0" tests="15" time="7.618" timestamp="2026-03-09T01:06:40.788112+00:00" hostname="agent-env-decee466-a110-495d-afbf-630aad0be0a0"><testcase classname="backend.tests.test_manager_dashboard.TestManagerDashboard" name="test_manager_dashboard_returns_200" time="0.607" /><testcase classname="backend.tests.test_manager_dashboard.TestManagerDashboard" name="test_manager_dashboard_project_stats_structure" time="0.464" /><testcase classname="backend.tests.test_manager_dashboard.TestManagerDashboard" name="test_manager_dashboard_task_stats_structure" time="0.507" /><testcase classname="backend.tests.test_manager_dashboard.TestManagerDashboard" name="test_manager_dashboard_projects_by_status" time="0.447" /><testcase classname="backend.tests.test_manager_dashboard.TestManagerDashboard" name="test_manager_dashboard_projects_by_priority" time="0.448" /><testcase classname="backend.tests.test_manager_dashboard.TestManagerDashboard" name="test_manager_dashboard_tasks_by_status" time="0.463" /><testcase classname="backend.tests.test_manager_dashboard.TestManagerDashboard" name="test_manager_dashboard_team_workload_structure" time="0.524" /><testcase classname="backend.tests.test_manager_dashboard.TestManagerDashboard" name="test_manager_dashboard_at_risk_projects_structure" time="0.482" /><testcase classname="backend.tests.test_manager_dashboard.TestManagerDashboard" name="test_manager_dashboard_upcoming_deadlines_structure" time="0.507" /><testcase classname="backend.tests.test_manager_dashboard.TestManagerDashboard" name="test_manager_dashboard_recent_activity_structure" time="0.495" /><testcase classname="backend.tests.test_manager_dashboard.TestManagerDashboard" name="test_manager_dashboard_weekly_completion_structure" time="0.509" /><testcase classname="backend.tests.test_manager_dashboard.TestManagerDashboard" name="test_manager_dashboard_data_consistency" time="0.508" /><testcase classname="backend.tests.test_manager_dashboard.TestManagerDashboard" name="test_manager_dashboard_requires_auth" time="0.429" /><testcase classname="backend.tests.test_manager_dashboard.TestManagerDashboardWithData" name="test_dashboard_shows_existing_projects" time="0.594" /><testcase classname="backend.tests.test_manager_dashboard.TestManagerDashboardWithData" name="test_dashboard_shows_existing_tasks" time="0.578" /></testsuite></testsuites>