<?xml version="1.0" encoding="utf-8"?><testsuites name="pytest tests"><testsuite name="pytest" errors="0" failures="0" skipped="0" tests="12" time="77.789" timestamp="2026-03-12T16:18:36.497093+00:00" hostname="agent-env-decee466-a110-495d-afbf-630aad0be0a0"><testcase classname="backend.tests.test_content_production_project_types.TestContentProductionProjectTypes" name="test_get_workflow_templates" time="0.140" /><testcase classname="backend.tests.test_content_production_project_types.TestContentProductionProjectTypes" name="test_create_original_production_project" time="0.277" /><testcase classname="backend.tests.test_content_production_project_types.TestContentProductionProjectTypes" name="test_create_adaptation_project" time="0.341" /><testcase classname="backend.tests.test_content_production_project_types.TestContentProductionProjectTypes" name="test_create_delivery_only_project" time="0.502" /><testcase classname="backend.tests.test_content_production_project_types.TestContentProductionProjectTypes" name="test_create_graphics_project" time="0.652" /><testcase classname="backend.tests.test_content_production_project_types.TestContentProductionProjectTypes" name="test_generate_tasks_original_production" time="0.876" /><testcase classname="backend.tests.test_content_production_project_types.TestContentProductionProjectTypes" name="test_generate_tasks_adaptation" time="1.032" /><testcase classname="backend.tests.test_content_production_project_types.TestContentProductionProjectTypes" name="test_generate_tasks_delivery_only" time="1.063" /><testcase classname="backend.tests.test_content_production_project_types.TestContentProductionProjectTypes" name="test_generate_tasks_graphics" time="1.272" /><testcase classname="backend.tests.test_content_production_project_types.TestContentProductionProjectTypes" name="test_get_source_projects" time="1.176" /><testcase classname="backend.tests.test_content_production_project_types.TestContentProductionProjectTypes" name="test_get_projects_list" time="1.127" /><testcase classname="backend.tests.test_content_production_project_types.TestContentProductionProjectTypes" name="test_get_content_stats" time="69.307" /></testsuite></testsuites>