<?xml version="1.0" encoding="utf-8"?><testsuites name="pytest tests"><testsuite name="pytest" errors="0" failures="0" skipped="0" tests="33" time="4.943" timestamp="2026-03-07T20:32:31.023653+00:00" hostname="agent-env-decee466-a110-495d-afbf-630aad0be0a0"><testcase classname="backend.tests.test_digital_pr_phases_5_8_9_10.TestPhase5RelationshipCRM" name="test_get_interactions_list" time="0.474" /><testcase classname="backend.tests.test_digital_pr_phases_5_8_9_10.TestPhase5RelationshipCRM" name="test_create_interaction" time="0.209" /><testcase classname="backend.tests.test_digital_pr_phases_5_8_9_10.TestPhase5RelationshipCRM" name="test_create_interaction_with_call_type" time="0.105" /><testcase classname="backend.tests.test_digital_pr_phases_5_8_9_10.TestPhase5RelationshipCRM" name="test_create_interaction_missing_contact" time="0.106" /><testcase classname="backend.tests.test_digital_pr_phases_5_8_9_10.TestPhase5RelationshipCRM" name="test_get_contact_history" time="0.115" /><testcase classname="backend.tests.test_digital_pr_phases_5_8_9_10.TestPhase5RelationshipCRM" name="test_get_contact_history_not_found" time="0.124" /><testcase classname="backend.tests.test_digital_pr_phases_5_8_9_10.TestPhase5RelationshipCRM" name="test_get_top_contacts" time="0.116" /><testcase classname="backend.tests.test_digital_pr_phases_5_8_9_10.TestPhase5RelationshipCRM" name="test_interactions_require_auth" time="0.118" /><testcase classname="backend.tests.test_digital_pr_phases_5_8_9_10.TestPhase8PressKitAssets" name="test_get_assets_list" time="0.107" /><testcase classname="backend.tests.test_digital_pr_phases_5_8_9_10.TestPhase8PressKitAssets" name="test_create_asset" time="0.107" /><testcase classname="backend.tests.test_digital_pr_phases_5_8_9_10.TestPhase8PressKitAssets" name="test_create_asset_product_image" time="0.107" /><testcase classname="backend.tests.test_digital_pr_phases_5_8_9_10.TestPhase8PressKitAssets" name="test_assets_require_auth" time="0.121" /><testcase classname="backend.tests.test_digital_pr_phases_5_8_9_10.TestPhase8PressKits" name="test_get_press_kits_list" time="0.111" /><testcase classname="backend.tests.test_digital_pr_phases_5_8_9_10.TestPhase8PressKits" name="test_create_press_kit" time="0.115" /><testcase classname="backend.tests.test_digital_pr_phases_5_8_9_10.TestPhase8PressKits" name="test_create_press_kit_with_assets" time="0.292" /><testcase classname="backend.tests.test_digital_pr_phases_5_8_9_10.TestPhase8PressKits" name="test_press_kits_require_auth" time="0.127" /><testcase classname="backend.tests.test_digital_pr_phases_5_8_9_10.TestPhase9MonitoringAlerts" name="test_get_alerts_list" time="0.149" /><testcase classname="backend.tests.test_digital_pr_phases_5_8_9_10.TestPhase9MonitoringAlerts" name="test_create_alert_brand_mention" time="0.097" /><testcase classname="backend.tests.test_digital_pr_phases_5_8_9_10.TestPhase9MonitoringAlerts" name="test_create_alert_keyword" time="0.139" /><testcase classname="backend.tests.test_digital_pr_phases_5_8_9_10.TestPhase9MonitoringAlerts" name="test_create_alert_competitor" time="0.105" /><testcase classname="backend.tests.test_digital_pr_phases_5_8_9_10.TestPhase9MonitoringAlerts" name="test_get_monitoring_stats" time="0.120" /><testcase classname="backend.tests.test_digital_pr_phases_5_8_9_10.TestPhase9MonitoringAlerts" name="test_alerts_require_auth" time="0.108" /><testcase classname="backend.tests.test_digital_pr_phases_5_8_9_10.TestPhase9Triggers" name="test_get_triggers_list" time="0.098" /><testcase classname="backend.tests.test_digital_pr_phases_5_8_9_10.TestPhase9Triggers" name="test_create_trigger" time="0.238" /><testcase classname="backend.tests.test_digital_pr_phases_5_8_9_10.TestPhase9Triggers" name="test_create_trigger_invalid_alert" time="0.099" /><testcase classname="backend.tests.test_digital_pr_phases_5_8_9_10.TestPhase10Pipeline" name="test_get_pipeline_board" time="0.104" /><testcase classname="backend.tests.test_digital_pr_phases_5_8_9_10.TestPhase10Pipeline" name="test_get_pipeline_stats" time="0.103" /><testcase classname="backend.tests.test_digital_pr_phases_5_8_9_10.TestPhase10Pipeline" name="test_move_contact_stage" time="0.239" /><testcase classname="backend.tests.test_digital_pr_phases_5_8_9_10.TestPhase10Pipeline" name="test_move_contact_invalid_stage" time="0.130" /><testcase classname="backend.tests.test_digital_pr_phases_5_8_9_10.TestPhase10Pipeline" name="test_move_nonexistent_contact" time="0.132" /><testcase classname="backend.tests.test_digital_pr_phases_5_8_9_10.TestPhase10Pipeline" name="test_pipeline_require_auth" time="0.119" /><testcase classname="backend.tests.test_digital_pr_phases_5_8_9_10.TestDataPersistence" name="test_interaction_persists_to_history" time="0.212" /><testcase classname="backend.tests.test_digital_pr_phases_5_8_9_10.TestDataPersistence" name="test_press_kit_asset_count" time="0.227" /></testsuite></testsuites>