<?xml version="1.0" encoding="utf-8"?><testsuites name="pytest tests"><testsuite name="pytest" errors="0" failures="0" skipped="0" tests="23" time="6.615" timestamp="2026-03-07T20:03:09.073709+00:00" hostname="agent-env-decee466-a110-495d-afbf-630aad0be0a0"><testcase classname="backend.tests.test_digital_pr_media_database.TestSecurity" name="test_contacts_requires_auth" time="0.248" /><testcase classname="backend.tests.test_digital_pr_media_database.TestSecurity" name="test_create_contact_requires_auth" time="0.118" /><testcase classname="backend.tests.test_digital_pr_media_database.TestSecurity" name="test_update_contact_requires_auth" time="0.118" /><testcase classname="backend.tests.test_digital_pr_media_database.TestSecurity" name="test_delete_contact_requires_auth" time="0.114" /><testcase classname="backend.tests.test_digital_pr_media_database.TestAuthentication" name="test_marketing_user_login" time="0.390" /><testcase classname="backend.tests.test_digital_pr_media_database.TestAuthentication" name="test_admin_user_login" time="0.342" /><testcase classname="backend.tests.test_digital_pr_media_database.TestAuthentication" name="test_invalid_credentials_rejected" time="0.103" /><testcase classname="backend.tests.test_digital_pr_media_database.TestMediaDatabaseJournalists" name="test_list_contacts_with_journalist_filter" time="0.470" /><testcase classname="backend.tests.test_digital_pr_media_database.TestMediaDatabaseJournalists" name="test_create_journalist_contact_all_fields" time="0.141" /><testcase classname="backend.tests.test_digital_pr_media_database.TestMediaDatabaseJournalists" name="test_get_journalist_by_id" time="0.295" /><testcase classname="backend.tests.test_digital_pr_media_database.TestMediaDatabaseJournalists" name="test_edit_journalist_contact" time="0.356" /><testcase classname="backend.tests.test_digital_pr_media_database.TestMediaDatabaseJournalists" name="test_delete_journalist_contact" time="0.319" /><testcase classname="backend.tests.test_digital_pr_media_database.TestMediaDatabaseSearch" name="test_search_by_name" time="0.840" /><testcase classname="backend.tests.test_digital_pr_media_database.TestMediaDatabaseSearch" name="test_search_by_email" time="0.118" /><testcase classname="backend.tests.test_digital_pr_media_database.TestMediaDatabaseSearch" name="test_search_by_publication" time="0.105" /><testcase classname="backend.tests.test_digital_pr_media_database.TestMediaDatabaseSearch" name="test_filter_by_beat" time="0.230" /><testcase classname="backend.tests.test_digital_pr_media_database.TestMediaDatabaseSearch" name="test_filter_by_status" time="0.147" /><testcase classname="backend.tests.test_digital_pr_media_database.TestPressReleases" name="test_create_press_release" time="0.446" /><testcase classname="backend.tests.test_digital_pr_media_database.TestPressReleases" name="test_list_press_releases" time="0.126" /><testcase classname="backend.tests.test_digital_pr_media_database.TestMediaCoverage" name="test_record_coverage_with_journalist_link" time="0.667" /><testcase classname="backend.tests.test_digital_pr_media_database.TestMediaCoverage" name="test_list_media_coverage" time="0.108" /><testcase classname="backend.tests.test_digital_pr_media_database.TestPRPitches" name="test_create_pitch_to_journalist" time="0.618" /><testcase classname="backend.tests.test_digital_pr_media_database.TestPRPitches" name="test_list_pr_pitches" time="0.133" /></testsuite></testsuites>