<?xml version="1.0" encoding="utf-8"?><testsuites name="pytest tests"><testsuite name="pytest" errors="0" failures="0" skipped="0" tests="22" time="5.238" timestamp="2026-03-09T21:26:07.006372+00:00" hostname="agent-env-decee466-a110-495d-afbf-630aad0be0a0"><testcase classname="backend.tests.test_meetings_phase2.TestMeetingDetailGet" name="test_get_existing_meeting" time="0.598" /><testcase classname="backend.tests.test_meetings_phase2.TestMeetingDetailGet" name="test_get_nonexistent_meeting" time="0.156" /><testcase classname="backend.tests.test_meetings_phase2.TestMeetingStartComplete" name="test_start_meeting" time="0.420" /><testcase classname="backend.tests.test_meetings_phase2.TestMeetingStartComplete" name="test_complete_meeting" time="0.234" /><testcase classname="backend.tests.test_meetings_phase2.TestMeetingStartComplete" name="test_start_nonexistent_meeting" time="0.125" /><testcase classname="backend.tests.test_meetings_phase2.TestDiscussionNotes" name="test_add_note_basic" time="0.110" /><testcase classname="backend.tests.test_meetings_phase2.TestDiscussionNotes" name="test_add_note_with_goal_project" time="0.148" /><testcase classname="backend.tests.test_meetings_phase2.TestDiscussionNotes" name="test_add_note_missing_required_fields" time="0.116" /><testcase classname="backend.tests.test_meetings_phase2.TestDiscussionNotes" name="test_delete_note" time="0.423" /><testcase classname="backend.tests.test_meetings_phase2.TestActionItems" name="test_add_action_item_basic" time="0.179" /><testcase classname="backend.tests.test_meetings_phase2.TestActionItems" name="test_add_action_item_full" time="0.148" /><testcase classname="backend.tests.test_meetings_phase2.TestActionItems" name="test_update_action_item_status" time="0.236" /><testcase classname="backend.tests.test_meetings_phase2.TestActionItems" name="test_update_action_item_to_completed" time="0.369" /><testcase classname="backend.tests.test_meetings_phase2.TestConvertActionItemToTask" name="test_convert_to_task_success" time="0.427" /><testcase classname="backend.tests.test_meetings_phase2.TestConvertActionItemToTask" name="test_convert_already_converted_fails" time="0.239" /><testcase classname="backend.tests.test_meetings_phase2.TestPreviousContext" name="test_get_previous_context" time="0.113" /><testcase classname="backend.tests.test_meetings_phase2.TestPreviousContext" name="test_get_previous_context_nonexistent_meeting" time="0.122" /><testcase classname="backend.tests.test_meetings_phase2.TestMeetingMinutes" name="test_create_manual_minutes" time="0.163" /><testcase classname="backend.tests.test_meetings_phase2.TestMeetingMinutes" name="test_get_meeting_minutes" time="0.112" /><testcase classname="backend.tests.test_meetings_phase2.TestMeetingMinutes" name="test_auto_generate_minutes" time="0.127" /><testcase classname="backend.tests.test_meetings_phase2.TestMeetingDashboard" name="test_get_dashboard_overview" time="0.129" /><testcase classname="backend.tests.test_meetings_phase2.TestCleanup" name="test_cleanup_test_meeting" time="0.482" /></testsuite></testsuites>