<?xml version="1.0" encoding="utf-8"?><testsuites name="pytest tests"><testsuite name="pytest" errors="0" failures="0" skipped="1" tests="17" time="5.777" timestamp="2026-03-13T18:23:54.324824+00:00" hostname="agent-env-decee466-a110-495d-afbf-630aad0be0a0"><testcase classname="backend.tests.test_calendar_sync_features.TestAuthentication" name="test_login_success" time="0.388" /><testcase classname="backend.tests.test_calendar_sync_features.TestMeetingsPATCH" name="test_patch_outlook_event_id" time="0.719" /><testcase classname="backend.tests.test_calendar_sync_features.TestMeetingsPATCH" name="test_patch_google_event_id" time="0.112" /><testcase classname="backend.tests.test_calendar_sync_features.TestMeetingsPATCH" name="test_patch_disallowed_fields_ignored" time="0.127" /><testcase classname="backend.tests.test_calendar_sync_features.TestMeetingsPATCH" name="test_patch_nonexistent_meeting_returns_404" time="0.269" /><testcase classname="backend.tests.test_calendar_sync_features.TestMeetingsListWithDateRange" name="test_list_meetings_returns_list" time="0.557" /><testcase classname="backend.tests.test_calendar_sync_features.TestMeetingsListWithDateRange" name="test_list_meetings_with_date_range" time="0.164" /><testcase classname="backend.tests.test_calendar_sync_features.TestMeetingsListWithDateRange" name="test_calendar_view_endpoint" time="0.156" /><testcase classname="backend.tests.test_calendar_sync_features.TestMarketingCampaignsAPI" name="test_unified_campaigns_returns_list" time="0.490" /><testcase classname="backend.tests.test_calendar_sync_features.TestTasksAPI" name="test_tasks_paginated_returns_data" time="0.463" /><testcase classname="backend.tests.test_calendar_sync_features.TestSourcingFollowUps" name="test_sourcing_follow_ups_endpoint" time="0.747"><skipped type="pytest.skip" message="Follow-ups endpoint not found">/app/backend/tests/test_calendar_sync_features.py:343: Follow-ups endpoint not found</skipped></testcase><testcase classname="backend.tests.test_calendar_sync_features.TestMeetingCreationWithSyncFlag" name="test_create_meeting_with_sync_to_outlook_true" time="0.641" /><testcase classname="backend.tests.test_calendar_sync_features.TestMeetingCreationWithSyncFlag" name="test_create_meeting_with_sync_to_outlook_false" time="0.263" /><testcase classname="backend.tests.test_calendar_sync_features.TestUnauthorizedAccess" name="test_meetings_requires_auth" time="0.138" /><testcase classname="backend.tests.test_calendar_sync_features.TestUnauthorizedAccess" name="test_meetings_patch_requires_auth" time="0.243" /><testcase classname="backend.tests.test_calendar_sync_features.TestUnauthorizedAccess" name="test_tasks_requires_auth" time="0.117" /><testcase classname="backend.tests.test_calendar_sync_features.TestUnauthorizedAccess" name="test_marketing_campaigns_requires_auth" time="0.124" /></testsuite></testsuites>