<?xml version="1.0" encoding="utf-8"?><testsuites name="pytest tests"><testsuite name="pytest" errors="0" failures="0" skipped="1" tests="15" time="16.087" timestamp="2026-03-05T15:51:25.090199+00:00" hostname="agent-env-0567ea9f-6a3a-4714-9698-e387880e2594"><testcase classname="backend.tests.test_backlog_features.TestUserRoles" name="test_get_available_roles" time="0.642" /><testcase classname="backend.tests.test_backlog_features.TestUserRoles" name="test_get_my_permissions" time="0.067" /><testcase classname="backend.tests.test_backlog_features.TestWhatsAppStatus" name="test_whatsapp_status" time="0.151" /><testcase classname="backend.tests.test_backlog_features.TestBackgroundTaskDiscovery" name="test_start_background_discovery" time="0.133" /><testcase classname="backend.tests.test_backlog_features.TestBackgroundTaskDiscovery" name="test_get_task_status" time="13.670" /><testcase classname="backend.tests.test_backlog_features.TestBackgroundTaskDiscovery" name="test_task_status_not_found" time="0.074" /><testcase classname="backend.tests.test_backlog_features.TestScheduledDiscovery" name="test_get_scheduler_status" time="0.076" /><testcase classname="backend.tests.test_backlog_features.TestScheduledDiscovery" name="test_create_scheduled_search" time="0.064" /><testcase classname="backend.tests.test_backlog_features.TestScheduledDiscovery" name="test_scheduler_has_new_job" time="0.069" /><testcase classname="backend.tests.test_backlog_features.TestScheduledDiscovery" name="test_get_scheduled_searches" time="0.100" /><testcase classname="backend.tests.test_backlog_features.TestScheduledDiscovery" name="test_delete_scheduled_search" time="0.180" /><testcase classname="backend.tests.test_backlog_features.TestPermissionChecks" name="test_create_finance_user" time="0.356" /><testcase classname="backend.tests.test_backlog_features.TestPermissionChecks" name="test_finance_cannot_create_influencer" time="0.199"><skipped type="pytest.skip" message="Permission check not enforced on /api/influencers POST">/app/backend/tests/test_backlog_features.py:387: Permission check not enforced on /api/influencers POST</skipped></testcase><testcase classname="backend.tests.test_backlog_features.TestPermissionChecks" name="test_finance_can_read_influencers" time="0.105" /><testcase classname="backend.tests.test_backlog_features.TestSchedulerPersistence" name="test_jobs_are_restored_on_startup" time="0.106" /></testsuite></testsuites>