<?xml version="1.0" encoding="utf-8"?><testsuites name="pytest tests"><testsuite name="pytest" errors="0" failures="0" skipped="0" tests="18" time="6.864" timestamp="2026-03-12T08:56:02.124900+00:00" hostname="agent-env-decee466-a110-495d-afbf-630aad0be0a0"><testcase classname="backend.tests.test_youtube_integration.TestYouTubeIntegration" name="test_youtube_channel_endpoint_exists" time="0.619" /><testcase classname="backend.tests.test_youtube_integration.TestYouTubeIntegration" name="test_youtube_status_endpoint_exists" time="0.437" /><testcase classname="backend.tests.test_youtube_integration.TestYouTubeIntegration" name="test_youtube_status_response_structure" time="0.467" /><testcase classname="backend.tests.test_youtube_integration.TestYouTubeIntegration" name="test_youtube_videos_endpoint_exists" time="0.466" /><testcase classname="backend.tests.test_youtube_integration.TestYouTubeIntegration" name="test_youtube_videos_with_limit" time="0.479" /><testcase classname="backend.tests.test_youtube_integration.TestYouTubeIntegration" name="test_youtube_video_analytics_endpoint_exists" time="0.455" /><testcase classname="backend.tests.test_youtube_integration.TestYouTubeIntegration" name="test_youtube_disconnect_endpoint_exists" time="0.422" /><testcase classname="backend.tests.test_youtube_integration.TestPlatformConnections" name="test_connections_endpoint_exists" time="0.431" /><testcase classname="backend.tests.test_youtube_integration.TestPlatformConnections" name="test_connections_returns_all_five_platforms" time="0.444" /><testcase classname="backend.tests.test_youtube_integration.TestPlatformConnections" name="test_instagram_connection_from_env" time="0.421" /><testcase classname="backend.tests.test_youtube_integration.TestPlatformConnections" name="test_facebook_connection_from_env" time="0.465" /><testcase classname="backend.tests.test_youtube_integration.TestPlatformConnections" name="test_connection_has_required_fields" time="0.454" /><testcase classname="backend.tests.test_youtube_integration.TestPlatformConnections" name="test_available_platforms_returned" time="0.421" /><testcase classname="backend.tests.test_youtube_integration.TestYouTubeAuthError" name="test_youtube_channel_requires_auth" time="0.105" /><testcase classname="backend.tests.test_youtube_integration.TestYouTubeAuthError" name="test_youtube_status_requires_auth" time="0.098" /><testcase classname="backend.tests.test_youtube_integration.TestYouTubeAuthError" name="test_youtube_videos_requires_auth" time="0.102" /><testcase classname="backend.tests.test_youtube_integration.TestYouTubeAuthError" name="test_youtube_disconnect_requires_auth" time="0.096" /><testcase classname="backend.tests.test_youtube_integration.TestYouTubeConnect" name="test_youtube_connect_returns_oauth_url" time="0.432" /></testsuite></testsuites>