<?xml version="1.0" encoding="utf-8"?><testsuites name="pytest tests"><testsuite name="pytest" errors="0" failures="0" skipped="0" tests="13" time="5.937" timestamp="2026-03-09T17:38:49.587780+00:00" hostname="agent-env-decee466-a110-495d-afbf-630aad0be0a0"><testcase classname="backend.tests.test_assigned_by_me_reminders.TestAssignedByMeEndpoint" name="test_assigned_by_me_returns_empty_initially" time="0.664" /><testcase classname="backend.tests.test_assigned_by_me_reminders.TestAssignedByMeEndpoint" name="test_assigned_by_me_shows_delegated_tasks" time="0.965" /><testcase classname="backend.tests.test_assigned_by_me_reminders.TestAssignedByMeEndpoint" name="test_assigned_by_me_excludes_self_assigned" time="0.455" /><testcase classname="backend.tests.test_assigned_by_me_reminders.TestAssignedByMeEndpoint" name="test_assigned_by_me_filters_by_status" time="0.539" /><testcase classname="backend.tests.test_assigned_by_me_reminders.TestRemindersEndpoint" name="test_create_reminder" time="0.224" /><testcase classname="backend.tests.test_assigned_by_me_reminders.TestRemindersEndpoint" name="test_get_reminders" time="0.373" /><testcase classname="backend.tests.test_assigned_by_me_reminders.TestRemindersEndpoint" name="test_get_reminders_by_task" time="0.406" /><testcase classname="backend.tests.test_assigned_by_me_reminders.TestRemindersEndpoint" name="test_delete_reminder" time="0.374" /><testcase classname="backend.tests.test_assigned_by_me_reminders.TestRemindersEndpoint" name="test_delete_nonexistent_reminder" time="0.266" /><testcase classname="backend.tests.test_assigned_by_me_reminders.TestRichTextComments" name="test_create_comment_with_rich_text" time="0.402" /><testcase classname="backend.tests.test_assigned_by_me_reminders.TestRichTextComments" name="test_get_comments_preserves_html" time="0.438" /><testcase classname="backend.tests.test_assigned_by_me_reminders.TestRichTextComments" name="test_task_description_supports_html" time="0.519" /><testcase classname="backend.tests.test_assigned_by_me_reminders.TestMyTasksWithAssignedByMe" name="test_my_tasks_endpoint" time="0.258" /></testsuite></testsuites>