<?xml version="1.0" encoding="utf-8"?><testsuites name="pytest tests"><testsuite name="pytest" errors="0" failures="0" skipped="0" tests="16" time="7.528" timestamp="2026-03-12T10:29:52.150293+00:00" hostname="agent-env-decee466-a110-495d-afbf-630aad0be0a0"><testcase classname="backend.tests.test_content_performance.TestContentPerformanceAuth" name="test_instagram_content_performance_requires_auth" time="0.190" /><testcase classname="backend.tests.test_content_performance.TestContentPerformanceAuth" name="test_youtube_content_performance_requires_auth" time="0.124" /><testcase classname="backend.tests.test_content_performance.TestContentPerformanceAuth" name="test_contact_content_performance_requires_auth" time="0.433" /><testcase classname="backend.tests.test_content_performance.TestInstagramContentPerformance" name="test_instagram_content_performance_shopsevora" time="0.764" /><testcase classname="backend.tests.test_content_performance.TestInstagramContentPerformance" name="test_instagram_content_performance_invalid_user" time="0.325" /><testcase classname="backend.tests.test_content_performance.TestYouTubeContentPerformance" name="test_youtube_content_performance_mrbeast" time="0.729" /><testcase classname="backend.tests.test_content_performance.TestYouTubeContentPerformance" name="test_youtube_content_performance_by_handle" time="0.384" /><testcase classname="backend.tests.test_content_performance.TestYouTubeContentPerformance" name="test_youtube_content_performance_invalid_channel" time="0.262" /><testcase classname="backend.tests.test_content_performance.TestContactContentPerformance" name="test_contact_content_performance" time="1.178" /><testcase classname="backend.tests.test_content_performance.TestContactContentPerformance" name="test_contact_content_performance_no_handles" time="0.360" /><testcase classname="backend.tests.test_content_performance.TestContactContentPerformance" name="test_contact_content_performance_not_found" time="0.107" /><testcase classname="backend.tests.test_content_performance.TestEngagementByContentType" name="test_instagram_engagement_types_structure" time="0.407" /><testcase classname="backend.tests.test_content_performance.TestPostingFrequencyConsistency" name="test_instagram_posting_frequency" time="0.439" /><testcase classname="backend.tests.test_content_performance.TestPostingFrequencyConsistency" name="test_youtube_upload_frequency" time="0.675" /><testcase classname="backend.tests.test_content_performance.TestPeakEngagementTimes" name="test_instagram_peak_times" time="0.402" /><testcase classname="backend.tests.test_content_performance.TestPeakEngagementTimes" name="test_youtube_peak_times" time="0.684" /></testsuite></testsuites>