<?xml version="1.0" encoding="utf-8"?><testsuites name="pytest tests"><testsuite name="pytest" errors="0" failures="0" skipped="0" tests="18" time="5.819" timestamp="2026-03-10T23:48:48.391518+00:00" hostname="agent-env-decee466-a110-495d-afbf-630aad0be0a0"><testcase classname="tests.test_social_workflows_phase1.TestApprovalWorkflows" name="test_get_approval_workflows_list" time="0.216" /><testcase classname="tests.test_social_workflows_phase1.TestApprovalWorkflows" name="test_create_approval_workflow" time="0.164" /><testcase classname="tests.test_social_workflows_phase1.TestApprovalWorkflows" name="test_get_single_approval_workflow" time="0.124" /><testcase classname="tests.test_social_workflows_phase1.TestApprovalWorkflows" name="test_update_approval_workflow" time="0.261" /><testcase classname="tests.test_social_workflows_phase1.TestApprovalWorkflows" name="test_delete_approval_workflow" time="0.248" /><testcase classname="tests.test_social_workflows_phase1.TestApprovalWorkflows" name="test_get_default_workflow" time="0.112" /><testcase classname="tests.test_social_workflows_phase1.TestPostingQueues" name="test_get_posting_queues_list" time="0.128" /><testcase classname="tests.test_social_workflows_phase1.TestPostingQueues" name="test_create_posting_queue" time="0.157" /><testcase classname="tests.test_social_workflows_phase1.TestPostingQueues" name="test_get_single_posting_queue" time="0.116" /><testcase classname="tests.test_social_workflows_phase1.TestPostingQueues" name="test_update_posting_queue" time="0.247" /><testcase classname="tests.test_social_workflows_phase1.TestPostingQueues" name="test_delete_posting_queue" time="0.241" /><testcase classname="tests.test_social_workflows_phase1.TestPostVersionControl" name="test_get_post_versions_empty" time="0.793" /><testcase classname="tests.test_social_workflows_phase1.TestPostVersionControl" name="test_create_post_version" time="0.706" /><testcase classname="tests.test_social_workflows_phase1.TestPostVersionControl" name="test_get_post_versions_after_create" time="0.913" /><testcase classname="tests.test_social_workflows_phase1.TestPostVersionControl" name="test_restore_post_version" time="0.990" /><testcase classname="tests.test_social_workflows_phase1.TestSeedDefaults" name="test_seed_defaults_endpoint" time="0.112" /><testcase classname="tests.test_social_workflows_phase1.TestCleanup" name="test_cleanup_test_workflows" time="0.124" /><testcase classname="tests.test_social_workflows_phase1.TestCleanup" name="test_cleanup_test_queues" time="0.113" /></testsuite></testsuites>