<?xml version="1.0" encoding="utf-8"?><testsuites name="pytest tests"><testsuite name="pytest" errors="0" failures="0" skipped="0" tests="22" time="3.166" timestamp="2026-03-12T09:10:48.748251+00:00" hostname="agent-env-decee466-a110-495d-afbf-630aad0be0a0"><testcase classname="tests.test_token_management.TestGetAllTokensStatus" name="test_get_all_tokens_status_returns_200" time="0.493" /><testcase classname="tests.test_token_management.TestGetAllTokensStatus" name="test_get_all_tokens_status_has_platforms" time="0.108" /><testcase classname="tests.test_token_management.TestGetAllTokensStatus" name="test_get_all_tokens_status_has_summary" time="0.107" /><testcase classname="tests.test_token_management.TestGetAllTokensStatus" name="test_linkedin_has_token_expiry_info" time="0.102" /><testcase classname="tests.test_token_management.TestGetAllTokensStatus" name="test_meta_platforms_can_refresh" time="0.133" /><testcase classname="tests.test_token_management.TestGetAllTokensStatus" name="test_non_meta_platforms_cannot_refresh" time="0.100" /><testcase classname="tests.test_token_management.TestGetPlatformTokenStatus" name="test_linkedin_token_status" time="0.098" /><testcase classname="tests.test_token_management.TestGetPlatformTokenStatus" name="test_instagram_token_status" time="0.136" /><testcase classname="tests.test_token_management.TestGetPlatformTokenStatus" name="test_disconnected_platform_status" time="0.107" /><testcase classname="tests.test_token_management.TestTokenRefresh" name="test_instagram_refresh_fails_gracefully_without_credentials" time="0.099" /><testcase classname="tests.test_token_management.TestTokenRefresh" name="test_facebook_refresh_fails_gracefully_without_credentials" time="0.102" /><testcase classname="tests.test_token_management.TestTokenRefresh" name="test_twitter_refresh_not_supported" time="0.101" /><testcase classname="tests.test_token_management.TestTokenRefresh" name="test_linkedin_refresh_not_supported" time="0.101" /><testcase classname="tests.test_token_management.TestTokenRefresh" name="test_youtube_refresh_not_supported" time="0.113" /><testcase classname="tests.test_token_management.TestTokenValidate" name="test_instagram_validate_returns_response" time="0.364" /><testcase classname="tests.test_token_management.TestTokenValidate" name="test_linkedin_validate_returns_response" time="0.186" /><testcase classname="tests.test_token_management.TestTokenValidate" name="test_twitter_validate_no_token_error" time="0.176" /><testcase classname="tests.test_token_management.TestAuthRequired" name="test_tokens_status_requires_auth" time="0.097" /><testcase classname="tests.test_token_management.TestAuthRequired" name="test_platform_token_status_requires_auth" time="0.096" /><testcase classname="tests.test_token_management.TestAuthRequired" name="test_token_refresh_requires_auth" time="0.096" /><testcase classname="tests.test_token_management.TestAuthRequired" name="test_token_validate_requires_auth" time="0.097" /><testcase classname="tests.test_token_management.TestWarningLevels" name="test_linkedin_warning_level_ok" time="0.097" /></testsuite></testsuites>