<?xml version="1.0" encoding="utf-8"?><testsuites name="pytest tests"><testsuite name="pytest" errors="0" failures="0" skipped="0" tests="14" time="2.119" timestamp="2026-03-12T00:22:45.073185+00:00" hostname="agent-env-decee466-a110-495d-afbf-630aad0be0a0"><testcase classname="backend.tests.test_vms_work_request_workflow.TestWorkRequestWorkflow" name="test_01_create_work_request_without_vendor" time="0.493" /><testcase classname="backend.tests.test_vms_work_request_workflow.TestWorkRequestWorkflow" name="test_02_add_proposal_with_vendor" time="0.124" /><testcase classname="backend.tests.test_vms_work_request_workflow.TestWorkRequestWorkflow" name="test_03_verify_proposals_endpoint" time="0.093" /><testcase classname="backend.tests.test_vms_work_request_workflow.TestWorkRequestWorkflow" name="test_04_select_proposal_sets_vendor" time="0.127" /><testcase classname="backend.tests.test_vms_work_request_workflow.TestWorkRequestWorkflow" name="test_05_submit_for_approval" time="0.122" /><testcase classname="backend.tests.test_vms_work_request_workflow.TestWorkRequestWorkflow" name="test_06_approve_request" time="0.298" /><testcase classname="backend.tests.test_vms_work_request_workflow.TestWorkRequestWorkflow" name="test_07_convert_to_work_order" time="0.114" /><testcase classname="backend.tests.test_vms_work_request_workflow.TestWorkRequestWorkflow" name="test_08_cannot_convert_again" time="0.059" /><testcase classname="backend.tests.test_vms_work_request_workflow.TestConvertToOrderValidation" name="test_cannot_convert_without_vendor" time="0.121" /><testcase classname="backend.tests.test_vms_work_request_workflow.TestConvertToOrderValidation" name="test_cannot_convert_unapproved_request" time="0.277" /><testcase classname="backend.tests.test_vms_work_request_workflow.TestListWorkRequests" name="test_list_all_requests" time="0.059" /><testcase classname="backend.tests.test_vms_work_request_workflow.TestListWorkRequests" name="test_filter_by_status" time="0.059" /><testcase classname="backend.tests.test_vms_work_request_workflow.TestListWorkRequests" name="test_filter_by_department" time="0.059" /><testcase classname="backend.tests.test_vms_work_request_workflow.TestWorkOrdersEndpoint" name="test_list_work_orders" time="0.061" /></testsuite></testsuites>