<?xml version="1.0" encoding="utf-8"?><testsuites name="pytest tests"><testsuite name="pytest" errors="0" failures="0" skipped="0" tests="13" time="6.637" timestamp="2026-03-29T16:09:39.229475+00:00" hostname="agent-env-decee466-a110-495d-afbf-630aad0be0a0"><testcase classname="backend.tests.test_sprint_review_features.TestSprintReviewFeatures" name="test_get_all_users_for_stakeholders" time="0.543" /><testcase classname="backend.tests.test_sprint_review_features.TestSprintReviewFeatures" name="test_get_sprint_reviews" time="0.382" /><testcase classname="backend.tests.test_sprint_review_features.TestSprintReviewFeatures" name="test_sprint_review_detail_structure" time="0.384" /><testcase classname="backend.tests.test_sprint_review_features.TestSprintReviewFeatures" name="test_invite_stakeholders_endpoint_exists" time="0.523" /><testcase classname="backend.tests.test_sprint_review_features.TestSprintReviewFeatures" name="test_mark_as_reviewed_endpoint" time="0.473" /><testcase classname="backend.tests.test_sprint_review_features.TestSprintReviewFeatures" name="test_get_pending_tasks_for_sprint" time="0.527" /><testcase classname="backend.tests.test_sprint_review_features.TestSprintReviewFeatures" name="test_close_sprint_endpoint" time="0.531" /><testcase classname="backend.tests.test_sprint_review_features.TestSprintReviewFeatures" name="test_task_status_update" time="0.612" /><testcase classname="backend.tests.test_sprint_review_features.TestSprintReviewFeatures" name="test_bulk_task_update" time="0.594" /><testcase classname="backend.tests.test_sprint_review_features.TestSprintReviewFeatures" name="test_tasks_have_due_dates_for_calendar" time="0.503" /><testcase classname="backend.tests.test_sprint_review_features.TestSprintReviewFeatures" name="test_sprint_has_start_date" time="0.546" /><testcase classname="backend.tests.test_sprint_review_features.TestProjectsAndTasks" name="test_get_project_tasks" time="0.473" /><testcase classname="backend.tests.test_sprint_review_features.TestProjectsAndTasks" name="test_get_project_sprints" time="0.501" /></testsuite></testsuites>