<?xml version="1.0" encoding="utf-8"?><testsuites name="pytest tests"><testsuite name="pytest" errors="0" failures="0" skipped="0" tests="6" time="1.235" timestamp="2026-03-08T08:55:35.944493+00:00" hostname="agent-env-decee466-a110-495d-afbf-630aad0be0a0"><testcase classname="backend.tests.test_campaign_add_influencer_deliverable.TestContactDeliverables" name="test_get_contact_deliverables" time="0.459" /><testcase classname="backend.tests.test_campaign_add_influencer_deliverable.TestAddInfluencerWithDeliverable" name="test_remove_influencer_first" time="0.142" /><testcase classname="backend.tests.test_campaign_add_influencer_deliverable.TestAddInfluencerWithDeliverable" name="test_add_influencer_with_deliverable_and_fee" time="0.142" /><testcase classname="backend.tests.test_campaign_add_influencer_deliverable.TestAddInfluencerWithDeliverable" name="test_verify_contact_updated_with_campaign_info" time="0.129" /><testcase classname="backend.tests.test_campaign_add_influencer_deliverable.TestAddInfluencerWithDeliverable" name="test_campaign_detail_shows_deliverable_info" time="0.098" /><testcase classname="backend.tests.test_campaign_add_influencer_deliverable.TestUpdateExistingInfluencer" name="test_update_deliverable_and_fee" time="0.250" /></testsuite></testsuites>