<?xml version="1.0" encoding="utf-8"?><testsuites name="pytest tests"><testsuite name="pytest" errors="0" failures="0" skipped="0" tests="30" time="8.534" timestamp="2026-03-11T06:27:09.249332+00:00" hostname="agent-env-decee466-a110-495d-afbf-630aad0be0a0"><testcase classname="backend.tests.test_social_webhooks.TestSocialWebhooksAuth" name="test_get_webhook_config" time="0.570" /><testcase classname="backend.tests.test_social_webhooks.TestSocialWebhooksAuth" name="test_get_webhook_events_list" time="0.479" /><testcase classname="backend.tests.test_social_webhooks.TestSocialWebhooksAuth" name="test_get_engagement_summary" time="0.438" /><testcase classname="backend.tests.test_social_webhooks.TestSocialWebhooksAuth" name="test_get_engagement_summary_with_period" time="0.490" /><testcase classname="backend.tests.test_social_webhooks.TestSocialWebhooksAuth" name="test_get_engagement_summary_with_platform_filter" time="0.433" /><testcase classname="backend.tests.test_social_webhooks.TestSocialWebhooksAuth" name="test_get_post_engagement" time="0.489" /><testcase classname="backend.tests.test_social_webhooks.TestWebhookVerification" name="test_verify_linkedin_webhook" time="0.105" /><testcase classname="backend.tests.test_social_webhooks.TestWebhookVerification" name="test_verify_twitter_webhook" time="0.107" /><testcase classname="backend.tests.test_social_webhooks.TestWebhookVerification" name="test_verify_instagram_webhook" time="0.142" /><testcase classname="backend.tests.test_social_webhooks.TestWebhookVerification" name="test_verify_facebook_webhook" time="0.110" /><testcase classname="backend.tests.test_social_webhooks.TestWebhookVerification" name="test_verify_youtube_webhook" time="0.099" /><testcase classname="backend.tests.test_social_webhooks.TestWebhookVerification" name="test_verify_instagram_invalid_token" time="0.109" /><testcase classname="backend.tests.test_social_webhooks.TestWebhookEventReceivers" name="test_receive_linkedin_event" time="0.107" /><testcase classname="backend.tests.test_social_webhooks.TestWebhookEventReceivers" name="test_receive_twitter_event" time="0.104" /><testcase classname="backend.tests.test_social_webhooks.TestWebhookEventReceivers" name="test_receive_instagram_event" time="0.113" /><testcase classname="backend.tests.test_social_webhooks.TestWebhookEventReceivers" name="test_receive_facebook_event" time="0.107" /><testcase classname="backend.tests.test_social_webhooks.TestWebhookEventReceivers" name="test_receive_youtube_event" time="0.103" /><testcase classname="backend.tests.test_social_webhooks.TestSimulateWebhookEvents" name="test_simulate_linkedin_like" time="0.434" /><testcase classname="backend.tests.test_social_webhooks.TestSimulateWebhookEvents" name="test_simulate_twitter_comment" time="0.440" /><testcase classname="backend.tests.test_social_webhooks.TestSimulateWebhookEvents" name="test_simulate_instagram_share" time="0.445" /><testcase classname="backend.tests.test_social_webhooks.TestSimulateWebhookEvents" name="test_simulate_facebook_follower" time="0.439" /><testcase classname="backend.tests.test_social_webhooks.TestSimulateWebhookEvents" name="test_simulate_youtube_mention" time="0.428" /><testcase classname="backend.tests.test_social_webhooks.TestSimulateWebhookEvents" name="test_simulate_invalid_platform" time="0.430" /><testcase classname="backend.tests.test_social_webhooks.TestWebhookEventsListFilters" name="test_get_events_with_platform_filter" time="0.450" /><testcase classname="backend.tests.test_social_webhooks.TestWebhookEventsListFilters" name="test_get_events_with_event_type_filter" time="0.444" /><testcase classname="backend.tests.test_social_webhooks.TestWebhookEventsListFilters" name="test_get_events_with_limit" time="0.424" /><testcase classname="backend.tests.test_social_webhooks.TestAuthenticationRequired" name="test_config_requires_auth" time="0.124" /><testcase classname="backend.tests.test_social_webhooks.TestAuthenticationRequired" name="test_events_list_requires_auth" time="0.101" /><testcase classname="backend.tests.test_social_webhooks.TestAuthenticationRequired" name="test_engagement_summary_requires_auth" time="0.106" /><testcase classname="backend.tests.test_social_webhooks.TestAuthenticationRequired" name="test_simulate_event_requires_auth" time="0.103" /></testsuite></testsuites>